#
# A fatal error has been detected by the Java Runtime Environment:
#
#  EXCEPTION_ACCESS_VIOLATION (0xc0000005) at pc=0x00007ffde8641b41, pid=9360, tid=7924
#
# JRE version: OpenJDK Runtime Environment (15.0+36) (build 15+36-1562)
# Java VM: OpenJDK 64-Bit Server VM (15+36-1562, mixed mode, sharing, tiered, compressed oops, g1 gc, windows-amd64)
# Problematic frame:
# V  [jvm.dll+0x181b41]
#
# No core dump will be written. Minidumps are not enabled by default on client versions of Windows
#
# If you would like to submit a bug report, please visit:
#   https://bugreport.java.com/bugreport/crash.jsp
#

---------------  S U M M A R Y ------------

Command Line: --add-opens=java.base/java.util=ALL-UNNAMED --add-opens=java.base/java.lang=ALL-UNNAMED --add-opens=java.base/java.lang.invoke=ALL-UNNAMED --add-opens=java.base/java.util=ALL-UNNAMED --add-opens=java.prefs/java.util.prefs=ALL-UNNAMED --add-opens=java.prefs/java.util.prefs=ALL-UNNAMED --add-opens=java.base/java.nio.charset=ALL-UNNAMED --add-opens=java.base/java.net=ALL-UNNAMED --add-opens=java.base/java.util.concurrent.atomic=ALL-UNNAMED -Xmx2048m -Dfile.encoding=UTF-8 -Duser.country=US -Duser.language=en -Duser.variant org.gradle.launcher.daemon.bootstrap.GradleDaemon 7.2

Host: Intel(R) Core(TM) i5-6198DU CPU @ 2.30GHz, 4 cores, 7G,  Windows 10 , 64 bit Build 19041 (10.0.19041.1503)
Time: Tue Feb 22 21:58:27 2022 SE Asia Standard Time elapsed time: 260.628907 seconds (0d 0h 4m 20s)

---------------  T H R E A D  ---------------

Current thread (0x000002ece1671af0):  ConcurrentGCThread "G1 Conc#0" [stack: 0x000000ff8ea00000,0x000000ff8eb00000] [id=7924]

Stack: [0x000000ff8ea00000,0x000000ff8eb00000],  sp=0x000000ff8eaff568,  free space=1021k
Native frames: (J=compiled Java code, j=interpreted, Vv=VM code, C=native code)
V  [jvm.dll+0x181b41]


siginfo: EXCEPTION_ACCESS_VIOLATION (0xc0000005), reading address 0x00000000000000f0


Register to memory mapping:

RIP=0x00007ffde8641b41 jvm.dll
RAX=0x0 is NULL
RBX=0x8024500122802450 is an unknown value
RCX=0x0000000800000000 is pointing into metadata
RDX=0x00000000851606f0 is pointing into object: java.lang.String 
{0x00000000851606e8} - klass: 'java/lang/String'
RSP=0x000000ff8eaff568 points into unknown readable memory: 0x00007ffde87600b2 | b2 00 76 e8 fd 7f 00 00
RBP=0x000002ece1660020 points into unknown readable memory: 0x000002ece1671230 | 30 12 67 e1 ec 02 00 00
RSI=0x0000000040000001 is an unknown value
RDI=0x00000000851606f0 is pointing into object: java.lang.String 
{0x00000000851606e8} - klass: 'java/lang/String'
R8 =0x0 is NULL
R9 =0x0000000800000000 is pointing into metadata
R10=0x0000000000000087 is an unknown value
R11=0x346dc5d63886594b is an unknown value
R12=0x0 is NULL
R13=0x0000000000000001 is an unknown value
R14=0x000002ecfd395818 points into unknown readable memory: 0x8024500162802450 | 50 24 80 62 01 50 24 80
R15=0x0 is NULL


Registers:
RAX=0x0000000000000000, RBX=0x8024500122802450, RCX=0x0000000800000000, RDX=0x00000000851606f0
RSP=0x000000ff8eaff568, RBP=0x000002ece1660020, RSI=0x0000000040000001, RDI=0x00000000851606f0
R8 =0x0000000000000000, R9 =0x0000000800000000, R10=0x0000000000000087, R11=0x346dc5d63886594b
R12=0x0000000000000000, R13=0x0000000000000001, R14=0x000002ecfd395818, R15=0x0000000000000000
RIP=0x00007ffde8641b41, EFLAGS=0x0000000000010246

Top of Stack: (sp=0x000000ff8eaff568)
0x000000ff8eaff568:   00007ffde87600b2 0000000000000002
0x000000ff8eaff578:   00007ffde87600b2 00000000871607d8
0x000000ff8eaff588:   00000000015e79ae 0000000087160ba8
0x000000ff8eaff598:   00000000851606f0 000000ff8eaff750
0x000000ff8eaff5a8:   00007ffde875fcff 000002ece1676eb0
0x000000ff8eaff5b8:   000000080004ecb8 000000080004ecc0
0x000000ff8eaff5c8:   0000000000000000 0000000087160bfc
0x000000ff8eaff5d8:   00007ffde875de7d 0000000087160bcc
0x000000ff8eaff5e8:   000000ff8eaff750 0000000087160ba8
0x000000ff8eaff5f8:   000000ff8eaff750 000000ff8eaff710
0x000000ff8eaff608:   0000000000000000 0000000087160ba8
0x000000ff8eaff618:   00007ffde875dba1 000000080004e878
0x000000ff8eaff628:   000000000000000b 000000ff8eaff750
0x000000ff8eaff638:   00000000871607d8 000002ece1676eb0
0x000000ff8eaff648:   00007ffde8774c4e 0000000087160ba8
0x000000ff8eaff658:   000002ece1660070 000000ff8eaff710 

Instructions: (pc=0x00007ffde8641b41)
0x00007ffde8641a41:   74 32 0f 10 83 70 03 00 00 48 8b 07 48 8d 54 24
0x00007ffde8641a51:   20 48 8b cf 0f 29 44 24 20 ff 50 40 33 c0 48 89
0x00007ffde8641a61:   44 24 20 48 89 44 24 28 0f 10 44 24 20 0f 11 83
0x00007ffde8641a71:   70 03 00 00 48 8b 5c 24 40 48 83 c4 30 5f c3 48
0x00007ffde8641a81:   8b 49 40 48 8b 01 48 ff 60 28 cc cc cc cc cc 80
0x00007ffde8641a91:   3d 0a f5 8f 00 00 48 8b c1 74 1b 8b 51 08 8b 0d
0x00007ffde8641aa1:   7b 7f 87 00 48 d3 e2 48 8b c8 48 03 15 66 7f 87
0x00007ffde8641ab1:   00 e9 19 00 00 00 48 8b 51 08 48 8b c8 e9 0d 00
0x00007ffde8641ac1:   00 00 cc cc cc cc cc cc cc cc cc cc cc cc cc 4c
0x00007ffde8641ad1:   8b ca 48 8b d1 45 8b 41 08 45 85 c0 7e 0e 41 f6
0x00007ffde8641ae1:   c0 01 75 56 41 c1 f8 03 41 8b c0 c3 79 4c 80 3d
0x00007ffde8641af1:   ab f4 8f 00 00 b8 0c 00 00 00 b9 10 00 00 00 0f
0x00007ffde8641b01:   45 c8 8b 05 eb 8e 87 00 ff c8 4c 63 c8 48 63 14
0x00007ffde8641b11:   11 41 8b c8 83 e1 3f 48 d3 e2 41 8b c8 48 c1 f9
0x00007ffde8641b21:   10 0f b6 c1 49 8d 0c 11 49 f7 d1 48 03 c1 49 c1
0x00007ffde8641b31:   e9 03 48 c1 e8 03 41 23 c1 c3 49 8b 01 49 8b c9
0x00007ffde8641b41:   48 ff a0 f0 00 00 00 cc cc cc cc cc cc cc cc 48
0x00007ffde8641b51:   83 ec 38 0f 10 02 48 8b 49 40 48 8d 54 24 20 0f
0x00007ffde8641b61:   29 44 24 20 e8 16 f3 ff ff 48 83 c4 38 c3 cc 48
0x00007ffde8641b71:   83 ec 38 0f 10 02 48 8b 01 48 8d 54 24 20 0f 29
0x00007ffde8641b81:   44 24 20 ff 50 38 48 83 c4 38 c3 cc cc cc cc 48
0x00007ffde8641b91:   89 5c 24 08 55 56 57 41 54 41 55 41 56 41 57 48
0x00007ffde8641ba1:   8d 6c 24 e0 48 81 ec 20 01 00 00 48 8b 05 25 c2
0x00007ffde8641bb1:   8a 00 48 33 c4 48 89 45 10 48 8b 05 5f fe 8c 00
0x00007ffde8641bc1:   45 33 ed 4c 8b b5 80 00 00 00 4c 8b fa 48 8b bd
0x00007ffde8641bd1:   88 00 00 00 4d 8b c6 49 8b d6 49 8b f1 48 8b 48
0x00007ffde8641be1:   40 48 8b 59 48 49 8b cf c7 45 c0 ff ff ff ff 44
0x00007ffde8641bf1:   89 6d d4 4c 89 6d d8 44 88 6d e0 c7 45 e8 ff ff
0x00007ffde8641c01:   ff ff 44 89 6d fc 4c 89 6d 00 44 88 6d 08 e8 ac
0x00007ffde8641c11:   d2 f4 ff 41 b1 01 4c 8d 45 e8 41 8d 55 04 49 8b
0x00007ffde8641c21:   cf e8 69 3e f3 ff 48 8b 05 12 60 75 00 4c 8d 25
0x00007ffde8641c31:   f3 8d 65 00 48 89 44 24 30 4c 8d 44 24 70 0f b6 


Stack slot to memory mapping:
stack at sp + 0 slots: 0x00007ffde87600b2 jvm.dll
stack at sp + 1 slots: 0x0000000000000002 is an unknown value
stack at sp + 2 slots: 0x00007ffde87600b2 jvm.dll
stack at sp + 3 slots: 0x00000000871607d8 is an oop: java.lang.ref.SoftReference 
{0x00000000871607d8} - klass: 'java/lang/ref/SoftReference'
stack at sp + 4 slots: 0x00000000015e79ae is an unknown value
stack at sp + 5 slots: 0x0000000087160ba8 is an oop: java.lang.reflect.Method 
{0x0000000087160ba8} - klass: 'java/lang/reflect/Method'
stack at sp + 6 slots: 0x00000000851606f0 is pointing into object: java.lang.String 
{0x00000000851606e8} - klass: 'java/lang/String'
stack at sp + 7 slots: 0x000000ff8eaff750 points into unknown readable memory: 0x00007ffde8d43b98 | 98 3b d4 e8 fd 7f 00 00


---------------  P R O C E S S  ---------------

Threads class SMR info:
_java_thread_list=0x000002ec841bbcd0, length=81, elements={
0x000002ece1621cb0, 0x000002ecff859dc0, 0x000002ecff85a8a0, 0x000002ecff879610,
0x000002ecff879fd0, 0x000002ecff87a990, 0x000002ecff87b730, 0x000002ecff8818b0,
0x000002ecff889d20, 0x000002ecffab5cc0, 0x000002ecffabb960, 0x000002ec8471c7b0,
0x000002ec83b755f0, 0x000002ec84760880, 0x000002ec843c4410, 0x000002ec843c1d90,
0x000002ec843c0a50, 0x000002ec858ba780, 0x000002ec858be140, 0x000002ec858bfe20,
0x000002ec858bd7a0, 0x000002ec858bf950, 0x000002ec858bac50, 0x000002ec858beae0,
0x000002ec858bc460, 0x000002ec88375300, 0x000002ec8aa04a90, 0x000002ec8909c420,
0x000002ec89098a60, 0x000002ec8909eaa0, 0x000002ec8909ac10, 0x000002ec8909ef70,
0x000002ec89098f30, 0x000002ec89097720, 0x000002ec89097bf0, 0x000002ec8321e980,
0x000002ec89099400, 0x000002ec890998d0, 0x000002ec89099da0, 0x000002ec8909a740,
0x000002ec8909b0e0, 0x000002ec84bf26e0, 0x000002ec84bf6a40, 0x000002ec84bf0530,
0x000002ec84bf2bb0, 0x000002ec84bf3080, 0x000002ec84bf43c0, 0x000002ec84bf0a00,
0x000002ec84bf0ed0, 0x000002ec84bf1d40, 0x000002ec84bf2210, 0x000002ec84bf4d60,
0x000002ec84bf3550, 0x000002ec84bf5700, 0x000002ec84bf3a20, 0x000002ec84bf5bd0,
0x000002ec84bf3ef0, 0x000002ec84bf60a0, 0x000002ec84bf6570, 0x000002ec84bf73e0,
0x000002ec84bf78b0, 0x000002ec84bf0060, 0x000002ec88379660, 0x000002ec8837ae70,
0x000002ec88379190, 0x000002ec88376b10, 0x000002ec88379b30, 0x000002ec8837b340,
0x000002ec88375ca0, 0x000002ec8837bce0, 0x000002ec88377980, 0x000002ec8837b810,
0x000002ec88376170, 0x000002ec88376640, 0x000002ec883787f0, 0x000002ec88374490,
0x000002ec88378320, 0x000002ec88376fe0, 0x000002ec88378cc0, 0x000002ec883774b0,
0x000002ec88377e50
}

Java Threads: ( => current thread )
  0x000002ece1621cb0 JavaThread "main" [_thread_blocked, id=12588, stack(0x000000ff8e700000,0x000000ff8e800000)]
  0x000002ecff859dc0 JavaThread "Reference Handler" daemon [_thread_blocked, id=3820, stack(0x000000ff8ee00000,0x000000ff8ef00000)]
  0x000002ecff85a8a0 JavaThread "Finalizer" daemon [_thread_blocked, id=1632, stack(0x000000ff8ef00000,0x000000ff8f000000)]
  0x000002ecff879610 JavaThread "Signal Dispatcher" daemon [_thread_blocked, id=12104, stack(0x000000ff8f000000,0x000000ff8f100000)]
  0x000002ecff879fd0 JavaThread "Attach Listener" daemon [_thread_blocked, id=7944, stack(0x000000ff8f100000,0x000000ff8f200000)]
  0x000002ecff87a990 JavaThread "Service Thread" daemon [_thread_blocked, id=8992, stack(0x000000ff8f200000,0x000000ff8f300000)]
  0x000002ecff87b730 JavaThread "C2 CompilerThread0" daemon [_thread_in_native, id=14964, stack(0x000000ff8f300000,0x000000ff8f400000)]
  0x000002ecff8818b0 JavaThread "C1 CompilerThread0" daemon [_thread_blocked, id=13072, stack(0x000000ff8f400000,0x000000ff8f500000)]
  0x000002ecff889d20 JavaThread "Sweeper thread" daemon [_thread_blocked, id=1512, stack(0x000000ff8f500000,0x000000ff8f600000)]
  0x000002ecffab5cc0 JavaThread "Common-Cleaner" daemon [_thread_blocked, id=16052, stack(0x000000ff8f600000,0x000000ff8f700000)]
  0x000002ecffabb960 JavaThread "Notification Thread" daemon [_thread_blocked, id=1344, stack(0x000000ff8f700000,0x000000ff8f800000)]
  0x000002ec8471c7b0 JavaThread "Daemon health stats" [_thread_blocked, id=1884, stack(0x000000ff8fc00000,0x000000ff8fd00000)]
  0x000002ec83b755f0 JavaThread "Incoming local TCP Connector on port 50030" [_thread_in_native, id=7296, stack(0x000000ff8fd00000,0x000000ff8fe00000)]
  0x000002ec84760880 JavaThread "Daemon periodic checks" [_thread_blocked, id=9112, stack(0x000000ff8fe00000,0x000000ff8ff00000)]
  0x000002ec843c4410 JavaThread "Cache worker for journal cache (C:\Users\Suyatna\.gradle\caches\journal-1)" [_thread_in_Java, id=10096, stack(0x000000ff8f900000,0x000000ff8fa00000)]
  0x000002ec843c1d90 JavaThread "File lock request listener" [_thread_in_native, id=7756, stack(0x000000ff90600000,0x000000ff90700000)]
  0x000002ec843c0a50 JavaThread "Cache worker for file hash cache (C:\Users\Suyatna\.gradle\caches\7.2\fileHashes)" [_thread_blocked, id=1244, stack(0x000000ff90700000,0x000000ff90800000)]
  0x000002ec858ba780 JavaThread "File watcher server" daemon [_thread_in_native, id=8252, stack(0x000000ff90b00000,0x000000ff90c00000)]
  0x000002ec858be140 JavaThread "File watcher consumer" daemon [_thread_blocked, id=10276, stack(0x000000ff90c00000,0x000000ff90d00000)]
  0x000002ec858bfe20 JavaThread "jar transforms" [_thread_blocked, id=16060, stack(0x000000ff90d00000,0x000000ff90e00000)]
  0x000002ec858bd7a0 JavaThread "jar transforms Thread 2" [_thread_blocked, id=4336, stack(0x000000ff90e00000,0x000000ff90f00000)]
  0x000002ec858bf950 JavaThread "jar transforms Thread 3" [_thread_blocked, id=1232, stack(0x000000ff90f00000,0x000000ff91000000)]
  0x000002ec858bac50 JavaThread "jar transforms Thread 4" [_thread_blocked, id=9200, stack(0x000000ff91000000,0x000000ff91100000)]
  0x000002ec858beae0 JavaThread "Cache worker for execution history cache (C:\Users\Suyatna\.gradle\caches\7.2\executionHistory)" [_thread_blocked, id=16280, stack(0x000000ff91500000,0x000000ff91600000)]
  0x000002ec858bc460 JavaThread "Cache worker for file content cache (C:\Users\Suyatna\.gradle\caches\7.2\fileContent)" [_thread_blocked, id=5832, stack(0x000000ff91600000,0x000000ff91700000)]
  0x000002ec88375300 JavaThread "Memory manager" [_thread_blocked, id=7552, stack(0x000000ff94100000,0x000000ff94200000)]
  0x000002ec8aa04a90 JavaThread "pool-3-thread-1" [_thread_blocked, id=3068, stack(0x000000ff94300000,0x000000ff94400000)]
  0x000002ec8909c420 JavaThread "Daemon Thread 2" [_thread_blocked, id=13440, stack(0x000000ff8e400000,0x000000ff8e500000)]
  0x000002ec89098a60 JavaThread "Handler for socket connection from /127.0.0.1:50030 to /127.0.0.1:50287" [_thread_in_native, id=1508, stack(0x000000ff8e500000,0x000000ff8e600000)]
  0x000002ec8909eaa0 JavaThread "Cancel handler" [_thread_blocked, id=11944, stack(0x000000ff8e600000,0x000000ff8e700000)]
  0x000002ec8909ac10 JavaThread "Daemon worker Thread 2" [_thread_in_vm, id=10600, stack(0x000000ff8ff00000,0x000000ff90000000)]
  0x000002ec8909ef70 JavaThread "Asynchronous log dispatcher for DefaultDaemonConnection: socket connection from /127.0.0.1:50030 to /127.0.0.1:50287" [_thread_blocked, id=13232, stack(0x000000ff90000000,0x000000ff90100000)]
  0x000002ec89098f30 JavaThread "Stdin handler" [_thread_blocked, id=14016, stack(0x000000ff90100000,0x000000ff90200000)]
  0x000002ec89097720 JavaThread "Daemon client event forwarder" [_thread_blocked, id=13700, stack(0x000000ff90200000,0x000000ff90300000)]
  0x000002ec89097bf0 JavaThread "Cache worker for file hash cache (E:\Projects_Android_Kotlin\PlaceBook\.gradle\7.2\fileHashes)" [_thread_blocked, id=16252, stack(0x000000ff90300000,0x000000ff90400000)]
  0x000002ec8321e980 JavaThread "C2 CompilerThread1" daemon [_thread_in_native, id=2488, stack(0x000000ff90400000,0x000000ff90500000)]
  0x000002ec89099400 JavaThread "Cache worker for checksums cache (E:\Projects_Android_Kotlin\PlaceBook\.gradle\checksums)" [_thread_blocked, id=12172, stack(0x000000ff90500000,0x000000ff90600000)]
  0x000002ec890998d0 JavaThread "Cache worker for cache directory md-supplier (C:\Users\Suyatna\.gradle\caches\7.2\md-supplier)" [_thread_blocked, id=7028, stack(0x000000ff90800000,0x000000ff90900000)]
  0x000002ec89099da0 JavaThread "Cache worker for cache directory md-rule (C:\Users\Suyatna\.gradle\caches\7.2\md-rule)" [_thread_blocked, id=8248, stack(0x000000ff90900000,0x000000ff90a00000)]
  0x000002ec8909a740 JavaThread "Cache worker for dependencies-accessors (E:\Projects_Android_Kotlin\PlaceBook\.gradle\7.2\dependencies-accessors)" [_thread_blocked, id=5460, stack(0x000000ff91100000,0x000000ff91200000)]
  0x000002ec8909b0e0 JavaThread "Cache worker for Build Output Cleanup Cache (E:\Projects_Android_Kotlin\PlaceBook\.gradle\buildOutputCleanup)" [_thread_blocked, id=15980, stack(0x000000ff91200000,0x000000ff91300000)]
  0x000002ec84bf26e0 JavaThread "Unconstrained build operations" [_thread_blocked, id=13816, stack(0x000000ff91400000,0x000000ff91500000)]
  0x000002ec84bf6a40 JavaThread "Unconstrained build operations Thread 2" [_thread_blocked, id=15652, stack(0x000000ff91700000,0x000000ff91800000)]
  0x000002ec84bf0530 JavaThread "Unconstrained build operations Thread 3" [_thread_blocked, id=14500, stack(0x000000ff91800000,0x000000ff91900000)]
  0x000002ec84bf2bb0 JavaThread "Unconstrained build operations Thread 4" [_thread_blocked, id=8136, stack(0x000000ff91900000,0x000000ff91a00000)]
  0x000002ec84bf3080 JavaThread "Unconstrained build operations Thread 5" [_thread_blocked, id=11692, stack(0x000000ff91a00000,0x000000ff91b00000)]
  0x000002ec84bf43c0 JavaThread "Unconstrained build operations Thread 6" [_thread_blocked, id=12564, stack(0x000000ff91b00000,0x000000ff91c00000)]
  0x000002ec84bf0a00 JavaThread "Unconstrained build operations Thread 7" [_thread_blocked, id=8376, stack(0x000000ff91c00000,0x000000ff91d00000)]
  0x000002ec84bf0ed0 JavaThread "Unconstrained build operations Thread 8" [_thread_blocked, id=7904, stack(0x000000ff91d00000,0x000000ff91e00000)]
  0x000002ec84bf1d40 JavaThread "Unconstrained build operations Thread 9" [_thread_blocked, id=15948, stack(0x000000ff91e00000,0x000000ff91f00000)]
  0x000002ec84bf2210 JavaThread "Unconstrained build operations Thread 10" [_thread_blocked, id=9720, stack(0x000000ff91f00000,0x000000ff92000000)]
  0x000002ec84bf4d60 JavaThread "Unconstrained build operations Thread 11" [_thread_blocked, id=14504, stack(0x000000ff92000000,0x000000ff92100000)]
  0x000002ec84bf3550 JavaThread "Unconstrained build operations Thread 12" [_thread_blocked, id=9668, stack(0x000000ff92100000,0x000000ff92200000)]
  0x000002ec84bf5700 JavaThread "Unconstrained build operations Thread 13" [_thread_blocked, id=11736, stack(0x000000ff92200000,0x000000ff92300000)]
  0x000002ec84bf3a20 JavaThread "Unconstrained build operations Thread 14" [_thread_blocked, id=14736, stack(0x000000ff92300000,0x000000ff92400000)]
  0x000002ec84bf5bd0 JavaThread "Unconstrained build operations Thread 15" [_thread_blocked, id=14380, stack(0x000000ff92400000,0x000000ff92500000)]
  0x000002ec84bf3ef0 JavaThread "Unconstrained build operations Thread 16" [_thread_blocked, id=10588, stack(0x000000ff92500000,0x000000ff92600000)]
  0x000002ec84bf60a0 JavaThread "Unconstrained build operations Thread 17" [_thread_blocked, id=7280, stack(0x000000ff92600000,0x000000ff92700000)]
  0x000002ec84bf6570 JavaThread "Unconstrained build operations Thread 18" [_thread_blocked, id=2836, stack(0x000000ff92700000,0x000000ff92800000)]
  0x000002ec84bf73e0 JavaThread "Unconstrained build operations Thread 19" [_thread_blocked, id=340, stack(0x000000ff92800000,0x000000ff92900000)]
  0x000002ec84bf78b0 JavaThread "Unconstrained build operations Thread 20" [_thread_blocked, id=336, stack(0x000000ff92900000,0x000000ff92a00000)]
  0x000002ec84bf0060 JavaThread "Unconstrained build operations Thread 21" [_thread_blocked, id=15588, stack(0x000000ff92a00000,0x000000ff92b00000)]
  0x000002ec88379660 JavaThread "Unconstrained build operations Thread 22" [_thread_blocked, id=7052, stack(0x000000ff92b00000,0x000000ff92c00000)]
  0x000002ec8837ae70 JavaThread "Unconstrained build operations Thread 23" [_thread_blocked, id=13968, stack(0x000000ff92c00000,0x000000ff92d00000)]
  0x000002ec88379190 JavaThread "Unconstrained build operations Thread 24" [_thread_blocked, id=13504, stack(0x000000ff92d00000,0x000000ff92e00000)]
  0x000002ec88376b10 JavaThread "Unconstrained build operations Thread 25" [_thread_blocked, id=16304, stack(0x000000ff92e00000,0x000000ff92f00000)]
  0x000002ec88379b30 JavaThread "Unconstrained build operations Thread 26" [_thread_blocked, id=16128, stack(0x000000ff92f00000,0x000000ff93000000)]
  0x000002ec8837b340 JavaThread "Unconstrained build operations Thread 27" [_thread_blocked, id=9704, stack(0x000000ff93000000,0x000000ff93100000)]
  0x000002ec88375ca0 JavaThread "Unconstrained build operations Thread 28" [_thread_blocked, id=9068, stack(0x000000ff93100000,0x000000ff93200000)]
  0x000002ec8837bce0 JavaThread "Unconstrained build operations Thread 29" [_thread_blocked, id=15788, stack(0x000000ff93200000,0x000000ff93300000)]
  0x000002ec88377980 JavaThread "Unconstrained build operations Thread 30" [_thread_blocked, id=6588, stack(0x000000ff93300000,0x000000ff93400000)]
  0x000002ec8837b810 JavaThread "Unconstrained build operations Thread 31" [_thread_blocked, id=8708, stack(0x000000ff93400000,0x000000ff93500000)]
  0x000002ec88376170 JavaThread "Unconstrained build operations Thread 32" [_thread_blocked, id=12944, stack(0x000000ff93500000,0x000000ff93600000)]
  0x000002ec88376640 JavaThread "Unconstrained build operations Thread 33" [_thread_blocked, id=10188, stack(0x000000ff93600000,0x000000ff93700000)]
  0x000002ec883787f0 JavaThread "Unconstrained build operations Thread 34" [_thread_blocked, id=2144, stack(0x000000ff93700000,0x000000ff93800000)]
  0x000002ec88374490 JavaThread "Unconstrained build operations Thread 35" [_thread_blocked, id=15316, stack(0x000000ff93800000,0x000000ff93900000)]
  0x000002ec88378320 JavaThread "Unconstrained build operations Thread 36" [_thread_blocked, id=15348, stack(0x000000ff93900000,0x000000ff93a00000)]
  0x000002ec88376fe0 JavaThread "Unconstrained build operations Thread 37" [_thread_blocked, id=11632, stack(0x000000ff93a00000,0x000000ff93b00000)]
  0x000002ec88378cc0 JavaThread "Unconstrained build operations Thread 38" [_thread_blocked, id=2756, stack(0x000000ff93b00000,0x000000ff93c00000)]
  0x000002ec883774b0 JavaThread "Unconstrained build operations Thread 39" [_thread_blocked, id=8688, stack(0x000000ff93c00000,0x000000ff93d00000)]
  0x000002ec88377e50 JavaThread "Unconstrained build operations Thread 40" [_thread_blocked, id=3272, stack(0x000000ff93d00000,0x000000ff93e00000)]

Other Threads:
  0x000002ecff856e80 VMThread "VM Thread" [stack: 0x000000ff8ed00000,0x000000ff8ee00000] [id=10392]
  0x000002ecffb03da0 WatcherThread [stack: 0x000000ff8f800000,0x000000ff8f900000] [id=2760]
  0x000002ece165fb70 GCTaskThread "GC Thread#0" [stack: 0x000000ff8e800000,0x000000ff8e900000] [id=13640]
  0x000002ec82e87460 GCTaskThread "GC Thread#1" [stack: 0x000000ff8fa00000,0x000000ff8fb00000] [id=6512]
  0x000002ec82e87ac0 GCTaskThread "GC Thread#2" [stack: 0x000000ff8fb00000,0x000000ff8fc00000] [id=9312]
  0x000002ec82e89440 GCTaskThread "GC Thread#3" [stack: 0x000000ff90a00000,0x000000ff90b00000] [id=14492]
  0x000002ece1671230 ConcurrentGCThread "G1 Main Marker" [stack: 0x000000ff8e900000,0x000000ff8ea00000] [id=7648]
=>0x000002ece1671af0 ConcurrentGCThread "G1 Conc#0" [stack: 0x000000ff8ea00000,0x000000ff8eb00000] [id=7924]
  0x000002ece16edc40 ConcurrentGCThread "G1 Refine#0" [stack: 0x000000ff8eb00000,0x000000ff8ec00000] [id=3216]
  0x000002ec83e29c30 ConcurrentGCThread "G1 Refine#1" [stack: 0x000000ff91300000,0x000000ff91400000] [id=5284]
  0x000002ece16ef4a0 ConcurrentGCThread "G1 Young RemSet Sampling" [stack: 0x000000ff8ec00000,0x000000ff8ed00000] [id=3548]

Threads with active compile tasks:
C2 CompilerThread0   260729 13706       4       org.gradle.internal.snapshot.VfsRelativePath::compareToFirstSegment (203 bytes)
C1 CompilerThread0   260729 13716       3       org.gradle.api.internal.changedetection.state.DefaultResourceSnapshotterCacheService::resourceHashCacheKey (25 bytes)
C2 CompilerThread1   260729 13705       4       org.gradle.internal.snapshot.ChildMap$Entry::handleAncestorDescendantOrExactMatch (110 bytes)

VM state: not at safepoint (normal execution)

VM Mutex/Monitor currently owned by a thread: None

Heap address: 0x0000000080000000, size: 2048 MB, Compressed Oops mode: 32-bit
CDS archive(s) mapped at: [0x0000000800000000-0x0000000800b50000-0x0000000800b50000), size 11862016, SharedBaseAddress: 0x0000000800000000, ArchiveRelocationMode: 0.
Compressed class space mapped at: 0x0000000800b50000-0x0000000840b50000, size: 1073741824
Narrow klass base: 0x0000000800000000, Narrow klass shift: 3, Narrow klass range: 0x100000000

GC Precious Log:
 CPUs: 4 total, 4 available
 Memory: 8085M
 Large Page Support: Disabled
 NUMA Support: Disabled
 Compressed Oops: Enabled (32-bit)
 Heap Region Size: 1M
 Heap Min Capacity: 8M
 Heap Initial Capacity: 128M
 Heap Max Capacity: 2G
 Pre-touch: Disabled
 Parallel Workers: 4
 Concurrent Workers: 1
 Concurrent Refinement Workers: 4
 Periodic GC: Disabled

Heap:
 garbage-first heap   total 273408K, used 149122K [0x0000000080000000, 0x0000000100000000)
  region size 1024K, 22 young (22528K), 8 survivors (8192K)
 Metaspace       used 107232K, capacity 108864K, committed 109032K, reserved 1144832K
  class space    used 13508K, capacity 13944K, committed 13952K, reserved 1048576K

Heap Regions: E=young(eden), S=young(survivor), O=old, HS=humongous(starts), HC=humongous(continues), CS=collection set, F=free, OA=open archive, CA=closed archive, TAMS=top-at-mark-start (previous, next)
|   0|0x0000000080000000, 0x0000000080100000, 0x0000000080100000|100%|HS|  |TAMS 0x0000000080100000, 0x0000000080100000| Complete 
|   1|0x0000000080100000, 0x0000000080200000, 0x0000000080200000|100%|HC|  |TAMS 0x0000000080200000, 0x0000000080200000| Complete 
|   2|0x0000000080200000, 0x0000000080300000, 0x0000000080300000|100%|HC|  |TAMS 0x0000000080300000, 0x0000000080300000| Complete 
|   3|0x0000000080300000, 0x0000000080400000, 0x0000000080400000|100%| O|  |TAMS 0x0000000080400000, 0x0000000080400000| Untracked 
|   4|0x0000000080400000, 0x0000000080500000, 0x0000000080500000|100%| O|  |TAMS 0x0000000080500000, 0x0000000080500000| Untracked 
|   5|0x0000000080500000, 0x0000000080600000, 0x0000000080600000|100%| O|  |TAMS 0x0000000080600000, 0x0000000080600000| Untracked 
|   6|0x0000000080600000, 0x0000000080700000, 0x0000000080700000|100%| O|  |TAMS 0x0000000080700000, 0x0000000080700000| Untracked 
|   7|0x0000000080700000, 0x0000000080800000, 0x0000000080800000|100%| O|  |TAMS 0x0000000080800000, 0x0000000080800000| Untracked 
|   8|0x0000000080800000, 0x0000000080900000, 0x0000000080900000|100%| O|  |TAMS 0x0000000080900000, 0x0000000080900000| Untracked 
|   9|0x0000000080900000, 0x0000000080a00000, 0x0000000080a00000|100%| O|  |TAMS 0x0000000080a00000, 0x0000000080a00000| Untracked 
|  10|0x0000000080a00000, 0x0000000080b00000, 0x0000000080b00000|100%|HS|  |TAMS 0x0000000080b00000, 0x0000000080b00000| Complete 
|  11|0x0000000080b00000, 0x0000000080c00000, 0x0000000080c00000|100%|HC|  |TAMS 0x0000000080c00000, 0x0000000080c00000| Complete 
|  12|0x0000000080c00000, 0x0000000080d00000, 0x0000000080d00000|100%|HS|  |TAMS 0x0000000080d00000, 0x0000000080d00000| Complete 
|  13|0x0000000080d00000, 0x0000000080e00000, 0x0000000080e00000|100%|HC|  |TAMS 0x0000000080e00000, 0x0000000080e00000| Complete 
|  14|0x0000000080e00000, 0x0000000080f00000, 0x0000000080f00000|100%|HC|  |TAMS 0x0000000080f00000, 0x0000000080f00000| Complete 
|  15|0x0000000080f00000, 0x0000000081000000, 0x0000000081000000|100%|HS|  |TAMS 0x0000000081000000, 0x0000000081000000| Complete 
|  16|0x0000000081000000, 0x0000000081100000, 0x0000000081100000|100%|HC|  |TAMS 0x0000000081100000, 0x0000000081100000| Complete 
|  17|0x0000000081100000, 0x0000000081200000, 0x0000000081200000|100%|HC|  |TAMS 0x0000000081200000, 0x0000000081200000| Complete 
|  18|0x0000000081200000, 0x0000000081300000, 0x0000000081300000|100%|HC|  |TAMS 0x0000000081300000, 0x0000000081300000| Complete 
|  19|0x0000000081300000, 0x0000000081400000, 0x0000000081400000|100%| O|  |TAMS 0x0000000081400000, 0x0000000081400000| Untracked 
|  20|0x0000000081400000, 0x0000000081500000, 0x0000000081500000|100%| O|  |TAMS 0x0000000081500000, 0x0000000081500000| Untracked 
|  21|0x0000000081500000, 0x0000000081600000, 0x0000000081600000|100%| O|  |TAMS 0x0000000081600000, 0x0000000081600000| Untracked 
|  22|0x0000000081600000, 0x0000000081700000, 0x0000000081700000|100%| O|  |TAMS 0x0000000081700000, 0x0000000081700000| Untracked 
|  23|0x0000000081700000, 0x0000000081800000, 0x0000000081800000|100%| O|  |TAMS 0x0000000081800000, 0x0000000081800000| Untracked 
|  24|0x0000000081800000, 0x0000000081900000, 0x0000000081900000|100%| O|  |TAMS 0x0000000081900000, 0x0000000081900000| Untracked 
|  25|0x0000000081900000, 0x0000000081a00000, 0x0000000081a00000|100%| O|  |TAMS 0x0000000081a00000, 0x0000000081a00000| Untracked 
|  26|0x0000000081a00000, 0x0000000081b00000, 0x0000000081b00000|100%| O|  |TAMS 0x0000000081b00000, 0x0000000081b00000| Untracked 
|  27|0x0000000081b00000, 0x0000000081b3e200, 0x0000000081c00000| 24%| O|  |TAMS 0x0000000081b3e200, 0x0000000081b3e200| Untracked 
|  28|0x0000000081c00000, 0x0000000081d00000, 0x0000000081d00000|100%| O|  |TAMS 0x0000000081d00000, 0x0000000081d00000| Untracked 
|  29|0x0000000081d00000, 0x0000000081e00000, 0x0000000081e00000|100%| O|  |TAMS 0x0000000081e00000, 0x0000000081e00000| Untracked 
|  30|0x0000000081e00000, 0x0000000081f00000, 0x0000000081f00000|100%| O|  |TAMS 0x0000000081f00000, 0x0000000081f00000| Untracked 
|  31|0x0000000081f00000, 0x0000000082000000, 0x0000000082000000|100%| O|  |TAMS 0x0000000082000000, 0x0000000082000000| Untracked 
|  32|0x0000000082000000, 0x0000000082100000, 0x0000000082100000|100%| O|  |TAMS 0x0000000082100000, 0x0000000082100000| Untracked 
|  33|0x0000000082100000, 0x0000000082200000, 0x0000000082200000|100%| O|  |TAMS 0x0000000082200000, 0x0000000082200000| Untracked 
|  34|0x0000000082200000, 0x0000000082300000, 0x0000000082300000|100%|HS|  |TAMS 0x0000000082300000, 0x0000000082300000| Complete 
|  35|0x0000000082300000, 0x0000000082400000, 0x0000000082400000|100%| O|  |TAMS 0x0000000082400000, 0x0000000082400000| Untracked 
|  36|0x0000000082400000, 0x0000000082500000, 0x0000000082500000|100%| O|  |TAMS 0x0000000082500000, 0x0000000082500000| Untracked 
|  37|0x0000000082500000, 0x0000000082600000, 0x0000000082600000|100%|HS|  |TAMS 0x0000000082600000, 0x0000000082600000| Complete 
|  38|0x0000000082600000, 0x0000000082700000, 0x0000000082700000|100%|HC|  |TAMS 0x0000000082700000, 0x0000000082700000| Complete 
|  39|0x0000000082700000, 0x0000000082800000, 0x0000000082800000|100%|HC|  |TAMS 0x0000000082800000, 0x0000000082800000| Complete 
|  40|0x0000000082800000, 0x0000000082900000, 0x0000000082900000|100%| O|  |TAMS 0x0000000082900000, 0x0000000082900000| Untracked 
|  41|0x0000000082900000, 0x0000000082a00000, 0x0000000082a00000|100%| O|  |TAMS 0x0000000082a00000, 0x0000000082a00000| Untracked 
|  42|0x0000000082a00000, 0x0000000082b00000, 0x0000000082b00000|100%| O|  |TAMS 0x0000000082b00000, 0x0000000082b00000| Untracked 
|  43|0x0000000082b00000, 0x0000000082c00000, 0x0000000082c00000|100%| O|  |TAMS 0x0000000082c00000, 0x0000000082c00000| Untracked 
|  44|0x0000000082c00000, 0x0000000082d00000, 0x0000000082d00000|100%|HS|  |TAMS 0x0000000082d00000, 0x0000000082d00000| Complete 
|  45|0x0000000082d00000, 0x0000000082e00000, 0x0000000082e00000|100%|HC|  |TAMS 0x0000000082e00000, 0x0000000082e00000| Complete 
|  46|0x0000000082e00000, 0x0000000082f00000, 0x0000000082f00000|100%|HC|  |TAMS 0x0000000082f00000, 0x0000000082f00000| Complete 
|  47|0x0000000082f00000, 0x0000000083000000, 0x0000000083000000|100%|HC|  |TAMS 0x0000000083000000, 0x0000000083000000| Complete 
|  48|0x0000000083000000, 0x0000000083100000, 0x0000000083100000|100%| O|  |TAMS 0x0000000083100000, 0x0000000083100000| Untracked 
|  49|0x0000000083100000, 0x0000000083200000, 0x0000000083200000|100%| O|  |TAMS 0x0000000083200000, 0x0000000083200000| Untracked 
|  50|0x0000000083200000, 0x0000000083300000, 0x0000000083300000|100%| O|  |TAMS 0x0000000083300000, 0x0000000083300000| Untracked 
|  51|0x0000000083300000, 0x0000000083400000, 0x0000000083400000|100%| O|  |TAMS 0x0000000083400000, 0x0000000083400000| Untracked 
|  52|0x0000000083400000, 0x0000000083500000, 0x0000000083500000|100%|HS|  |TAMS 0x0000000083500000, 0x0000000083500000| Complete 
|  53|0x0000000083500000, 0x0000000083600000, 0x0000000083600000|100%|HS|  |TAMS 0x0000000083600000, 0x0000000083600000| Complete 
|  54|0x0000000083600000, 0x0000000083700000, 0x0000000083700000|100%|HS|  |TAMS 0x0000000083700000, 0x0000000083700000| Complete 
|  55|0x0000000083700000, 0x0000000083800000, 0x0000000083800000|100%|HS|  |TAMS 0x0000000083800000, 0x0000000083800000| Complete 
|  56|0x0000000083800000, 0x0000000083900000, 0x0000000083900000|100%|HC|  |TAMS 0x0000000083900000, 0x0000000083900000| Complete 
|  57|0x0000000083900000, 0x0000000083a00000, 0x0000000083a00000|100%|HC|  |TAMS 0x0000000083a00000, 0x0000000083a00000| Complete 
|  58|0x0000000083a00000, 0x0000000083b00000, 0x0000000083b00000|100%|HS|  |TAMS 0x0000000083b00000, 0x0000000083b00000| Complete 
|  59|0x0000000083b00000, 0x0000000083c00000, 0x0000000083c00000|100%|HC|  |TAMS 0x0000000083c00000, 0x0000000083c00000| Complete 
|  60|0x0000000083c00000, 0x0000000083d00000, 0x0000000083d00000|100%| O|  |TAMS 0x0000000083d00000, 0x0000000083d00000| Untracked 
|  61|0x0000000083d00000, 0x0000000083e00000, 0x0000000083e00000|100%| O|  |TAMS 0x0000000083e00000, 0x0000000083e00000| Untracked 
|  62|0x0000000083e00000, 0x0000000083f00000, 0x0000000083f00000|100%| O|  |TAMS 0x0000000083f00000, 0x0000000083f00000| Untracked 
|  63|0x0000000083f00000, 0x0000000084000000, 0x0000000084000000|100%| O|  |TAMS 0x0000000084000000, 0x0000000084000000| Untracked 
|  64|0x0000000084000000, 0x0000000084100000, 0x0000000084100000|100%| O|  |TAMS 0x0000000084100000, 0x0000000084100000| Untracked 
|  65|0x0000000084100000, 0x0000000084200000, 0x0000000084200000|100%| O|  |TAMS 0x0000000084200000, 0x0000000084200000| Untracked 
|  66|0x0000000084200000, 0x0000000084300000, 0x0000000084300000|100%| O|  |TAMS 0x0000000084300000, 0x0000000084300000| Untracked 
|  67|0x0000000084300000, 0x0000000084400000, 0x0000000084400000|100%| O|  |TAMS 0x0000000084400000, 0x0000000084400000| Untracked 
|  68|0x0000000084400000, 0x0000000084500000, 0x0000000084500000|100%| O|  |TAMS 0x0000000084500000, 0x0000000084500000| Untracked 
|  69|0x0000000084500000, 0x0000000084600000, 0x0000000084600000|100%| O|  |TAMS 0x0000000084600000, 0x0000000084600000| Untracked 
|  70|0x0000000084600000, 0x0000000084700000, 0x0000000084700000|100%| O|  |TAMS 0x0000000084700000, 0x0000000084700000| Untracked 
|  71|0x0000000084700000, 0x0000000084800000, 0x0000000084800000|100%| O|  |TAMS 0x0000000084800000, 0x0000000084800000| Untracked 
|  72|0x0000000084800000, 0x0000000084900000, 0x0000000084900000|100%| O|  |TAMS 0x0000000084900000, 0x0000000084900000| Untracked 
|  73|0x0000000084900000, 0x0000000084a00000, 0x0000000084a00000|100%| O|  |TAMS 0x0000000084a00000, 0x0000000084a00000| Untracked 
|  74|0x0000000084a00000, 0x0000000084b00000, 0x0000000084b00000|100%| O|  |TAMS 0x0000000084b00000, 0x0000000084b00000| Untracked 
|  75|0x0000000084b00000, 0x0000000084c00000, 0x0000000084c00000|100%| O|  |TAMS 0x0000000084c00000, 0x0000000084c00000| Untracked 
|  76|0x0000000084c00000, 0x0000000084d00000, 0x0000000084d00000|100%| O|  |TAMS 0x0000000084d00000, 0x0000000084d00000| Untracked 
|  77|0x0000000084d00000, 0x0000000084e00000, 0x0000000084e00000|100%| O|  |TAMS 0x0000000084e00000, 0x0000000084e00000| Untracked 
|  78|0x0000000084e00000, 0x0000000084f00000, 0x0000000084f00000|100%| O|  |TAMS 0x0000000084f00000, 0x0000000084f00000| Untracked 
|  79|0x0000000084f00000, 0x0000000085000000, 0x0000000085000000|100%| O|  |TAMS 0x0000000085000000, 0x0000000085000000| Untracked 
|  80|0x0000000085000000, 0x0000000085100000, 0x0000000085100000|100%| O|  |TAMS 0x0000000085100000, 0x0000000085100000| Untracked 
|  81|0x0000000085100000, 0x0000000085200000, 0x0000000085200000|100%| O|  |TAMS 0x0000000085200000, 0x0000000085200000| Untracked 
|  82|0x0000000085200000, 0x0000000085300000, 0x0000000085300000|100%| O|  |TAMS 0x0000000085300000, 0x0000000085300000| Untracked 
|  83|0x0000000085300000, 0x0000000085400000, 0x0000000085400000|100%| O|  |TAMS 0x0000000085400000, 0x0000000085400000| Untracked 
|  84|0x0000000085400000, 0x0000000085500000, 0x0000000085500000|100%| O|  |TAMS 0x0000000085500000, 0x0000000085500000| Untracked 
|  85|0x0000000085500000, 0x0000000085600000, 0x0000000085600000|100%| O|  |TAMS 0x0000000085600000, 0x0000000085600000| Untracked 
|  86|0x0000000085600000, 0x0000000085700000, 0x0000000085700000|100%| O|  |TAMS 0x0000000085700000, 0x0000000085700000| Untracked 
|  87|0x0000000085700000, 0x0000000085800000, 0x0000000085800000|100%| O|  |TAMS 0x0000000085800000, 0x0000000085800000| Untracked 
|  88|0x0000000085800000, 0x0000000085900000, 0x0000000085900000|100%| O|  |TAMS 0x0000000085900000, 0x0000000085900000| Untracked 
|  89|0x0000000085900000, 0x0000000085a00000, 0x0000000085a00000|100%|HS|  |TAMS 0x0000000085a00000, 0x0000000085a00000| Complete 
|  90|0x0000000085a00000, 0x0000000085b00000, 0x0000000085b00000|100%|HC|  |TAMS 0x0000000085b00000, 0x0000000085b00000| Complete 
|  91|0x0000000085b00000, 0x0000000085c00000, 0x0000000085c00000|100%|HS|  |TAMS 0x0000000085c00000, 0x0000000085c00000| Complete 
|  92|0x0000000085c00000, 0x0000000085d00000, 0x0000000085d00000|100%|HC|  |TAMS 0x0000000085d00000, 0x0000000085d00000| Complete 
|  93|0x0000000085d00000, 0x0000000085e00000, 0x0000000085e00000|100%|HC|  |TAMS 0x0000000085e00000, 0x0000000085e00000| Complete 
|  94|0x0000000085e00000, 0x0000000085f00000, 0x0000000085f00000|100%|HS|  |TAMS 0x0000000085f00000, 0x0000000085f00000| Complete 
|  95|0x0000000085f00000, 0x0000000086000000, 0x0000000086000000|100%|HC|  |TAMS 0x0000000086000000, 0x0000000086000000| Complete 
|  96|0x0000000086000000, 0x0000000086100000, 0x0000000086100000|100%|HC|  |TAMS 0x0000000086100000, 0x0000000086100000| Complete 
|  97|0x0000000086100000, 0x0000000086200000, 0x0000000086200000|100%|HC|  |TAMS 0x0000000086200000, 0x0000000086200000| Complete 
|  98|0x0000000086200000, 0x0000000086300000, 0x0000000086300000|100%| O|  |TAMS 0x0000000086300000, 0x0000000086300000| Untracked 
|  99|0x0000000086300000, 0x0000000086400000, 0x0000000086400000|100%| O|  |TAMS 0x0000000086400000, 0x0000000086400000| Untracked 
| 100|0x0000000086400000, 0x0000000086500000, 0x0000000086500000|100%| O|  |TAMS 0x0000000086500000, 0x0000000086500000| Untracked 
| 101|0x0000000086500000, 0x0000000086600000, 0x0000000086600000|100%| O|  |TAMS 0x0000000086600000, 0x0000000086600000| Untracked 
| 102|0x0000000086600000, 0x0000000086700000, 0x0000000086700000|100%| O|  |TAMS 0x0000000086700000, 0x0000000086700000| Untracked 
| 103|0x0000000086700000, 0x0000000086800000, 0x0000000086800000|100%| O|  |TAMS 0x0000000086800000, 0x0000000086800000| Untracked 
| 104|0x0000000086800000, 0x0000000086900000, 0x0000000086900000|100%| O|  |TAMS 0x0000000086900000, 0x0000000086900000| Untracked 
| 105|0x0000000086900000, 0x0000000086a00000, 0x0000000086a00000|100%| O|  |TAMS 0x0000000086a00000, 0x0000000086a00000| Untracked 
| 106|0x0000000086a00000, 0x0000000086b00000, 0x0000000086b00000|100%| O|  |TAMS 0x0000000086b00000, 0x0000000086b00000| Untracked 
| 107|0x0000000086b00000, 0x0000000086c00000, 0x0000000086c00000|100%| O|  |TAMS 0x0000000086c00000, 0x0000000086c00000| Untracked 
| 108|0x0000000086c00000, 0x0000000086d00000, 0x0000000086d00000|100%| O|  |TAMS 0x0000000086d00000, 0x0000000086d00000| Untracked 
| 109|0x0000000086d00000, 0x0000000086e00000, 0x0000000086e00000|100%| O|  |TAMS 0x0000000086e00000, 0x0000000086e00000| Untracked 
| 110|0x0000000086e00000, 0x0000000086f00000, 0x0000000086f00000|100%| O|  |TAMS 0x0000000086f00000, 0x0000000086f00000| Untracked 
| 111|0x0000000086f00000, 0x0000000087000000, 0x0000000087000000|100%| O|  |TAMS 0x0000000087000000, 0x0000000087000000| Untracked 
| 112|0x0000000087000000, 0x0000000087100000, 0x0000000087100000|100%| O|  |TAMS 0x0000000087100000, 0x0000000087100000| Untracked 
| 113|0x0000000087100000, 0x0000000087200000, 0x0000000087200000|100%| O|  |TAMS 0x0000000087200000, 0x0000000087200000| Untracked 
| 114|0x0000000087200000, 0x0000000087300000, 0x0000000087300000|100%| O|  |TAMS 0x0000000087300000, 0x0000000087300000| Untracked 
| 115|0x0000000087300000, 0x0000000087400000, 0x0000000087400000|100%| O|  |TAMS 0x0000000087400000, 0x0000000087400000| Untracked 
| 116|0x0000000087400000, 0x0000000087500000, 0x0000000087500000|100%| O|  |TAMS 0x0000000087500000, 0x0000000087500000| Untracked 
| 117|0x0000000087500000, 0x0000000087600000, 0x0000000087600000|100%| O|  |TAMS 0x0000000087600000, 0x0000000087600000| Untracked 
| 118|0x0000000087600000, 0x0000000087700000, 0x0000000087700000|100%| O|  |TAMS 0x000000008769b800, 0x0000000087700000| Untracked 
| 119|0x0000000087700000, 0x0000000087800000, 0x0000000087800000|100%| O|  |TAMS 0x0000000087700000, 0x0000000087800000| Untracked 
| 120|0x0000000087800000, 0x0000000087900000, 0x0000000087900000|100%| O|  |TAMS 0x0000000087800000, 0x0000000087900000| Untracked 
| 121|0x0000000087900000, 0x0000000087a00000, 0x0000000087a00000|100%| O|  |TAMS 0x0000000087900000, 0x00000000879c7e08| Untracked 
| 122|0x0000000087a00000, 0x0000000087b00000, 0x0000000087b00000|100%| O|  |TAMS 0x0000000087a00000, 0x0000000087a00000| Untracked 
| 123|0x0000000087b00000, 0x0000000087c00000, 0x0000000087c00000|100%| O|  |TAMS 0x0000000087b00000, 0x0000000087b00000| Untracked 
| 124|0x0000000087c00000, 0x0000000087d00000, 0x0000000087d00000|100%| O|  |TAMS 0x0000000087c00000, 0x0000000087c00000| Untracked 
| 125|0x0000000087d00000, 0x0000000087d62800, 0x0000000087e00000| 38%| O|  |TAMS 0x0000000087d00000, 0x0000000087d00000| Untracked 
| 126|0x0000000087e00000, 0x0000000087e00000, 0x0000000087f00000|  0%| F|  |TAMS 0x0000000087e00000, 0x0000000087e00000| Untracked 
| 127|0x0000000087f00000, 0x0000000087f00000, 0x0000000088000000|  0%| F|  |TAMS 0x0000000087f00000, 0x0000000087f00000| Untracked 
| 128|0x0000000088000000, 0x0000000088000000, 0x0000000088100000|  0%| F|  |TAMS 0x0000000088000000, 0x0000000088000000| Untracked 
| 129|0x0000000088100000, 0x0000000088100000, 0x0000000088200000|  0%| F|  |TAMS 0x0000000088100000, 0x0000000088100000| Untracked 
| 130|0x0000000088200000, 0x0000000088200000, 0x0000000088300000|  0%| F|  |TAMS 0x0000000088200000, 0x0000000088200000| Untracked 
| 131|0x0000000088300000, 0x0000000088300000, 0x0000000088400000|  0%| F|  |TAMS 0x0000000088300000, 0x0000000088300000| Untracked 
| 132|0x0000000088400000, 0x0000000088400000, 0x0000000088500000|  0%| F|  |TAMS 0x0000000088400000, 0x0000000088400000| Untracked 
| 133|0x0000000088500000, 0x0000000088500000, 0x0000000088600000|  0%| F|  |TAMS 0x0000000088500000, 0x0000000088500000| Untracked 
| 134|0x0000000088600000, 0x0000000088600000, 0x0000000088700000|  0%| F|  |TAMS 0x0000000088600000, 0x0000000088600000| Untracked 
| 135|0x0000000088700000, 0x0000000088700000, 0x0000000088800000|  0%| F|  |TAMS 0x0000000088700000, 0x0000000088700000| Untracked 
| 136|0x0000000088800000, 0x0000000088800000, 0x0000000088900000|  0%| F|  |TAMS 0x0000000088800000, 0x0000000088800000| Untracked 
| 137|0x0000000088900000, 0x0000000088900000, 0x0000000088a00000|  0%| F|  |TAMS 0x0000000088900000, 0x0000000088900000| Untracked 
| 138|0x0000000088a00000, 0x0000000088a00000, 0x0000000088b00000|  0%| F|  |TAMS 0x0000000088a00000, 0x0000000088a00000| Untracked 
| 139|0x0000000088b00000, 0x0000000088b00000, 0x0000000088c00000|  0%| F|  |TAMS 0x0000000088b00000, 0x0000000088b00000| Untracked 
| 140|0x0000000088c00000, 0x0000000088c00000, 0x0000000088d00000|  0%| F|  |TAMS 0x0000000088c00000, 0x0000000088c00000| Untracked 
| 141|0x0000000088d00000, 0x0000000088d00000, 0x0000000088e00000|  0%| F|  |TAMS 0x0000000088d00000, 0x0000000088d00000| Untracked 
| 142|0x0000000088e00000, 0x0000000088e00000, 0x0000000088f00000|  0%| F|  |TAMS 0x0000000088e00000, 0x0000000088e00000| Untracked 
| 143|0x0000000088f00000, 0x0000000088f00000, 0x0000000089000000|  0%| F|  |TAMS 0x0000000088f00000, 0x0000000088f00000| Untracked 
| 144|0x0000000089000000, 0x0000000089000000, 0x0000000089100000|  0%| F|  |TAMS 0x0000000089000000, 0x0000000089000000| Untracked 
| 145|0x0000000089100000, 0x0000000089100000, 0x0000000089200000|  0%| F|  |TAMS 0x0000000089100000, 0x0000000089100000| Untracked 
| 146|0x0000000089200000, 0x0000000089200000, 0x0000000089300000|  0%| F|  |TAMS 0x0000000089200000, 0x0000000089200000| Untracked 
| 147|0x0000000089300000, 0x0000000089300000, 0x0000000089400000|  0%| F|  |TAMS 0x0000000089300000, 0x0000000089300000| Untracked 
| 148|0x0000000089400000, 0x0000000089400000, 0x0000000089500000|  0%| F|  |TAMS 0x0000000089400000, 0x0000000089400000| Untracked 
| 149|0x0000000089500000, 0x0000000089500000, 0x0000000089600000|  0%| F|  |TAMS 0x0000000089500000, 0x0000000089500000| Untracked 
| 150|0x0000000089600000, 0x0000000089600000, 0x0000000089700000|  0%| F|  |TAMS 0x0000000089600000, 0x0000000089600000| Untracked 
| 151|0x0000000089700000, 0x0000000089800000, 0x0000000089800000|100%| S|CS|TAMS 0x0000000089700000, 0x0000000089700000| Complete 
| 152|0x0000000089800000, 0x0000000089900000, 0x0000000089900000|100%| S|CS|TAMS 0x0000000089800000, 0x0000000089800000| Complete 
| 153|0x0000000089900000, 0x0000000089a00000, 0x0000000089a00000|100%| S|CS|TAMS 0x0000000089900000, 0x0000000089900000| Complete 
| 154|0x0000000089a00000, 0x0000000089b00000, 0x0000000089b00000|100%| S|CS|TAMS 0x0000000089a00000, 0x0000000089a00000| Complete 
| 155|0x0000000089b00000, 0x0000000089c00000, 0x0000000089c00000|100%| S|CS|TAMS 0x0000000089b00000, 0x0000000089b00000| Complete 
| 156|0x0000000089c00000, 0x0000000089d00000, 0x0000000089d00000|100%| S|CS|TAMS 0x0000000089c00000, 0x0000000089c00000| Complete 
| 157|0x0000000089d00000, 0x0000000089e00000, 0x0000000089e00000|100%| S|CS|TAMS 0x0000000089d00000, 0x0000000089d00000| Complete 
| 158|0x0000000089e00000, 0x0000000089f00000, 0x0000000089f00000|100%| S|CS|TAMS 0x0000000089e00000, 0x0000000089e00000| Complete 
| 159|0x0000000089f00000, 0x0000000089f00000, 0x000000008a000000|  0%| F|  |TAMS 0x0000000089f00000, 0x0000000089f00000| Untracked 
| 160|0x000000008a000000, 0x000000008a000000, 0x000000008a100000|  0%| F|  |TAMS 0x000000008a000000, 0x000000008a000000| Untracked 
| 161|0x000000008a100000, 0x000000008a100000, 0x000000008a200000|  0%| F|  |TAMS 0x000000008a100000, 0x000000008a100000| Untracked 
| 162|0x000000008a200000, 0x000000008a200000, 0x000000008a300000|  0%| F|  |TAMS 0x000000008a200000, 0x000000008a200000| Untracked 
| 163|0x000000008a300000, 0x000000008a300000, 0x000000008a400000|  0%| F|  |TAMS 0x000000008a300000, 0x000000008a300000| Untracked 
| 164|0x000000008a400000, 0x000000008a400000, 0x000000008a500000|  0%| F|  |TAMS 0x000000008a400000, 0x000000008a400000| Untracked 
| 165|0x000000008a500000, 0x000000008a500000, 0x000000008a600000|  0%| F|  |TAMS 0x000000008a500000, 0x000000008a500000| Untracked 
| 166|0x000000008a600000, 0x000000008a600000, 0x000000008a700000|  0%| F|  |TAMS 0x000000008a600000, 0x000000008a600000| Untracked 
| 167|0x000000008a700000, 0x000000008a700000, 0x000000008a800000|  0%| F|  |TAMS 0x000000008a700000, 0x000000008a700000| Untracked 
| 168|0x000000008a800000, 0x000000008a800000, 0x000000008a900000|  0%| F|  |TAMS 0x000000008a800000, 0x000000008a800000| Untracked 
| 169|0x000000008a900000, 0x000000008a900000, 0x000000008aa00000|  0%| F|  |TAMS 0x000000008a900000, 0x000000008a900000| Untracked 
| 170|0x000000008aa00000, 0x000000008aa00000, 0x000000008ab00000|  0%| F|  |TAMS 0x000000008aa00000, 0x000000008aa00000| Untracked 
| 171|0x000000008ab00000, 0x000000008ab00000, 0x000000008ac00000|  0%| F|  |TAMS 0x000000008ab00000, 0x000000008ab00000| Untracked 
| 172|0x000000008ac00000, 0x000000008ac00000, 0x000000008ad00000|  0%| F|  |TAMS 0x000000008ac00000, 0x000000008ac00000| Untracked 
| 173|0x000000008ad00000, 0x000000008ad00000, 0x000000008ae00000|  0%| F|  |TAMS 0x000000008ad00000, 0x000000008ad00000| Untracked 
| 174|0x000000008ae00000, 0x000000008ae00000, 0x000000008af00000|  0%| F|  |TAMS 0x000000008ae00000, 0x000000008ae00000| Untracked 
| 175|0x000000008af00000, 0x000000008af00000, 0x000000008b000000|  0%| F|  |TAMS 0x000000008af00000, 0x000000008af00000| Untracked 
| 176|0x000000008b000000, 0x000000008b000000, 0x000000008b100000|  0%| F|  |TAMS 0x000000008b000000, 0x000000008b000000| Untracked 
| 177|0x000000008b100000, 0x000000008b100000, 0x000000008b200000|  0%| F|  |TAMS 0x000000008b100000, 0x000000008b100000| Untracked 
| 178|0x000000008b200000, 0x000000008b200000, 0x000000008b300000|  0%| F|  |TAMS 0x000000008b200000, 0x000000008b200000| Untracked 
| 179|0x000000008b300000, 0x000000008b300000, 0x000000008b400000|  0%| F|  |TAMS 0x000000008b300000, 0x000000008b300000| Untracked 
| 180|0x000000008b400000, 0x000000008b400000, 0x000000008b500000|  0%| F|  |TAMS 0x000000008b400000, 0x000000008b400000| Untracked 
| 181|0x000000008b500000, 0x000000008b500000, 0x000000008b600000|  0%| F|  |TAMS 0x000000008b500000, 0x000000008b500000| Untracked 
| 182|0x000000008b600000, 0x000000008b600000, 0x000000008b700000|  0%| F|  |TAMS 0x000000008b600000, 0x000000008b600000| Untracked 
| 183|0x000000008b700000, 0x000000008b700000, 0x000000008b800000|  0%| F|  |TAMS 0x000000008b700000, 0x000000008b700000| Untracked 
| 184|0x000000008b800000, 0x000000008b800000, 0x000000008b900000|  0%| F|  |TAMS 0x000000008b800000, 0x000000008b800000| Untracked 
| 185|0x000000008b900000, 0x000000008b900000, 0x000000008ba00000|  0%| F|  |TAMS 0x000000008b900000, 0x000000008b900000| Untracked 
| 186|0x000000008ba00000, 0x000000008ba00000, 0x000000008bb00000|  0%| F|  |TAMS 0x000000008ba00000, 0x000000008ba00000| Untracked 
| 187|0x000000008bb00000, 0x000000008bb00000, 0x000000008bc00000|  0%| F|  |TAMS 0x000000008bb00000, 0x000000008bb00000| Untracked 
| 188|0x000000008bc00000, 0x000000008bc00000, 0x000000008bd00000|  0%| F|  |TAMS 0x000000008bc00000, 0x000000008bc00000| Untracked 
| 189|0x000000008bd00000, 0x000000008bd00000, 0x000000008be00000|  0%| F|  |TAMS 0x000000008bd00000, 0x000000008bd00000| Untracked 
| 190|0x000000008be00000, 0x000000008be00000, 0x000000008bf00000|  0%| F|  |TAMS 0x000000008be00000, 0x000000008be00000| Untracked 
| 191|0x000000008bf00000, 0x000000008bf00000, 0x000000008c000000|  0%| F|  |TAMS 0x000000008bf00000, 0x000000008bf00000| Untracked 
| 192|0x000000008c000000, 0x000000008c000000, 0x000000008c100000|  0%| F|  |TAMS 0x000000008c000000, 0x000000008c000000| Untracked 
| 193|0x000000008c100000, 0x000000008c100000, 0x000000008c200000|  0%| F|  |TAMS 0x000000008c100000, 0x000000008c100000| Untracked 
| 194|0x000000008c200000, 0x000000008c200000, 0x000000008c300000|  0%| F|  |TAMS 0x000000008c200000, 0x000000008c200000| Untracked 
| 195|0x000000008c300000, 0x000000008c300000, 0x000000008c400000|  0%| F|  |TAMS 0x000000008c300000, 0x000000008c300000| Untracked 
| 196|0x000000008c400000, 0x000000008c400000, 0x000000008c500000|  0%| F|  |TAMS 0x000000008c400000, 0x000000008c400000| Untracked 
| 197|0x000000008c500000, 0x000000008c500000, 0x000000008c600000|  0%| F|  |TAMS 0x000000008c500000, 0x000000008c500000| Untracked 
| 198|0x000000008c600000, 0x000000008c600000, 0x000000008c700000|  0%| F|  |TAMS 0x000000008c600000, 0x000000008c600000| Untracked 
| 199|0x000000008c700000, 0x000000008c700000, 0x000000008c800000|  0%| F|  |TAMS 0x000000008c700000, 0x000000008c700000| Untracked 
| 200|0x000000008c800000, 0x000000008c800000, 0x000000008c900000|  0%| F|  |TAMS 0x000000008c800000, 0x000000008c800000| Untracked 
| 201|0x000000008c900000, 0x000000008c900000, 0x000000008ca00000|  0%| F|  |TAMS 0x000000008c900000, 0x000000008c900000| Untracked 
| 202|0x000000008ca00000, 0x000000008ca00000, 0x000000008cb00000|  0%| F|  |TAMS 0x000000008ca00000, 0x000000008ca00000| Untracked 
| 203|0x000000008cb00000, 0x000000008cb00000, 0x000000008cc00000|  0%| F|  |TAMS 0x000000008cb00000, 0x000000008cb00000| Untracked 
| 204|0x000000008cc00000, 0x000000008cc00000, 0x000000008cd00000|  0%| F|  |TAMS 0x000000008cc00000, 0x000000008cc00000| Untracked 
| 205|0x000000008cd00000, 0x000000008cd00000, 0x000000008ce00000|  0%| F|  |TAMS 0x000000008cd00000, 0x000000008cd00000| Untracked 
| 206|0x000000008ce00000, 0x000000008ce00000, 0x000000008cf00000|  0%| F|  |TAMS 0x000000008ce00000, 0x000000008ce00000| Untracked 
| 207|0x000000008cf00000, 0x000000008cf00000, 0x000000008d000000|  0%| F|  |TAMS 0x000000008cf00000, 0x000000008cf00000| Untracked 
| 208|0x000000008d000000, 0x000000008d000000, 0x000000008d100000|  0%| F|  |TAMS 0x000000008d000000, 0x000000008d000000| Untracked 
| 209|0x000000008d100000, 0x000000008d100000, 0x000000008d200000|  0%| F|  |TAMS 0x000000008d100000, 0x000000008d100000| Untracked 
| 210|0x000000008d200000, 0x000000008d200000, 0x000000008d300000|  0%| F|  |TAMS 0x000000008d200000, 0x000000008d200000| Untracked 
| 211|0x000000008d300000, 0x000000008d300000, 0x000000008d400000|  0%| F|  |TAMS 0x000000008d300000, 0x000000008d300000| Untracked 
| 212|0x000000008d400000, 0x000000008d400000, 0x000000008d500000|  0%| F|  |TAMS 0x000000008d400000, 0x000000008d400000| Untracked 
| 213|0x000000008d500000, 0x000000008d500000, 0x000000008d600000|  0%| F|  |TAMS 0x000000008d500000, 0x000000008d500000| Untracked 
| 214|0x000000008d600000, 0x000000008d600000, 0x000000008d700000|  0%| F|  |TAMS 0x000000008d600000, 0x000000008d600000| Untracked 
| 215|0x000000008d700000, 0x000000008d700000, 0x000000008d800000|  0%| F|  |TAMS 0x000000008d700000, 0x000000008d700000| Untracked 
| 216|0x000000008d800000, 0x000000008d800000, 0x000000008d900000|  0%| F|  |TAMS 0x000000008d800000, 0x000000008d800000| Untracked 
| 217|0x000000008d900000, 0x000000008d900000, 0x000000008da00000|  0%| F|  |TAMS 0x000000008d900000, 0x000000008d900000| Untracked 
| 218|0x000000008da00000, 0x000000008da00000, 0x000000008db00000|  0%| F|  |TAMS 0x000000008da00000, 0x000000008da00000| Untracked 
| 219|0x000000008db00000, 0x000000008db00000, 0x000000008dc00000|  0%| F|  |TAMS 0x000000008db00000, 0x000000008db00000| Untracked 
| 220|0x000000008dc00000, 0x000000008dc00000, 0x000000008dd00000|  0%| F|  |TAMS 0x000000008dc00000, 0x000000008dc00000| Untracked 
| 221|0x000000008dd00000, 0x000000008dd00000, 0x000000008de00000|  0%| F|  |TAMS 0x000000008dd00000, 0x000000008dd00000| Untracked 
| 222|0x000000008de00000, 0x000000008de00000, 0x000000008df00000|  0%| F|  |TAMS 0x000000008de00000, 0x000000008de00000| Untracked 
| 223|0x000000008df00000, 0x000000008df00000, 0x000000008e000000|  0%| F|  |TAMS 0x000000008df00000, 0x000000008df00000| Untracked 
| 224|0x000000008e000000, 0x000000008e000000, 0x000000008e100000|  0%| F|  |TAMS 0x000000008e000000, 0x000000008e000000| Untracked 
| 225|0x000000008e100000, 0x000000008e100000, 0x000000008e200000|  0%| F|  |TAMS 0x000000008e100000, 0x000000008e100000| Untracked 
| 226|0x000000008e200000, 0x000000008e200000, 0x000000008e300000|  0%| F|  |TAMS 0x000000008e200000, 0x000000008e200000| Untracked 
| 227|0x000000008e300000, 0x000000008e300000, 0x000000008e400000|  0%| F|  |TAMS 0x000000008e300000, 0x000000008e300000| Untracked 
| 228|0x000000008e400000, 0x000000008e400000, 0x000000008e500000|  0%| F|  |TAMS 0x000000008e400000, 0x000000008e400000| Untracked 
| 229|0x000000008e500000, 0x000000008e500000, 0x000000008e600000|  0%| F|  |TAMS 0x000000008e500000, 0x000000008e500000| Untracked 
| 230|0x000000008e600000, 0x000000008e600000, 0x000000008e700000|  0%| F|  |TAMS 0x000000008e600000, 0x000000008e600000| Untracked 
| 231|0x000000008e700000, 0x000000008e700000, 0x000000008e800000|  0%| F|  |TAMS 0x000000008e700000, 0x000000008e700000| Untracked 
| 232|0x000000008e800000, 0x000000008e800000, 0x000000008e900000|  0%| F|  |TAMS 0x000000008e800000, 0x000000008e800000| Untracked 
| 233|0x000000008e900000, 0x000000008e900000, 0x000000008ea00000|  0%| F|  |TAMS 0x000000008e900000, 0x000000008e900000| Untracked 
| 234|0x000000008ea00000, 0x000000008ea00000, 0x000000008eb00000|  0%| F|  |TAMS 0x000000008ea00000, 0x000000008ea00000| Untracked 
| 235|0x000000008eb00000, 0x000000008eb00000, 0x000000008ec00000|  0%| F|  |TAMS 0x000000008eb00000, 0x000000008eb00000| Untracked 
| 236|0x000000008ec00000, 0x000000008ec00000, 0x000000008ed00000|  0%| F|  |TAMS 0x000000008ec00000, 0x000000008ec00000| Untracked 
| 237|0x000000008ed00000, 0x000000008ed00000, 0x000000008ee00000|  0%| F|  |TAMS 0x000000008ed00000, 0x000000008ed00000| Untracked 
| 238|0x000000008ee00000, 0x000000008ee00000, 0x000000008ef00000|  0%| F|  |TAMS 0x000000008ee00000, 0x000000008ee00000| Untracked 
| 239|0x000000008ef00000, 0x000000008ef00000, 0x000000008f000000|  0%| F|  |TAMS 0x000000008ef00000, 0x000000008ef00000| Untracked 
| 240|0x000000008f000000, 0x000000008f000000, 0x000000008f100000|  0%| F|  |TAMS 0x000000008f000000, 0x000000008f000000| Untracked 
| 241|0x000000008f100000, 0x000000008f100000, 0x000000008f200000|  0%| F|  |TAMS 0x000000008f100000, 0x000000008f100000| Untracked 
| 242|0x000000008f200000, 0x000000008f200000, 0x000000008f300000|  0%| F|  |TAMS 0x000000008f200000, 0x000000008f200000| Untracked 
| 243|0x000000008f300000, 0x000000008f300000, 0x000000008f400000|  0%| F|  |TAMS 0x000000008f300000, 0x000000008f300000| Untracked 
| 244|0x000000008f400000, 0x000000008f400000, 0x000000008f500000|  0%| F|  |TAMS 0x000000008f400000, 0x000000008f400000| Untracked 
| 245|0x000000008f500000, 0x000000008f500000, 0x000000008f600000|  0%| F|  |TAMS 0x000000008f500000, 0x000000008f500000| Untracked 
| 246|0x000000008f600000, 0x000000008f600000, 0x000000008f700000|  0%| F|  |TAMS 0x000000008f600000, 0x000000008f600000| Untracked 
| 247|0x000000008f700000, 0x000000008f700000, 0x000000008f800000|  0%| F|  |TAMS 0x000000008f700000, 0x000000008f700000| Untracked 
| 248|0x000000008f800000, 0x000000008f800000, 0x000000008f900000|  0%| F|  |TAMS 0x000000008f800000, 0x000000008f800000| Untracked 
| 249|0x000000008f900000, 0x000000008f900000, 0x000000008fa00000|  0%| F|  |TAMS 0x000000008f900000, 0x000000008f900000| Untracked 
| 250|0x000000008fa00000, 0x000000008fa00000, 0x000000008fb00000|  0%| F|  |TAMS 0x000000008fa00000, 0x000000008fa00000| Untracked 
| 251|0x000000008fb00000, 0x000000008fb00000, 0x000000008fc00000|  0%| F|  |TAMS 0x000000008fb00000, 0x000000008fb00000| Untracked 
| 252|0x000000008fc00000, 0x000000008fc651d8, 0x000000008fd00000| 39%| E|  |TAMS 0x000000008fc00000, 0x000000008fc00000| Complete 
| 253|0x000000008fd00000, 0x000000008fe00000, 0x000000008fe00000|100%| E|CS|TAMS 0x000000008fd00000, 0x000000008fd00000| Complete 
| 254|0x000000008fe00000, 0x000000008ff00000, 0x000000008ff00000|100%| E|CS|TAMS 0x000000008fe00000, 0x000000008fe00000| Complete 
| 255|0x000000008ff00000, 0x0000000090000000, 0x0000000090000000|100%| E|CS|TAMS 0x000000008ff00000, 0x000000008ff00000| Complete 
| 256|0x0000000090000000, 0x0000000090100000, 0x0000000090100000|100%| E|CS|TAMS 0x0000000090000000, 0x0000000090000000| Complete 
| 257|0x0000000090100000, 0x0000000090200000, 0x0000000090200000|100%| E|CS|TAMS 0x0000000090100000, 0x0000000090100000| Complete 
| 258|0x0000000090200000, 0x0000000090300000, 0x0000000090300000|100%| E|CS|TAMS 0x0000000090200000, 0x0000000090200000| Complete 
| 259|0x0000000090300000, 0x0000000090400000, 0x0000000090400000|100%| E|CS|TAMS 0x0000000090300000, 0x0000000090300000| Complete 
| 260|0x0000000090400000, 0x0000000090500000, 0x0000000090500000|100%| E|CS|TAMS 0x0000000090400000, 0x0000000090400000| Complete 
| 261|0x0000000090500000, 0x0000000090600000, 0x0000000090600000|100%| E|CS|TAMS 0x0000000090500000, 0x0000000090500000| Complete 
| 262|0x0000000090600000, 0x0000000090700000, 0x0000000090700000|100%| E|CS|TAMS 0x0000000090600000, 0x0000000090600000| Complete 
| 263|0x0000000090700000, 0x0000000090800000, 0x0000000090800000|100%| E|CS|TAMS 0x0000000090700000, 0x0000000090700000| Complete 
| 264|0x0000000090800000, 0x0000000090900000, 0x0000000090900000|100%| E|CS|TAMS 0x0000000090800000, 0x0000000090800000| Complete 
| 265|0x0000000090900000, 0x0000000090a00000, 0x0000000090a00000|100%| E|CS|TAMS 0x0000000090900000, 0x0000000090900000| Complete 
| 266|0x0000000090a00000, 0x0000000090b00000, 0x0000000090b00000|100%| E|CS|TAMS 0x0000000090a00000, 0x0000000090a00000| Complete 

Card table byte_map: [0x000002ecfaa50000,0x000002ecfae50000] _byte_map_base: 0x000002ecfa650000

Marking Bits (Prev, Next): (CMBitMap*) 0x000002ece1660030, (CMBitMap*) 0x000002ece1660070
 Prev Bits: [0x000002ecfb250000, 0x000002ecfd250000)
 Next Bits: [0x000002ecfd250000, 0x000002ecff250000)

Polling page: 0x000002eceb000000

Metaspace:

Usage:
  Non-class:     92.70 MB capacity,    91.53 MB ( 99%) used,     1.00 MB (  1%) free+waste,   161.81 KB ( <1%) overhead. 
      Class:     13.62 MB capacity,    13.19 MB ( 97%) used,   371.02 KB (  3%) free+waste,    64.31 KB ( <1%) overhead. 
       Both:    106.31 MB capacity,   104.73 MB ( 99%) used,     1.37 MB (  1%) free+waste,   226.12 KB ( <1%) overhead. 

Virtual space:
  Non-class space:       94.00 MB reserved,      92.85 MB ( 99%) committed 
      Class space:        1.00 GB reserved,      13.62 MB (  1%) committed 
             Both:        1.09 GB reserved,     106.48 MB ( 10%) committed 

Chunk freelists:
   Non-Class:  32.00 KB
       Class:  0 bytes
        Both:  32.00 KB

MaxMetaspaceSize: 17179869184.00 GB
CompressedClassSpaceSize: 1.00 GB

CodeHeap 'non-profiled nmethods': size=120000Kb used=6544Kb max_used=6544Kb free=113455Kb
 bounds [0x000002ecf2af0000, 0x000002ecf3160000, 0x000002ecfa020000]
CodeHeap 'profiled nmethods': size=120000Kb used=24009Kb max_used=24009Kb free=95990Kb
 bounds [0x000002eceb5c0000, 0x000002ececd40000, 0x000002ecf2af0000]
CodeHeap 'non-nmethods': size=5760Kb used=2463Kb max_used=2588Kb free=3296Kb
 bounds [0x000002eceb020000, 0x000002eceb2b0000, 0x000002eceb5c0000]
 total_blobs=13088 nmethods=12126 adapters=871
 compilation: enabled
              stopped_count=0, restarted_count=0
 full_count=0

Compilation events (20 events):
Event: 260.607 Thread 0x000002ecff8818b0 nmethod 13637 0x000002ececd01310 code [0x000002ececd01500, 0x000002ececd01a48]
Event: 260.607 Thread 0x000002ecff8818b0 13638       3       org.gradle.api.internal.artifacts.repositories.resolver.ExternalResourceResolver$LocalRepositoryAccess::resolveArtifact (1 bytes)
Event: 260.608 Thread 0x000002ec8321e980 nmethod 13634 0x000002ecf3138890 code [0x000002ecf3138a20, 0x000002ecf3138d48]
Event: 260.608 Thread 0x000002ecff8818b0 nmethod 13638 0x000002ececd01c10 code [0x000002ececd01da0, 0x000002ececd01e98]
Event: 260.608 Thread 0x000002ec8321e980 13635       4       org.gradle.cache.internal.btree.BTreePersistentIndexedCache::load (40 bytes)
Event: 260.608 Thread 0x000002ecff8818b0 13639       3       org.gradle.api.internal.artifacts.ivyservice.ivyresolve.CachingModuleComponentRepository::access$1200 (6 bytes)
Event: 260.608 Thread 0x000002ecff8818b0 nmethod 13639 0x000002ececd01f10 code [0x000002ececd020e0, 0x000002ececd024e8]
Event: 260.608 Thread 0x000002ecff8818b0 13640       3       org.gradle.api.internal.artifacts.ivyservice.modulecache.artifacts.InMemoryModuleArtifactCache::lookup (54 bytes)
Event: 260.608 Thread 0x000002ecff8818b0 nmethod 13640 0x000002ececd02690 code [0x000002ececd02860, 0x000002ececd02dc8]
Event: 260.609 Thread 0x000002ecff8818b0 13641       3       org.gradle.api.internal.artifacts.DefaultModuleVersionIdentifier::<init> (98 bytes)
Event: 260.609 Thread 0x000002ecff8818b0 nmethod 13641 0x000002ececd02f10 code [0x000002ececd030e0, 0x000002ececd034b8]
Event: 260.609 Thread 0x000002ecff8818b0 13642       3       org.gradle.api.internal.artifacts.ivyservice.resolutionstrategy.DefaultCachePolicy::artifactExpiry (97 bytes)
Event: 260.610 Thread 0x000002ecff8818b0 nmethod 13642 0x000002ececd03690 code [0x000002ececd038c0, 0x000002ececd042f8]
Event: 260.610 Thread 0x000002ecff8818b0 13643       3       org.gradle.api.internal.artifacts.ivyservice.resolutionstrategy.DefaultCachePolicy$CachedArtifactResolutionControl::<init> (23 bytes)
Event: 260.610 Thread 0x000002ecff8818b0 nmethod 13643 0x000002ececd04610 code [0x000002ececd047c0, 0x000002ececd04988]
Event: 260.610 Thread 0x000002ecff8818b0 13644       3       org.gradle.api.internal.artifacts.ivyservice.resolutionstrategy.DefaultCachePolicy$$Lambda$422/0x0000000800fdc148::execute (16 bytes)
Event: 260.610 Thread 0x000002ecff8818b0 nmethod 13644 0x000002ececd04a90 code [0x000002ececd04c60, 0x000002ececd05108]
Event: 260.611 Thread 0x000002ecff8818b0 13645       3       org.gradle.api.internal.artifacts.ivyservice.resolutionstrategy.DefaultCachePolicy$$Lambda$421/0x0000000800fdbf28::execute (16 bytes)
Event: 260.611 Thread 0x000002ecff8818b0 nmethod 13645 0x000002ececd05290 code [0x000002ececd05460, 0x000002ececd05888]
Event: 260.611 Thread 0x000002ec8321e980 nmethod 13635 0x000002ecf3138f90 code [0x000002ecf3139120, 0x000002ecf3139408]

GC Heap History (20 events):
Event: 14.126 GC heap before
{Heap before GC invocations=19 (full 0):
 garbage-first heap   total 174080K, used 142628K [0x0000000080000000, 0x0000000100000000)
  region size 1024K, 56 young (57344K), 5 survivors (5120K)
 Metaspace       used 70805K, capacity 72029K, committed 72296K, reserved 1112064K
  class space    used 9231K, capacity 9619K, committed 9728K, reserved 1048576K
}
Event: 14.136 GC heap after
{Heap after GC invocations=20 (full 0):
 garbage-first heap   total 174080K, used 94257K [0x0000000080000000, 0x0000000100000000)
  region size 1024K, 4 young (4096K), 4 survivors (4096K)
 Metaspace       used 70805K, capacity 72029K, committed 72296K, reserved 1112064K
  class space    used 9231K, capacity 9619K, committed 9728K, reserved 1048576K
}
Event: 14.860 GC heap before
{Heap before GC invocations=21 (full 0):
 garbage-first heap   total 174080K, used 129073K [0x0000000080000000, 0x0000000100000000)
  region size 1024K, 39 young (39936K), 4 survivors (4096K)
 Metaspace       used 74920K, capacity 76159K, committed 76392K, reserved 1116160K
  class space    used 9805K, capacity 10175K, committed 10240K, reserved 1048576K
}
Event: 14.869 GC heap after
{Heap after GC invocations=22 (full 0):
 garbage-first heap   total 174080K, used 96088K [0x0000000080000000, 0x0000000100000000)
  region size 1024K, 6 young (6144K), 6 survivors (6144K)
 Metaspace       used 74920K, capacity 76159K, committed 76392K, reserved 1116160K
  class space    used 9805K, capacity 10175K, committed 10240K, reserved 1048576K
}
Event: 15.783 GC heap before
{Heap before GC invocations=23 (full 0):
 garbage-first heap   total 188416K, used 150360K [0x0000000080000000, 0x0000000100000000)
  region size 1024K, 51 young (52224K), 6 survivors (6144K)
 Metaspace       used 77868K, capacity 79076K, committed 79208K, reserved 1118208K
  class space    used 10083K, capacity 10457K, committed 10496K, reserved 1048576K
}
Event: 15.797 GC heap after
{Heap after GC invocations=24 (full 0):
 garbage-first heap   total 188416K, used 113197K [0x0000000080000000, 0x0000000100000000)
  region size 1024K, 7 young (7168K), 7 survivors (7168K)
 Metaspace       used 77868K, capacity 79076K, committed 79208K, reserved 1118208K
  class space    used 10083K, capacity 10457K, committed 10496K, reserved 1048576K
}
Event: 15.927 GC heap before
{Heap before GC invocations=24 (full 0):
 garbage-first heap   total 188416K, used 120365K [0x0000000080000000, 0x0000000100000000)
  region size 1024K, 16 young (16384K), 7 survivors (7168K)
 Metaspace       used 79244K, capacity 80528K, committed 80616K, reserved 1120256K
  class space    used 10238K, capacity 10619K, committed 10624K, reserved 1048576K
}
Event: 15.934 GC heap after
{Heap after GC invocations=25 (full 0):
 garbage-first heap   total 188416K, used 115409K [0x0000000080000000, 0x0000000100000000)
  region size 1024K, 2 young (2048K), 2 survivors (2048K)
 Metaspace       used 79244K, capacity 80528K, committed 80616K, reserved 1120256K
  class space    used 10238K, capacity 10619K, committed 10624K, reserved 1048576K
}
Event: 16.944 GC heap before
{Heap before GC invocations=26 (full 0):
 garbage-first heap   total 209920K, used 158417K [0x0000000080000000, 0x0000000100000000)
  region size 1024K, 43 young (44032K), 2 survivors (2048K)
 Metaspace       used 86867K, capacity 88153K, committed 88424K, reserved 1126400K
  class space    used 11128K, capacity 11504K, committed 11520K, reserved 1048576K
}
Event: 16.949 GC heap after
{Heap after GC invocations=27 (full 0):
 garbage-first heap   total 209920K, used 116198K [0x0000000080000000, 0x0000000100000000)
  region size 1024K, 3 young (3072K), 3 survivors (3072K)
 Metaspace       used 86867K, capacity 88153K, committed 88424K, reserved 1126400K
  class space    used 11128K, capacity 11504K, committed 11520K, reserved 1048576K
}
Event: 17.936 GC heap before
{Heap before GC invocations=27 (full 0):
 garbage-first heap   total 209920K, used 168422K [0x0000000080000000, 0x0000000100000000)
  region size 1024K, 55 young (56320K), 3 survivors (3072K)
 Metaspace       used 90059K, capacity 91498K, committed 91752K, reserved 1128448K
  class space    used 11554K, capacity 11969K, committed 12032K, reserved 1048576K
}
Event: 17.949 GC heap after
{Heap after GC invocations=28 (full 0):
 garbage-first heap   total 209920K, used 120833K [0x0000000080000000, 0x0000000100000000)
  region size 1024K, 7 young (7168K), 7 survivors (7168K)
 Metaspace       used 90059K, capacity 91498K, committed 91752K, reserved 1128448K
  class space    used 11554K, capacity 11969K, committed 12032K, reserved 1048576K
}
Event: 19.236 GC heap before
{Heap before GC invocations=29 (full 0):
 garbage-first heap   total 215040K, used 171009K [0x0000000080000000, 0x0000000100000000)
  region size 1024K, 57 young (58368K), 7 survivors (7168K)
 Metaspace       used 91233K, capacity 92593K, committed 92904K, reserved 1130496K
  class space    used 11677K, capacity 12098K, committed 12160K, reserved 1048576K
}
Event: 19.254 GC heap after
{Heap after GC invocations=30 (full 0):
 garbage-first heap   total 215040K, used 124319K [0x0000000080000000, 0x0000000100000000)
  region size 1024K, 4 young (4096K), 4 survivors (4096K)
 Metaspace       used 91233K, capacity 92593K, committed 92904K, reserved 1130496K
  class space    used 11677K, capacity 12098K, committed 12160K, reserved 1048576K
}
Event: 20.264 GC heap before
{Heap before GC invocations=30 (full 0):
 garbage-first heap   total 215040K, used 177567K [0x0000000080000000, 0x0000000100000000)
  region size 1024K, 56 young (57344K), 4 survivors (4096K)
 Metaspace       used 95974K, capacity 97406K, committed 97640K, reserved 1134592K
  class space    used 12289K, capacity 12715K, committed 12800K, reserved 1048576K
}
Event: 20.275 GC heap after
{Heap after GC invocations=31 (full 0):
 garbage-first heap   total 215040K, used 127385K [0x0000000080000000, 0x0000000100000000)
  region size 1024K, 7 young (7168K), 7 survivors (7168K)
 Metaspace       used 95974K, capacity 97406K, committed 97640K, reserved 1134592K
  class space    used 12289K, capacity 12715K, committed 12800K, reserved 1048576K
}
Event: 21.265 GC heap before
{Heap before GC invocations=32 (full 0):
 garbage-first heap   total 227328K, used 176537K [0x0000000080000000, 0x0000000100000000)
  region size 1024K, 56 young (57344K), 7 survivors (7168K)
 Metaspace       used 101086K, capacity 102437K, committed 102504K, reserved 1138688K
  class space    used 12917K, capacity 13301K, committed 13312K, reserved 1048576K
}
Event: 21.280 GC heap after
{Heap after GC invocations=33 (full 0):
 garbage-first heap   total 227328K, used 131096K [0x0000000080000000, 0x0000000100000000)
  region size 1024K, 7 young (7168K), 7 survivors (7168K)
 Metaspace       used 101086K, capacity 102437K, committed 102504K, reserved 1138688K
  class space    used 12917K, capacity 13301K, committed 13312K, reserved 1048576K
}
Event: 260.347 GC heap before
{Heap before GC invocations=33 (full 0):
 garbage-first heap   total 227328K, used 187416K [0x0000000080000000, 0x0000000100000000)
  region size 1024K, 63 young (64512K), 7 survivors (7168K)
 Metaspace       used 107121K, capacity 108736K, committed 108776K, reserved 1144832K
  class space    used 13508K, capacity 13944K, committed 13952K, reserved 1048576K
}
Event: 260.364 GC heap after
{Heap after GC invocations=34 (full 0):
 garbage-first heap   total 273408K, used 135810K [0x0000000080000000, 0x0000000100000000)
  region size 1024K, 8 young (8192K), 8 survivors (8192K)
 Metaspace       used 107121K, capacity 108736K, committed 108776K, reserved 1144832K
  class space    used 13508K, capacity 13944K, committed 13952K, reserved 1048576K
}

Deoptimization events (20 events):
Event: 260.116 Thread 0x000002ec8909ac10 Uncommon trap: trap_request=0xffffff45 fr.pc=0x000002ecf2e41ffc relative=0x000000000000063c
Event: 260.116 Thread 0x000002ec8909ac10 Uncommon trap: reason=unstable_if action=reinterpret pc=0x000002ecf2e41ffc method=java.lang.ThreadLocal$ThreadLocalMap.remove(Ljava/lang/ThreadLocal;)V @ 26 c2
Event: 260.116 Thread 0x000002ec8909ac10 DEOPT PACKING pc=0x000002ecf2e41ffc sp=0x000000ff8fff9fb0
Event: 260.116 Thread 0x000002ec8909ac10 DEOPT UNPACKING pc=0x000002eceb06e42f sp=0x000000ff8fff9ef8 mode 2
Event: 260.230 Thread 0x000002ec8909ac10 Uncommon trap: trap_request=0xffffffc6 fr.pc=0x000002ecf306363c relative=0x00000000000003fc
Event: 260.230 Thread 0x000002ec8909ac10 Uncommon trap: reason=bimorphic_or_optimized_type_check action=maybe_recompile pc=0x000002ecf306363c method=com.google.common.collect.NaturalOrdering.compare(Ljava/lang/Comparable;Ljava/lang/Comparable;)I @ 12 c2
Event: 260.230 Thread 0x000002ec8909ac10 DEOPT PACKING pc=0x000002ecf306363c sp=0x000000ff8fff8220
Event: 260.230 Thread 0x000002ec8909ac10 DEOPT UNPACKING pc=0x000002eceb06e42f sp=0x000000ff8fff8168 mode 2
Event: 260.234 Thread 0x000002ec8909ac10 Uncommon trap: trap_request=0xffffffc6 fr.pc=0x000002ecf306363c relative=0x00000000000003fc
Event: 260.234 Thread 0x000002ec8909ac10 Uncommon trap: reason=bimorphic_or_optimized_type_check action=maybe_recompile pc=0x000002ecf306363c method=com.google.common.collect.NaturalOrdering.compare(Ljava/lang/Comparable;Ljava/lang/Comparable;)I @ 12 c2
Event: 260.234 Thread 0x000002ec8909ac10 DEOPT PACKING pc=0x000002ecf306363c sp=0x000000ff8fff8220
Event: 260.234 Thread 0x000002ec8909ac10 DEOPT UNPACKING pc=0x000002eceb06e42f sp=0x000000ff8fff8168 mode 2
Event: 260.290 Thread 0x000002ec8909ac10 Uncommon trap: trap_request=0xffffffc6 fr.pc=0x000002ecf306363c relative=0x00000000000003fc
Event: 260.290 Thread 0x000002ec8909ac10 Uncommon trap: reason=bimorphic_or_optimized_type_check action=maybe_recompile pc=0x000002ecf306363c method=com.google.common.collect.NaturalOrdering.compare(Ljava/lang/Comparable;Ljava/lang/Comparable;)I @ 12 c2
Event: 260.290 Thread 0x000002ec8909ac10 DEOPT PACKING pc=0x000002ecf306363c sp=0x000000ff8fff8240
Event: 260.290 Thread 0x000002ec8909ac10 DEOPT UNPACKING pc=0x000002eceb06e42f sp=0x000000ff8fff8188 mode 2
Event: 260.293 Thread 0x000002ec8909ac10 Uncommon trap: trap_request=0xffffffc6 fr.pc=0x000002ecf306363c relative=0x00000000000003fc
Event: 260.293 Thread 0x000002ec8909ac10 Uncommon trap: reason=bimorphic_or_optimized_type_check action=maybe_recompile pc=0x000002ecf306363c method=com.google.common.collect.NaturalOrdering.compare(Ljava/lang/Comparable;Ljava/lang/Comparable;)I @ 12 c2
Event: 260.293 Thread 0x000002ec8909ac10 DEOPT PACKING pc=0x000002ecf306363c sp=0x000000ff8fff8240
Event: 260.293 Thread 0x000002ec8909ac10 DEOPT UNPACKING pc=0x000002eceb06e42f sp=0x000000ff8fff8188 mode 2

Classes unloaded (13 events):
Event: 7.223 Thread 0x000002ecff856e80 Unloading class 0x0000000800c9a440 'java/lang/invoke/LambdaForm$DMH+0x0000000800c9a440'
Event: 14.298 Thread 0x000002ecff856e80 Unloading class 0x0000000801098840 '_BuildScript_$_run_closure1'
Event: 14.298 Thread 0x000002ecff856e80 Unloading class 0x0000000801099040 '_BuildScript_'
Event: 15.052 Thread 0x000002ecff856e80 Unloading class 0x00000008013f0fe0 '_BuildScript_$_run_closure2'
Event: 15.052 Thread 0x000002ecff856e80 Unloading class 0x00000008013f0bf8 '_BuildScript_$_run_closure1$_closure7'
Event: 15.052 Thread 0x000002ecff856e80 Unloading class 0x00000008013f0810 '_BuildScript_$_run_closure1$_closure6'
Event: 15.052 Thread 0x000002ecff856e80 Unloading class 0x00000008013f0428 '_BuildScript_$_run_closure1$_closure5'
Event: 15.052 Thread 0x000002ecff856e80 Unloading class 0x00000008013f0040 '_BuildScript_$_run_closure1$_closure4$_closure8'
Event: 15.052 Thread 0x000002ecff856e80 Unloading class 0x00000008013e8040 '_BuildScript_$_run_closure1$_closure4'
Event: 15.052 Thread 0x000002ecff856e80 Unloading class 0x00000008012b2040 '_BuildScript_$_run_closure1$_closure3'
Event: 15.052 Thread 0x000002ecff856e80 Unloading class 0x00000008012b2840 '_BuildScript_$_run_closure1'
Event: 15.052 Thread 0x000002ecff856e80 Unloading class 0x00000008012b3040 '_BuildScript_'
Event: 20.524 Thread 0x000002ecff856e80 Unloading class 0x000000080162ac40 'java/lang/invoke/LambdaForm$DMH+0x000000080162ac40'

Classes redefined (0 events):
No events

Internal exceptions (20 events):
Event: 21.632 Thread 0x000002ec843c0f20 Exception <a 'java/lang/NoSuchMethodError'{0x000000008c3b5ed0}: static Lorg/gradle/internal/classloader/VisitableURLClassLoader$Spec;.<clinit>()V> (0x000000008c3b5ed0) 
thrown [./open/src/hotspot/share/prims/jni.cpp, line 1204]
Event: 21.634 Thread 0x000002ec843c0f20 Exception <a 'java/lang/NoSuchMethodError'{0x000000008c3cf630}: static [Ljava/net/URL;.<clinit>()V> (0x000000008c3cf630) 
thrown [./open/src/hotspot/share/prims/jni.cpp, line 1204]
Event: 21.645 Thread 0x000002ec843c0f20 Exception <a 'java/lang/NoSuchMethodError'{0x000000008c3ec8d0}: static Lorg/gradle/internal/classloader/FilteringClassLoader$Spec;.<clinit>()V> (0x000000008c3ec8d0) 
thrown [./open/src/hotspot/share/prims/jni.cpp, line 1204]
Event: 21.646 Thread 0x000002ec843c0f20 Exception <a 'java/lang/NoSuchMethodError'{0x000000008c3fbd68}: static Lorg/gradle/internal/classloader/CachingClassLoader$Spec;.<clinit>()V> (0x000000008c3fbd68) 
thrown [./open/src/hotspot/share/prims/jni.cpp, line 1204]
Event: 21.749 Thread 0x000002ec8909c420 Exception <a 'sun/nio/fs/WindowsException'{0x000000008c281598}> (0x000000008c281598) 
thrown [./open/src/hotspot/share/prims/jni.cpp, line 578]
Event: 21.787 Thread 0x000002ec843c35a0 Exception <a 'java/lang/NoSuchMethodError'{0x000000008c2ebd70}: 'int java.lang.invoke.DirectMethodHandle$Holder.invokeVirtual(java.lang.Object, java.lang.Object, java.lang.Object)'> (0x000000008c2ebd70) 
thrown [./open/src/hotspot/share/interpreter/linkResolver.cpp, line 782]
Event: 21.788 Thread 0x000002ec843c35a0 Exception <a 'java/lang/IncompatibleClassChangeError'{0x000000008c2f5fc0}: Found class java.lang.Object, but interface was expected> (0x000000008c2f5fc0) 
thrown [./open/src/hotspot/share/interpreter/linkResolver.cpp, line 848]
Event: 22.748 Thread 0x000002ec84760880 Implicit null exception at 0x000002ecf2b30674 to 0x000002ecf2b30c10
Event: 22.748 Thread 0x000002ec84760880 Implicit null exception at 0x000002ecf2e8e274 to 0x000002ecf2e8e8fc
Event: 259.900 Thread 0x000002ec8909ac10 Implicit null exception at 0x000002ecf2e3daa4 to 0x000002ecf2e3e4b0
Event: 259.956 Thread 0x000002ec858bac50 Exception <a 'sun/nio/fs/WindowsException'{0x000000008afcf9b8}> (0x000000008afcf9b8) 
thrown [./open/src/hotspot/share/prims/jni.cpp, line 578]
Event: 259.966 Thread 0x000002ec858bac50 Exception <a 'sun/nio/fs/WindowsException'{0x000000008ae569d8}> (0x000000008ae569d8) 
thrown [./open/src/hotspot/share/prims/jni.cpp, line 578]
Event: 259.967 Thread 0x000002ec858bac50 Exception <a 'sun/nio/fs/WindowsException'{0x000000008ae56b50}> (0x000000008ae56b50) 
thrown [./open/src/hotspot/share/prims/jni.cpp, line 578]
Event: 259.974 Thread 0x000002ec8909ac10 Exception <a 'java/lang/ClassNotFoundException'{0x000000008aec6930}: sync_studio_tooling4_5qb1hcuk7szvvrhyarkhrt9ypBeanInfo> (0x000000008aec6930) 
thrown [./open/src/hotspot/share/classfile/systemDictionary.cpp, line 295]
Event: 259.975 Thread 0x000002ec8909ac10 Exception <a 'java/lang/ClassNotFoundException'{0x000000008aeccab8}: sync_studio_tooling4_5qb1hcuk7szvvrhyarkhrt9ypCustomizer> (0x000000008aeccab8) 
thrown [./open/src/hotspot/share/classfile/systemDictionary.cpp, line 295]
Event: 260.018 Thread 0x000002ec858bf950 Exception <a 'sun/nio/fs/WindowsException'{0x000000008ad2bca0}> (0x000000008ad2bca0) 
thrown [./open/src/hotspot/share/prims/jni.cpp, line 578]
Event: 260.030 Thread 0x000002ec858bf950 Exception <a 'sun/nio/fs/WindowsException'{0x000000008ad81e28}> (0x000000008ad81e28) 
thrown [./open/src/hotspot/share/prims/jni.cpp, line 578]
Event: 260.034 Thread 0x000002ec858bf950 Exception <a 'sun/nio/fs/WindowsException'{0x000000008ad81f98}> (0x000000008ad81f98) 
thrown [./open/src/hotspot/share/prims/jni.cpp, line 578]
Event: 260.043 Thread 0x000002ec8909ac10 Exception <a 'java/lang/ClassNotFoundException'{0x000000008adea130}: sync_studio_tooling4_5qb1hcuk7szvvrhyarkhrt9ypBeanInfo> (0x000000008adea130) 
thrown [./open/src/hotspot/share/classfile/systemDictionary.cpp, line 295]
Event: 260.044 Thread 0x000002ec8909ac10 Exception <a 'java/lang/ClassNotFoundException'{0x000000008adf0238}: sync_studio_tooling4_5qb1hcuk7szvvrhyarkhrt9ypCustomizer> (0x000000008adf0238) 
thrown [./open/src/hotspot/share/classfile/systemDictionary.cpp, line 295]

Events (20 events):
Event: 260.571 Thread 0x000002ec84bf0060 Thread added: 0x000002ec84bf0060
Event: 260.571 Thread 0x000002ec88379660 Thread added: 0x000002ec88379660
Event: 260.572 Thread 0x000002ec8837ae70 Thread added: 0x000002ec8837ae70
Event: 260.575 Thread 0x000002ec88379190 Thread added: 0x000002ec88379190
Event: 260.575 Thread 0x000002ec88376b10 Thread added: 0x000002ec88376b10
Event: 260.575 Thread 0x000002ec88379b30 Thread added: 0x000002ec88379b30
Event: 260.575 Thread 0x000002ec8837b340 Thread added: 0x000002ec8837b340
Event: 260.575 Thread 0x000002ec88375ca0 Thread added: 0x000002ec88375ca0
Event: 260.576 Thread 0x000002ec8837bce0 Thread added: 0x000002ec8837bce0
Event: 260.576 Thread 0x000002ec88377980 Thread added: 0x000002ec88377980
Event: 260.576 Thread 0x000002ec8837b810 Thread added: 0x000002ec8837b810
Event: 260.576 Thread 0x000002ec88376170 Thread added: 0x000002ec88376170
Event: 260.577 Thread 0x000002ec88376640 Thread added: 0x000002ec88376640
Event: 260.577 Thread 0x000002ec883787f0 Thread added: 0x000002ec883787f0
Event: 260.577 Thread 0x000002ec88374490 Thread added: 0x000002ec88374490
Event: 260.577 Thread 0x000002ec88378320 Thread added: 0x000002ec88378320
Event: 260.577 Thread 0x000002ec88376fe0 Thread added: 0x000002ec88376fe0
Event: 260.577 Thread 0x000002ec88378cc0 Thread added: 0x000002ec88378cc0
Event: 260.578 Thread 0x000002ec883774b0 Thread added: 0x000002ec883774b0
Event: 260.578 Thread 0x000002ec88377e50 Thread added: 0x000002ec88377e50


Dynamic libraries:
0x00007ff7d3da0000 - 0x00007ff7d3dad000 	C:\Program Files\Java\jdk-15\bin\java.exe
0x00007ffe67a70000 - 0x00007ffe67c65000 	C:\Windows\SYSTEM32\ntdll.dll
0x00007ffe67790000 - 0x00007ffe6784e000 	C:\Windows\System32\KERNEL32.DLL
0x00007ffe653f0000 - 0x00007ffe656b8000 	C:\Windows\System32\KERNELBASE.dll
0x00007ffe652f0000 - 0x00007ffe653f0000 	C:\Windows\System32\ucrtbase.dll
0x00007ffe602e0000 - 0x00007ffe602f9000 	C:\Program Files\Java\jdk-15\bin\VCRUNTIME140.dll
0x00007ffe51940000 - 0x00007ffe51958000 	C:\Program Files\Java\jdk-15\bin\jli.dll
0x00007ffe65a90000 - 0x00007ffe65c30000 	C:\Windows\System32\USER32.dll
0x00007ffe652c0000 - 0x00007ffe652e2000 	C:\Windows\System32\win32u.dll
0x00007ffe51b80000 - 0x00007ffe51e1a000 	C:\Windows\WinSxS\amd64_microsoft.windows.common-controls_6595b64144ccf1df_6.0.19041.1110_none_60b5254171f9507e\COMCTL32.dll
0x00007ffe674c0000 - 0x00007ffe674eb000 	C:\Windows\System32\GDI32.dll
0x00007ffe660b0000 - 0x00007ffe6614e000 	C:\Windows\System32\msvcrt.dll
0x00007ffe656f0000 - 0x00007ffe657fd000 	C:\Windows\System32\gdi32full.dll
0x00007ffe65960000 - 0x00007ffe659fd000 	C:\Windows\System32\msvcp_win.dll
0x00007ffe667b0000 - 0x00007ffe667e0000 	C:\Windows\System32\IMM32.DLL
0x00007ffe60250000 - 0x00007ffe6025c000 	C:\Program Files\Java\jdk-15\bin\vcruntime140_1.dll
0x00007ffe518a0000 - 0x00007ffe51931000 	C:\Program Files\Java\jdk-15\bin\msvcp140.dll
0x00007ffde84c0000 - 0x00007ffde901c000 	C:\Program Files\Java\jdk-15\bin\server\jvm.dll
0x00007ffe66700000 - 0x00007ffe667ae000 	C:\Windows\System32\ADVAPI32.dll
0x00007ffe664b0000 - 0x00007ffe6654c000 	C:\Windows\System32\sechost.dll
0x00007ffe67580000 - 0x00007ffe676a5000 	C:\Windows\System32\RPCRT4.dll
0x00007ffe679f0000 - 0x00007ffe679f8000 	C:\Windows\System32\PSAPI.DLL
0x00007ffe60f30000 - 0x00007ffe60f39000 	C:\Windows\SYSTEM32\WSOCK32.dll
0x00007ffe4e880000 - 0x00007ffe4e8a7000 	C:\Windows\SYSTEM32\WINMM.dll
0x00007ffe67980000 - 0x00007ffe679eb000 	C:\Windows\System32\WS2_32.dll
0x00007ffe5cf10000 - 0x00007ffe5cf1a000 	C:\Windows\SYSTEM32\VERSION.dll
0x00007ffe63040000 - 0x00007ffe63052000 	C:\Windows\SYSTEM32\kernel.appcore.dll
0x00007ffe51890000 - 0x00007ffe5189a000 	C:\Program Files\Java\jdk-15\bin\jimage.dll
0x00007ffe4deb0000 - 0x00007ffe4e094000 	C:\Windows\SYSTEM32\DBGHELP.DLL
0x00007ffe434d0000 - 0x00007ffe434fc000 	C:\Windows\SYSTEM32\dbgcore.DLL
0x00007ffe65a00000 - 0x00007ffe65a82000 	C:\Windows\System32\bcryptPrimitives.dll
0x00007ffe51720000 - 0x00007ffe51745000 	C:\Program Files\Java\jdk-15\bin\java.dll
0x00007ffe66d70000 - 0x00007ffe674b4000 	C:\Windows\System32\SHELL32.dll
0x00007ffe63240000 - 0x00007ffe639d4000 	C:\Windows\SYSTEM32\windows.storage.dll
0x00007ffe668b0000 - 0x00007ffe66c05000 	C:\Windows\System32\combase.dll
0x00007ffe64ba0000 - 0x00007ffe64bce000 	C:\Windows\SYSTEM32\Wldp.dll
0x00007ffe66c10000 - 0x00007ffe66cbd000 	C:\Windows\System32\SHCORE.dll
0x00007ffe66150000 - 0x00007ffe661a5000 	C:\Windows\System32\shlwapi.dll
0x00007ffe65090000 - 0x00007ffe650af000 	C:\Windows\SYSTEM32\profapi.dll
0x00007ffe516c0000 - 0x00007ffe516d9000 	C:\Program Files\Java\jdk-15\bin\net.dll
0x00007ffe51a70000 - 0x00007ffe51b7c000 	C:\Windows\SYSTEM32\WINHTTP.dll
0x00007ffe64900000 - 0x00007ffe6496a000 	C:\Windows\system32\mswsock.dll
0x00007ffe51360000 - 0x00007ffe51372000 	C:\Program Files\Java\jdk-15\bin\nio.dll
0x00007ffe51340000 - 0x00007ffe51358000 	C:\Program Files\Java\jdk-15\bin\zip.dll
0x00007ffe51880000 - 0x00007ffe51890000 	C:\Program Files\Java\jdk-15\bin\verify.dll
0x00007ffe51750000 - 0x00007ffe51777000 	C:\Users\Suyatna\.gradle\native\e1d6ef7f7dcc3fd88c89a11ec53ec762bb8ba0a96d01ffa2cd45eb1d1d8dd5c5\windows-amd64\native-platform.dll
0x00007ffe36530000 - 0x00007ffe36674000 	C:\Users\Suyatna\.gradle\native\5664cfc778a61ccfe75a443a1ab52a65af34e5dc3c78e0209fed803814484fcb\windows-amd64\native-platform-file-events.dll
0x00007ffe51860000 - 0x00007ffe51869000 	C:\Program Files\Java\jdk-15\bin\management.dll
0x00007ffe4fba0000 - 0x00007ffe4fbab000 	C:\Program Files\Java\jdk-15\bin\management_ext.dll
0x00007ffe64af0000 - 0x00007ffe64b08000 	C:\Windows\SYSTEM32\CRYPTSP.dll
0x00007ffe64210000 - 0x00007ffe64244000 	C:\Windows\system32\rsaenh.dll
0x00007ffe656c0000 - 0x00007ffe656e7000 	C:\Windows\System32\bcrypt.dll
0x00007ffe65010000 - 0x00007ffe6503e000 	C:\Windows\SYSTEM32\USERENV.dll
0x00007ffe64b10000 - 0x00007ffe64b1c000 	C:\Windows\SYSTEM32\CRYPTBASE.dll
0x00007ffe645a0000 - 0x00007ffe645db000 	C:\Windows\SYSTEM32\IPHLPAPI.DLL
0x00007ffe67850000 - 0x00007ffe67858000 	C:\Windows\System32\NSI.dll
0x00007ffe5abc0000 - 0x00007ffe5abd7000 	C:\Windows\SYSTEM32\dhcpcsvc6.DLL
0x00007ffe5c690000 - 0x00007ffe5c6ad000 	C:\Windows\SYSTEM32\dhcpcsvc.DLL
0x00007ffe645f0000 - 0x00007ffe646bb000 	C:\Windows\SYSTEM32\DNSAPI.dll

dbghelp: loaded successfully - version: 4.0.5 - missing functions: none
symbol engine: initialized successfully - sym options: 0x614 - pdb path: .;C:\Program Files\Java\jdk-15\bin;C:\Windows\SYSTEM32;C:\Windows\WinSxS\amd64_microsoft.windows.common-controls_6595b64144ccf1df_6.0.19041.1110_none_60b5254171f9507e;C:\Program Files\Java\jdk-15\bin\server;C:\Users\Suyatna\.gradle\native\e1d6ef7f7dcc3fd88c89a11ec53ec762bb8ba0a96d01ffa2cd45eb1d1d8dd5c5\windows-amd64;C:\Users\Suyatna\.gradle\native\5664cfc778a61ccfe75a443a1ab52a65af34e5dc3c78e0209fed803814484fcb\windows-amd64

VM Arguments:
jvm_args: --add-opens=java.base/java.util=ALL-UNNAMED --add-opens=java.base/java.lang=ALL-UNNAMED --add-opens=java.base/java.lang.invoke=ALL-UNNAMED --add-opens=java.base/java.util=ALL-UNNAMED --add-opens=java.prefs/java.util.prefs=ALL-UNNAMED --add-opens=java.prefs/java.util.prefs=ALL-UNNAMED --add-opens=java.base/java.nio.charset=ALL-UNNAMED --add-opens=java.base/java.net=ALL-UNNAMED --add-opens=java.base/java.util.concurrent.atomic=ALL-UNNAMED -Xmx2048m -Dfile.encoding=UTF-8 -Duser.country=US -Duser.language=en -Duser.variant 
java_command: org.gradle.launcher.daemon.bootstrap.GradleDaemon 7.2
java_class_path (initial): C:\Users\Suyatna\.gradle\wrapper\dists\gradle-7.2-bin\2dnblmf4td7x66yl1d74lt32g\gradle-7.2\lib\gradle-launcher-7.2.jar
Launcher Type: SUN_STANDARD

[Global flags]
     intx CICompilerCount                          = 3                                         {product} {ergonomic}
     uint ConcGCThreads                            = 1                                         {product} {ergonomic}
     uint G1ConcRefinementThreads                  = 4                                         {product} {ergonomic}
   size_t G1HeapRegionSize                         = 1048576                                   {product} {ergonomic}
    uintx GCDrainStackTargetSize                   = 64                                        {product} {ergonomic}
   size_t InitialHeapSize                          = 134217728                                 {product} {ergonomic}
   size_t MarkStackSize                            = 4194304                                   {product} {ergonomic}
   size_t MaxHeapSize                              = 2147483648                                {product} {command line}
   size_t MaxNewSize                               = 1287651328                                {product} {ergonomic}
   size_t MinHeapDeltaBytes                        = 1048576                                   {product} {ergonomic}
   size_t MinHeapSize                              = 8388608                                   {product} {ergonomic}
    uintx NonNMethodCodeHeapSize                   = 5832780                                {pd product} {ergonomic}
    uintx NonProfiledCodeHeapSize                  = 122912730                              {pd product} {ergonomic}
    uintx ProfiledCodeHeapSize                     = 122912730                              {pd product} {ergonomic}
    uintx ReservedCodeCacheSize                    = 251658240                              {pd product} {ergonomic}
     bool SegmentedCodeCache                       = true                                      {product} {ergonomic}
   size_t SoftMaxHeapSize                          = 2147483648                             {manageable} {ergonomic}
     bool UseCompressedClassPointers               = true                                 {lp64_product} {ergonomic}
     bool UseCompressedOops                        = true                                 {lp64_product} {ergonomic}
     bool UseG1GC                                  = true                                      {product} {ergonomic}
     bool UseLargePagesIndividualAllocation        = false                                  {pd product} {ergonomic}

Logging:
Log output configuration:
 #0: stdout all=warning uptime,level,tags
 #1: stderr all=off uptime,level,tags

Environment Variables:
JAVA_HOME=C:\Program Files\Java\jdk-15
PATH=C:\Program Files\Common Files\Oracle\Java\javapath;C:\Program Files (x86)\Common Files\Oracle\Java\javapath;C:\Program Files (x86)\Intel\iCLS Client\;C:\Program Files\Intel\iCLS Client\;C:\Windows\system32;C:\Windows;C:\Windows\System32\Wbem;C:\Windows\System32\WindowsPowerShell\v1.0\;C:\Windows\System32\OpenSSH\;C:\Program Files (x86)\Intel\Intel(R) Management Engine Components\DAL;C:\Program Files\Intel\Intel(R) Management Engine Components\DAL;C:\Program Files (x86)\Intel\Intel(R) Management Engine Components\IPT;C:\Program Files\Intel\Intel(R) Management Engine Components\IPT;C:\Program Files (x86)\NVIDIA Corporation\PhysX\Common;C:\Program Files\NVIDIA Corporation\NVIDIA NvDLISR;C:\Program Files\Git\cmd;C:\Program Files\Java\jdk-15\bin;C:\Program Files\dotnet\;C:\ProgramData\chocolatey\bin;C:\ProgramData\chocolatey\lib\mpv.install\tools;C:\Program Files\Go\bin;C:\Program Files (x86)\Gpg4win\..\GnuPG\bin;C:\Gradle\gradle-7.4\bin;C:\Users\Suyatna\AppData\Local\Programs\Python\Python310\Scripts\;C:\Users\Suyatna\AppData\Local\Programs\Python\Python310\;C:\Users\Suyatna\scoop\shims;C:\Users\Suyatna\AppData\Local\Microsoft\WindowsApps;C:\Users\Suyatna\AppData\Local\Programs\Microsoft VS Code\bin;C:\Users\Suyatna\.dotnet\tools;C:\Users\Suyatna\go\bin
USERNAME=Suyatna
OS=Windows_NT
PROCESSOR_IDENTIFIER=Intel64 Family 6 Model 78 Stepping 3, GenuineIntel



---------------  S Y S T E M  ---------------

OS:
 Windows 10 , 64 bit Build 19041 (10.0.19041.1503)
OS uptime: 0 days 2:27 hours

CPU: total 4 (initial active 4) (2 cores per cpu, 2 threads per core) family 6 model 78 stepping 3, cmov, cx8, fxsr, mmx, sse, sse2, sse3, ssse3, sse4.1, sse4.2, popcnt, vzeroupper, avx, avx2, aes, clmul, erms, 3dnowpref, lzcnt, ht, tsc, tscinvbit, bmi1, bmi2, adx, fma, clflush, clflushopt

Memory: 4k page, system-wide physical 8085M (680M free)
TotalPageFile size 13205M (AvailPageFile size 2492M)
current process WorkingSet (physical memory assigned to process): 532M, peak: 532M
current process commit charge ("private bytes"): 605M, peak: 608M

vm_info: OpenJDK 64-Bit Server VM (15+36-1562) for windows-amd64 JRE (15+36-1562), built on Aug 11 2020 22:33:04 by "mach5one" with unknown MS VC++:1925

END.
