#
# A fatal error has been detected by the Java Runtime Environment:
#
#  EXCEPTION_ACCESS_VIOLATION (0xc0000005) at pc=0x00007ffa5fdc1b41, pid=9576, tid=10156
#
# JRE version: OpenJDK Runtime Environment (15.0+36) (build 15+36-1562)
# Java VM: OpenJDK 64-Bit Server VM (15+36-1562, mixed mode, sharing, tiered, compressed oops, g1 gc, windows-amd64)
# Problematic frame:
# V  [jvm.dll+0x181b41]
#
# No core dump will be written. Minidumps are not enabled by default on client versions of Windows
#
# If you would like to submit a bug report, please visit:
#   https://bugreport.java.com/bugreport/crash.jsp
#

---------------  S U M M A R Y ------------

Command Line: --add-opens=java.base/java.util=ALL-UNNAMED --add-opens=java.base/java.lang=ALL-UNNAMED --add-opens=java.base/java.lang.invoke=ALL-UNNAMED --add-opens=java.base/java.util=ALL-UNNAMED --add-opens=java.prefs/java.util.prefs=ALL-UNNAMED --add-opens=java.prefs/java.util.prefs=ALL-UNNAMED --add-opens=java.base/java.nio.charset=ALL-UNNAMED --add-opens=java.base/java.net=ALL-UNNAMED --add-opens=java.base/java.util.concurrent.atomic=ALL-UNNAMED -Xmx2048m -Dfile.encoding=UTF-8 -Duser.country=US -Duser.language=en -Duser.variant org.gradle.launcher.daemon.bootstrap.GradleDaemon 7.2

Host: Intel(R) Core(TM) i5-6198DU CPU @ 2.30GHz, 4 cores, 7G,  Windows 10 , 64 bit Build 19041 (10.0.19041.1645)
Time: Sun Apr 17 14:54:08 2022 SE Asia Standard Time elapsed time: 834.316535 seconds (0d 0h 13m 54s)

---------------  T H R E A D  ---------------

Current thread (0x000001fe21981420):  ConcurrentGCThread "G1 Conc#0" [stack: 0x00000010d2100000,0x00000010d2200000] [id=10156]

Stack: [0x00000010d2100000,0x00000010d2200000],  sp=0x00000010d21ff3d8,  free space=1020k
Native frames: (J=compiled Java code, j=interpreted, Vv=VM code, C=native code)
V  [jvm.dll+0x181b41]


siginfo: EXCEPTION_ACCESS_VIOLATION (0xc0000005), reading address 0x00000000000000f0


Register to memory mapping:

RIP=0x00007ffa5fdc1b41 jvm.dll
RAX=0x0 is NULL
RBX=0x4402441221220122 is an unknown value
RCX=0x0000000800000000 is pointing into metadata
RDX=0x0000000085c46178 is pointing into object: java.lang.String 
{0x0000000085c46170} - klass: 'java/lang/String'
RSP=0x00000010d21ff3d8 points into unknown readable memory: 0x00007ffa5fee00b2 | b2 00 ee 5f fa 7f 00 00
RBP=0x000001fe2196edb0 points into unknown readable memory: 0x000001fe2197f820 | 20 f8 97 21 fe 01 00 00
RSI=0x0000800000000001 is an unknown value
RDI=0x0000000085c46178 is pointing into object: java.lang.String 
{0x0000000085c46170} - klass: 'java/lang/String'
R8 =0x0 is NULL
R9 =0x0000000800000000 is pointing into metadata
R10=0x0000000000000051 is an unknown value
R11=0x346dc5d63886594b is an unknown value
R12=0x0 is NULL
R13=0x0000000000000001 is an unknown value
R14=0x000001fe398c1180 points into unknown readable memory: 0x4402c41221220122 | 22 01 22 21 12 c4 02 44
R15=0x0 is NULL


Registers:
RAX=0x0000000000000000, RBX=0x4402441221220122, RCX=0x0000000800000000, RDX=0x0000000085c46178
RSP=0x00000010d21ff3d8, RBP=0x000001fe2196edb0, RSI=0x0000800000000001, RDI=0x0000000085c46178
R8 =0x0000000000000000, R9 =0x0000000800000000, R10=0x0000000000000051, R11=0x346dc5d63886594b
R12=0x0000000000000000, R13=0x0000000000000001, R14=0x000001fe398c1180, R15=0x0000000000000000
RIP=0x00007ffa5fdc1b41, EFLAGS=0x0000000000010246

Top of Stack: (sp=0x00000010d21ff3d8)
0x00000010d21ff3d8:   00007ffa5fee00b2 0000000000000002
0x00000010d21ff3e8:   00007ffa5fee0003 0000000000000000
0x00000010d21ff3f8:   00007ffa602aec00 000000008826bbc0
0x00000010d21ff408:   0000000085c46178 00000010d21ff600
0x00000010d21ff418:   00007ffa5fedfcff 000001fe21982280
0x00000010d21ff428:   00000008000c0578 00000008000c0580
0x00000010d21ff438:   0000000000000000 000000008826bbe4
0x00000010d21ff448:   00007ffa5fedde7d 000000008826bbcc
0x00000010d21ff458:   00000010d21ff600 000000008826bbc0
0x00000010d21ff468:   0000000800171b88 0000000000000040
0x00000010d21ff478:   0000000000000000 000000008826bbc0
0x00000010d21ff488:   00007ffa5feddba1 00000008000c02f0
0x00000010d21ff498:   0000000000000005 00000010d21ff600
0x00000010d21ff4a8:   000001fe21982280 000000008838d7c0
0x00000010d21ff4b8:   00007ffa5fef2836 000000008826bbc0
0x00000010d21ff4c8:   000001fe2196edc0 000001fe21982280 

Instructions: (pc=0x00007ffa5fdc1b41)
0x00007ffa5fdc1a41:   74 32 0f 10 83 70 03 00 00 48 8b 07 48 8d 54 24
0x00007ffa5fdc1a51:   20 48 8b cf 0f 29 44 24 20 ff 50 40 33 c0 48 89
0x00007ffa5fdc1a61:   44 24 20 48 89 44 24 28 0f 10 44 24 20 0f 11 83
0x00007ffa5fdc1a71:   70 03 00 00 48 8b 5c 24 40 48 83 c4 30 5f c3 48
0x00007ffa5fdc1a81:   8b 49 40 48 8b 01 48 ff 60 28 cc cc cc cc cc 80
0x00007ffa5fdc1a91:   3d 0a f5 8f 00 00 48 8b c1 74 1b 8b 51 08 8b 0d
0x00007ffa5fdc1aa1:   7b 7f 87 00 48 d3 e2 48 8b c8 48 03 15 66 7f 87
0x00007ffa5fdc1ab1:   00 e9 19 00 00 00 48 8b 51 08 48 8b c8 e9 0d 00
0x00007ffa5fdc1ac1:   00 00 cc cc cc cc cc cc cc cc cc cc cc cc cc 4c
0x00007ffa5fdc1ad1:   8b ca 48 8b d1 45 8b 41 08 45 85 c0 7e 0e 41 f6
0x00007ffa5fdc1ae1:   c0 01 75 56 41 c1 f8 03 41 8b c0 c3 79 4c 80 3d
0x00007ffa5fdc1af1:   ab f4 8f 00 00 b8 0c 00 00 00 b9 10 00 00 00 0f
0x00007ffa5fdc1b01:   45 c8 8b 05 eb 8e 87 00 ff c8 4c 63 c8 48 63 14
0x00007ffa5fdc1b11:   11 41 8b c8 83 e1 3f 48 d3 e2 41 8b c8 48 c1 f9
0x00007ffa5fdc1b21:   10 0f b6 c1 49 8d 0c 11 49 f7 d1 48 03 c1 49 c1
0x00007ffa5fdc1b31:   e9 03 48 c1 e8 03 41 23 c1 c3 49 8b 01 49 8b c9
0x00007ffa5fdc1b41:   48 ff a0 f0 00 00 00 cc cc cc cc cc cc cc cc 48
0x00007ffa5fdc1b51:   83 ec 38 0f 10 02 48 8b 49 40 48 8d 54 24 20 0f
0x00007ffa5fdc1b61:   29 44 24 20 e8 16 f3 ff ff 48 83 c4 38 c3 cc 48
0x00007ffa5fdc1b71:   83 ec 38 0f 10 02 48 8b 01 48 8d 54 24 20 0f 29
0x00007ffa5fdc1b81:   44 24 20 ff 50 38 48 83 c4 38 c3 cc cc cc cc 48
0x00007ffa5fdc1b91:   89 5c 24 08 55 56 57 41 54 41 55 41 56 41 57 48
0x00007ffa5fdc1ba1:   8d 6c 24 e0 48 81 ec 20 01 00 00 48 8b 05 25 c2
0x00007ffa5fdc1bb1:   8a 00 48 33 c4 48 89 45 10 48 8b 05 5f fe 8c 00
0x00007ffa5fdc1bc1:   45 33 ed 4c 8b b5 80 00 00 00 4c 8b fa 48 8b bd
0x00007ffa5fdc1bd1:   88 00 00 00 4d 8b c6 49 8b d6 49 8b f1 48 8b 48
0x00007ffa5fdc1be1:   40 48 8b 59 48 49 8b cf c7 45 c0 ff ff ff ff 44
0x00007ffa5fdc1bf1:   89 6d d4 4c 89 6d d8 44 88 6d e0 c7 45 e8 ff ff
0x00007ffa5fdc1c01:   ff ff 44 89 6d fc 4c 89 6d 00 44 88 6d 08 e8 ac
0x00007ffa5fdc1c11:   d2 f4 ff 41 b1 01 4c 8d 45 e8 41 8d 55 04 49 8b
0x00007ffa5fdc1c21:   cf e8 69 3e f3 ff 48 8b 05 12 60 75 00 4c 8d 25
0x00007ffa5fdc1c31:   f3 8d 65 00 48 89 44 24 30 4c 8d 44 24 70 0f b6 


Stack slot to memory mapping:
stack at sp + 0 slots: 0x00007ffa5fee00b2 jvm.dll
stack at sp + 1 slots: 0x0000000000000002 is an unknown value
stack at sp + 2 slots: 0x00007ffa5fee0003 jvm.dll
stack at sp + 3 slots: 0x0 is NULL
stack at sp + 4 slots: 0x00007ffa602aec00 jvm.dll
stack at sp + 5 slots: 0x000000008826bbc0 is an oop: java.lang.invoke.MethodType 
{0x000000008826bbc0} - klass: 'java/lang/invoke/MethodType'
stack at sp + 6 slots: 0x0000000085c46178 is pointing into object: java.lang.String 
{0x0000000085c46170} - klass: 'java/lang/String'
stack at sp + 7 slots: 0x00000010d21ff600 points into unknown readable memory: 0x00007ffa604c3b98 | 98 3b 4c 60 fa 7f 00 00


---------------  P R O C E S S  ---------------

Threads class SMR info:
_java_thread_list=0x000001fe46b78660, length=82, elements={
0x000001fe21930cb0, 0x000001fe3fc09ed0, 0x000001fe3fc0b240, 0x000001fe3fc242f0,
0x000001fe3fc26bc0, 0x000001fe3fc29d20, 0x000001fe3fc2f940, 0x000001fe3fc31180,
0x000001fe3fc32af0, 0x000001fe4065a970, 0x000001fe406a0b10, 0x000001fe41ff1890,
0x000001fe429100a0, 0x000001fe422d5ab0, 0x000001fe4224dee0, 0x000001fe42250090,
0x000001fe4224f6f0, 0x000001fe43939850, 0x000001fe4393b530, 0x000001fe43938eb0,
0x000001fe43938040, 0x000001fe4393d6e0, 0x000001fe4393dbb0, 0x000001fe4393eef0,
0x000001fe43939d20, 0x000001fe414dc030, 0x000001fe48eae4f0, 0x000001fe4fb94b20,
0x000001fe4fb98010, 0x000001fe4fb93310, 0x000001fe4fb92e40, 0x000001fe4fb937e0,
0x000001fe4fb91630, 0x000001fe4fb91b00, 0x000001fe4fb954c0, 0x000001fe4b369860,
0x000001fe4fb91fd0, 0x000001fe4fb93cb0, 0x000001fe4fb984e0, 0x000001fe4fb95e60,
0x000001fe4fb96cd0, 0x000001fe4fb94ff0, 0x000001fe4fb96330, 0x000001fe4fb96800,
0x000001fe4fb971a0, 0x000001fe4fb97670, 0x000001fe4fb97b40, 0x000001fe4fb989b0,
0x000001fe40e5c750, 0x000001fe40e5d0f0, 0x000001fe40e56be0, 0x000001fe40e58d90,
0x000001fe40e57f20, 0x000001fe40e5bdb0, 0x000001fe40e5a0d0, 0x000001fe40e588c0,
0x000001fe40e59730, 0x000001fe40e59260, 0x000001fe40e5af40, 0x000001fe40e5b410,
0x000001fe40e5a5a0, 0x000001fe40e5aa70, 0x000001fe40e5cc20, 0x000001fe40e5d5c0,
0x000001fe40e56710, 0x000001fe40e57580, 0x000001fe40e5da90, 0x000001fe40e5df60,
0x000001fe40e570b0, 0x000001fe414dc500, 0x000001fe414d64c0, 0x000001fe414d6e60,
0x000001fe414d7cd0, 0x000001fe414d4cb0, 0x000001fe414da820, 0x000001fe414d5650,
0x000001fe414db1c0, 0x000001fe414d81a0, 0x000001fe414d5b20, 0x000001fe414d5ff0,
0x000001fe414d7330, 0x000001fe414d9e80
}

Java Threads: ( => current thread )
  0x000001fe21930cb0 JavaThread "main" [_thread_blocked, id=14720, stack(0x00000010d1e00000,0x00000010d1f00000)]
  0x000001fe3fc09ed0 JavaThread "Reference Handler" daemon [_thread_blocked, id=2660, stack(0x00000010d2500000,0x00000010d2600000)]
  0x000001fe3fc0b240 JavaThread "Finalizer" daemon [_thread_blocked, id=13328, stack(0x00000010d2600000,0x00000010d2700000)]
  0x000001fe3fc242f0 JavaThread "Signal Dispatcher" daemon [_thread_blocked, id=4188, stack(0x00000010d2700000,0x00000010d2800000)]
  0x000001fe3fc26bc0 JavaThread "Attach Listener" daemon [_thread_blocked, id=2008, stack(0x00000010d2800000,0x00000010d2900000)]
  0x000001fe3fc29d20 JavaThread "Service Thread" daemon [_thread_blocked, id=4264, stack(0x00000010d2900000,0x00000010d2a00000)]
  0x000001fe3fc2f940 JavaThread "C2 CompilerThread0" daemon [_thread_blocked, id=15080, stack(0x00000010d2a00000,0x00000010d2b00000)]
  0x000001fe3fc31180 JavaThread "C1 CompilerThread0" daemon [_thread_blocked, id=3232, stack(0x00000010d2b00000,0x00000010d2c00000)]
  0x000001fe3fc32af0 JavaThread "Sweeper thread" daemon [_thread_blocked, id=15048, stack(0x00000010d2c00000,0x00000010d2d00000)]
  0x000001fe4065a970 JavaThread "Common-Cleaner" daemon [_thread_blocked, id=10816, stack(0x00000010d2d00000,0x00000010d2e00000)]
  0x000001fe406a0b10 JavaThread "Notification Thread" daemon [_thread_blocked, id=5524, stack(0x00000010d2e00000,0x00000010d2f00000)]
  0x000001fe41ff1890 JavaThread "Daemon health stats" [_thread_blocked, id=4840, stack(0x00000010d3300000,0x00000010d3400000)]
  0x000001fe429100a0 JavaThread "Incoming local TCP Connector on port 52337" [_thread_in_native, id=8272, stack(0x00000010d3400000,0x00000010d3500000)]
  0x000001fe422d5ab0 JavaThread "Daemon periodic checks" [_thread_blocked, id=10148, stack(0x00000010d3500000,0x00000010d3600000)]
  0x000001fe4224dee0 JavaThread "Cache worker for journal cache (C:\Users\Suyatna\.gradle\caches\journal-1)" [_thread_blocked, id=15032, stack(0x00000010d3000000,0x00000010d3100000)]
  0x000001fe42250090 JavaThread "File lock request listener" [_thread_in_native, id=8584, stack(0x00000010d3d00000,0x00000010d3e00000)]
  0x000001fe4224f6f0 JavaThread "Cache worker for file hash cache (C:\Users\Suyatna\.gradle\caches\7.2\fileHashes)" [_thread_blocked, id=2928, stack(0x00000010d3e00000,0x00000010d3f00000)]
  0x000001fe43939850 JavaThread "File watcher server" daemon [_thread_in_native, id=12028, stack(0x00000010d4200000,0x00000010d4300000)]
  0x000001fe4393b530 JavaThread "File watcher consumer" daemon [_thread_blocked, id=12380, stack(0x00000010d4300000,0x00000010d4400000)]
  0x000001fe43938eb0 JavaThread "jar transforms" [_thread_blocked, id=2852, stack(0x00000010d4400000,0x00000010d4500000)]
  0x000001fe43938040 JavaThread "jar transforms Thread 2" [_thread_blocked, id=9908, stack(0x00000010d4500000,0x00000010d4600000)]
  0x000001fe4393d6e0 JavaThread "jar transforms Thread 3" [_thread_blocked, id=15020, stack(0x00000010d4600000,0x00000010d4700000)]
  0x000001fe4393dbb0 JavaThread "jar transforms Thread 4" [_thread_blocked, id=8812, stack(0x00000010d4700000,0x00000010d4800000)]
  0x000001fe4393eef0 JavaThread "Cache worker for execution history cache (C:\Users\Suyatna\.gradle\caches\7.2\executionHistory)" [_thread_blocked, id=8612, stack(0x00000010d4c00000,0x00000010d4d00000)]
  0x000001fe43939d20 JavaThread "Cache worker for file content cache (C:\Users\Suyatna\.gradle\caches\7.2\fileContent)" [_thread_blocked, id=8344, stack(0x00000010d4d00000,0x00000010d4e00000)]
  0x000001fe414dc030 JavaThread "Memory manager" [_thread_blocked, id=13916, stack(0x00000010d1c00000,0x00000010d1d00000)]
  0x000001fe48eae4f0 JavaThread "pool-3-thread-1" [_thread_blocked, id=7540, stack(0x00000010d3b00000,0x00000010d3c00000)]
  0x000001fe4fb94b20 JavaThread "Daemon Thread 2" [_thread_blocked, id=4328, stack(0x00000010d1b00000,0x00000010d1c00000)]
  0x000001fe4fb98010 JavaThread "Handler for socket connection from /127.0.0.1:52337 to /127.0.0.1:52859" [_thread_in_native, id=7108, stack(0x00000010d1d00000,0x00000010d1e00000)]
  0x000001fe4fb93310 JavaThread "Cancel handler" [_thread_blocked, id=4296, stack(0x00000010d3600000,0x00000010d3700000)]
  0x000001fe4fb92e40 JavaThread "Daemon worker Thread 2" [_thread_blocked, id=9316, stack(0x00000010d3700000,0x00000010d3800000)]
  0x000001fe4fb937e0 JavaThread "Asynchronous log dispatcher for DefaultDaemonConnection: socket connection from /127.0.0.1:52337 to /127.0.0.1:52859" [_thread_blocked, id=6912, stack(0x00000010d3800000,0x00000010d3900000)]
  0x000001fe4fb91630 JavaThread "Stdin handler" [_thread_blocked, id=12748, stack(0x00000010d3900000,0x00000010d3a00000)]
  0x000001fe4fb91b00 JavaThread "Daemon client event forwarder" [_thread_blocked, id=10336, stack(0x00000010d3a00000,0x00000010d3b00000)]
  0x000001fe4fb954c0 JavaThread "Cache worker for file hash cache (E:\Projects_Android_Kotlin\PlaceBook\.gradle\7.2\fileHashes)" [_thread_blocked, id=9696, stack(0x00000010d3c00000,0x00000010d3d00000)]
  0x000001fe4b369860 JavaThread "C2 CompilerThread1" daemon [_thread_in_native, id=8068, stack(0x00000010d3f00000,0x00000010d4000000)]
  0x000001fe4fb91fd0 JavaThread "Cache worker for checksums cache (E:\Projects_Android_Kotlin\PlaceBook\.gradle\checksums)" [_thread_blocked, id=4464, stack(0x00000010d4100000,0x00000010d4200000)]
  0x000001fe4fb93cb0 JavaThread "Cache worker for cache directory md-supplier (C:\Users\Suyatna\.gradle\caches\7.2\md-supplier)" [_thread_blocked, id=7704, stack(0x00000010d4800000,0x00000010d4900000)]
  0x000001fe4fb984e0 JavaThread "Cache worker for cache directory md-rule (C:\Users\Suyatna\.gradle\caches\7.2\md-rule)" [_thread_blocked, id=14532, stack(0x00000010d4900000,0x00000010d4a00000)]
  0x000001fe4fb95e60 JavaThread "Cache worker for dependencies-accessors (E:\Projects_Android_Kotlin\PlaceBook\.gradle\7.2\dependencies-accessors)" [_thread_blocked, id=14596, stack(0x00000010d4b00000,0x00000010d4c00000)]
  0x000001fe4fb96cd0 JavaThread "Cache worker for Build Output Cleanup Cache (E:\Projects_Android_Kotlin\PlaceBook\.gradle\buildOutputCleanup)" [_thread_blocked, id=14924, stack(0x00000010d4f00000,0x00000010d5000000)]
  0x000001fe4fb94ff0 JavaThread "Unconstrained build operations" [_thread_blocked, id=6468, stack(0x00000010d5000000,0x00000010d5100000)]
  0x000001fe4fb96330 JavaThread "Unconstrained build operations Thread 2" [_thread_blocked, id=4888, stack(0x00000010d5100000,0x00000010d5200000)]
  0x000001fe4fb96800 JavaThread "Unconstrained build operations Thread 3" [_thread_blocked, id=10864, stack(0x00000010d5200000,0x00000010d5300000)]
  0x000001fe4fb971a0 JavaThread "Unconstrained build operations Thread 4" [_thread_blocked, id=5204, stack(0x00000010d5300000,0x00000010d5400000)]
  0x000001fe4fb97670 JavaThread "Unconstrained build operations Thread 5" [_thread_blocked, id=14684, stack(0x00000010d5400000,0x00000010d5500000)]
  0x000001fe4fb97b40 JavaThread "Unconstrained build operations Thread 6" [_thread_blocked, id=11156, stack(0x00000010d5500000,0x00000010d5600000)]
  0x000001fe4fb989b0 JavaThread "Unconstrained build operations Thread 7" [_thread_blocked, id=5812, stack(0x00000010d5600000,0x00000010d5700000)]
  0x000001fe40e5c750 JavaThread "Unconstrained build operations Thread 8" [_thread_blocked, id=7160, stack(0x00000010d5700000,0x00000010d5800000)]
  0x000001fe40e5d0f0 JavaThread "Unconstrained build operations Thread 9" [_thread_blocked, id=7312, stack(0x00000010d5800000,0x00000010d5900000)]
  0x000001fe40e56be0 JavaThread "Unconstrained build operations Thread 10" [_thread_blocked, id=12292, stack(0x00000010d5900000,0x00000010d5a00000)]
  0x000001fe40e58d90 JavaThread "Unconstrained build operations Thread 11" [_thread_blocked, id=11012, stack(0x00000010d5a00000,0x00000010d5b00000)]
  0x000001fe40e57f20 JavaThread "Unconstrained build operations Thread 12" [_thread_blocked, id=7096, stack(0x00000010d5b00000,0x00000010d5c00000)]
  0x000001fe40e5bdb0 JavaThread "Unconstrained build operations Thread 13" [_thread_blocked, id=13536, stack(0x00000010d5c00000,0x00000010d5d00000)]
  0x000001fe40e5a0d0 JavaThread "Unconstrained build operations Thread 14" [_thread_blocked, id=13832, stack(0x00000010d5d00000,0x00000010d5e00000)]
  0x000001fe40e588c0 JavaThread "Unconstrained build operations Thread 15" [_thread_blocked, id=10756, stack(0x00000010d5e00000,0x00000010d5f00000)]
  0x000001fe40e59730 JavaThread "Unconstrained build operations Thread 16" [_thread_blocked, id=8980, stack(0x00000010d5f00000,0x00000010d6000000)]
  0x000001fe40e59260 JavaThread "Unconstrained build operations Thread 17" [_thread_blocked, id=1824, stack(0x00000010d6000000,0x00000010d6100000)]
  0x000001fe40e5af40 JavaThread "Unconstrained build operations Thread 18" [_thread_blocked, id=6900, stack(0x00000010d6100000,0x00000010d6200000)]
  0x000001fe40e5b410 JavaThread "Unconstrained build operations Thread 19" [_thread_blocked, id=6044, stack(0x00000010d6200000,0x00000010d6300000)]
  0x000001fe40e5a5a0 JavaThread "Unconstrained build operations Thread 20" [_thread_blocked, id=12128, stack(0x00000010d6300000,0x00000010d6400000)]
  0x000001fe40e5aa70 JavaThread "Unconstrained build operations Thread 21" [_thread_blocked, id=6760, stack(0x00000010d6400000,0x00000010d6500000)]
  0x000001fe40e5cc20 JavaThread "Unconstrained build operations Thread 22" [_thread_blocked, id=8580, stack(0x00000010d6500000,0x00000010d6600000)]
  0x000001fe40e5d5c0 JavaThread "Unconstrained build operations Thread 23" [_thread_blocked, id=8616, stack(0x00000010d6600000,0x00000010d6700000)]
  0x000001fe40e56710 JavaThread "Unconstrained build operations Thread 24" [_thread_blocked, id=9244, stack(0x00000010d6700000,0x00000010d6800000)]
  0x000001fe40e57580 JavaThread "Unconstrained build operations Thread 25" [_thread_blocked, id=12704, stack(0x00000010d6800000,0x00000010d6900000)]
  0x000001fe40e5da90 JavaThread "Unconstrained build operations Thread 26" [_thread_blocked, id=9196, stack(0x00000010d6900000,0x00000010d6a00000)]
  0x000001fe40e5df60 JavaThread "Unconstrained build operations Thread 27" [_thread_blocked, id=3340, stack(0x00000010d6a00000,0x00000010d6b00000)]
  0x000001fe40e570b0 JavaThread "Unconstrained build operations Thread 28" [_thread_blocked, id=4856, stack(0x00000010d6b00000,0x00000010d6c00000)]
  0x000001fe414dc500 JavaThread "Unconstrained build operations Thread 29" [_thread_blocked, id=13544, stack(0x00000010d6c00000,0x00000010d6d00000)]
  0x000001fe414d64c0 JavaThread "Unconstrained build operations Thread 30" [_thread_blocked, id=5340, stack(0x00000010d6d00000,0x00000010d6e00000)]
  0x000001fe414d6e60 JavaThread "Unconstrained build operations Thread 31" [_thread_blocked, id=10392, stack(0x00000010d6e00000,0x00000010d6f00000)]
  0x000001fe414d7cd0 JavaThread "Unconstrained build operations Thread 32" [_thread_blocked, id=15056, stack(0x00000010d6f00000,0x00000010d7000000)]
  0x000001fe414d4cb0 JavaThread "Unconstrained build operations Thread 33" [_thread_blocked, id=5356, stack(0x00000010d7000000,0x00000010d7100000)]
  0x000001fe414da820 JavaThread "Unconstrained build operations Thread 34" [_thread_blocked, id=8576, stack(0x00000010d7100000,0x00000010d7200000)]
  0x000001fe414d5650 JavaThread "Unconstrained build operations Thread 35" [_thread_blocked, id=15072, stack(0x00000010d7200000,0x00000010d7300000)]
  0x000001fe414db1c0 JavaThread "Unconstrained build operations Thread 36" [_thread_blocked, id=13412, stack(0x00000010d7300000,0x00000010d7400000)]
  0x000001fe414d81a0 JavaThread "Unconstrained build operations Thread 37" [_thread_blocked, id=15024, stack(0x00000010d7400000,0x00000010d7500000)]
  0x000001fe414d5b20 JavaThread "Unconstrained build operations Thread 38" [_thread_blocked, id=1484, stack(0x00000010d7500000,0x00000010d7600000)]
  0x000001fe414d5ff0 JavaThread "Unconstrained build operations Thread 39" [_thread_blocked, id=3016, stack(0x00000010d7600000,0x00000010d7700000)]
  0x000001fe414d7330 JavaThread "Unconstrained build operations Thread 40" [_thread_blocked, id=6604, stack(0x00000010d7700000,0x00000010d7800000)]
  0x000001fe414d9e80 JavaThread "build event listener" [_thread_blocked, id=8708, stack(0x00000010d7800000,0x00000010d7900000)]

Other Threads:
  0x000001fe3fc07d50 VMThread "VM Thread" [stack: 0x00000010d2400000,0x00000010d2500000] [id=9904]
  0x000001fe406a6020 WatcherThread [stack: 0x00000010d2f00000,0x00000010d3000000] [id=14608]
  0x000001fe2196e550 GCTaskThread "GC Thread#0" [stack: 0x00000010d1f00000,0x00000010d2000000] [id=12492]
  0x000001fe40fae900 GCTaskThread "GC Thread#1" [stack: 0x00000010d3100000,0x00000010d3200000] [id=9864]
  0x000001fe40fb0c10 GCTaskThread "GC Thread#2" [stack: 0x00000010d3200000,0x00000010d3300000] [id=14976]
  0x000001fe40fb0f40 GCTaskThread "GC Thread#3" [stack: 0x00000010d4000000,0x00000010d4100000] [id=5696]
  0x000001fe2197f820 ConcurrentGCThread "G1 Main Marker" [stack: 0x00000010d2000000,0x00000010d2100000] [id=14052]
=>0x000001fe21981420 ConcurrentGCThread "G1 Conc#0" [stack: 0x00000010d2100000,0x00000010d2200000] [id=10156]
  0x000001fe219fb850 ConcurrentGCThread "G1 Refine#0" [stack: 0x00000010d2200000,0x00000010d2300000] [id=7072]
  0x000001fe414d4900 ConcurrentGCThread "G1 Refine#1" [stack: 0x00000010d4a00000,0x00000010d4b00000] [id=14524]
  0x000001fe435efb80 ConcurrentGCThread "G1 Refine#2" [stack: 0x00000010d4e00000,0x00000010d4f00000] [id=484]
  0x000001fe219fc450 ConcurrentGCThread "G1 Young RemSet Sampling" [stack: 0x00000010d2300000,0x00000010d2400000] [id=12140]

Threads with active compile tasks:
C2 CompilerThread1   834419 19298 %     4       org.objectweb.asm.ClassReader::readCode @ 2185 (5109 bytes)

VM state: not at safepoint (normal execution)

VM Mutex/Monitor currently owned by a thread: None

Heap address: 0x0000000080000000, size: 2048 MB, Compressed Oops mode: 32-bit
CDS archive(s) mapped at: [0x0000000800000000-0x0000000800b50000-0x0000000800b50000), size 11862016, SharedBaseAddress: 0x0000000800000000, ArchiveRelocationMode: 0.
Compressed class space mapped at: 0x0000000800b50000-0x0000000840b50000, size: 1073741824
Narrow klass base: 0x0000000800000000, Narrow klass shift: 3, Narrow klass range: 0x100000000

GC Precious Log:
 CPUs: 4 total, 4 available
 Memory: 8085M
 Large Page Support: Disabled
 NUMA Support: Disabled
 Compressed Oops: Enabled (32-bit)
 Heap Region Size: 1M
 Heap Min Capacity: 8M
 Heap Initial Capacity: 128M
 Heap Max Capacity: 2G
 Pre-touch: Disabled
 Parallel Workers: 4
 Concurrent Workers: 1
 Concurrent Refinement Workers: 4
 Periodic GC: Disabled

Heap:
 garbage-first heap   total 316416K, used 168127K [0x0000000080000000, 0x0000000100000000)
  region size 1024K, 22 young (22528K), 10 survivors (10240K)
 Metaspace       used 118991K, capacity 120940K, committed 121168K, reserved 1155072K
  class space    used 14662K, capacity 15261K, committed 15360K, reserved 1048576K

Heap Regions: E=young(eden), S=young(survivor), O=old, HS=humongous(starts), HC=humongous(continues), CS=collection set, F=free, OA=open archive, CA=closed archive, TAMS=top-at-mark-start (previous, next)
|   0|0x0000000080000000, 0x0000000080100000, 0x0000000080100000|100%|HS|  |TAMS 0x0000000080100000, 0x0000000080100000| Complete 
|   1|0x0000000080100000, 0x0000000080200000, 0x0000000080200000|100%|HC|  |TAMS 0x0000000080200000, 0x0000000080200000| Complete 
|   2|0x0000000080200000, 0x0000000080300000, 0x0000000080300000|100%|HC|  |TAMS 0x0000000080300000, 0x0000000080300000| Complete 
|   3|0x0000000080300000, 0x0000000080400000, 0x0000000080400000|100%| O|  |TAMS 0x0000000080400000, 0x0000000080400000| Untracked 
|   4|0x0000000080400000, 0x0000000080500000, 0x0000000080500000|100%| O|  |TAMS 0x0000000080500000, 0x0000000080500000| Untracked 
|   5|0x0000000080500000, 0x0000000080600000, 0x0000000080600000|100%| O|  |TAMS 0x0000000080600000, 0x0000000080600000| Untracked 
|   6|0x0000000080600000, 0x0000000080700000, 0x0000000080700000|100%| O|  |TAMS 0x0000000080700000, 0x0000000080700000| Untracked 
|   7|0x0000000080700000, 0x0000000080800000, 0x0000000080800000|100%| O|  |TAMS 0x0000000080800000, 0x0000000080800000| Untracked 
|   8|0x0000000080800000, 0x0000000080900000, 0x0000000080900000|100%| O|  |TAMS 0x0000000080900000, 0x0000000080900000| Untracked 
|   9|0x0000000080900000, 0x0000000080a00000, 0x0000000080a00000|100%| O|  |TAMS 0x0000000080a00000, 0x0000000080a00000| Untracked 
|  10|0x0000000080a00000, 0x0000000080b00000, 0x0000000080b00000|100%|HS|  |TAMS 0x0000000080b00000, 0x0000000080b00000| Complete 
|  11|0x0000000080b00000, 0x0000000080c00000, 0x0000000080c00000|100%|HC|  |TAMS 0x0000000080c00000, 0x0000000080c00000| Complete 
|  12|0x0000000080c00000, 0x0000000080d00000, 0x0000000080d00000|100%|HS|  |TAMS 0x0000000080d00000, 0x0000000080d00000| Complete 
|  13|0x0000000080d00000, 0x0000000080e00000, 0x0000000080e00000|100%|HC|  |TAMS 0x0000000080e00000, 0x0000000080e00000| Complete 
|  14|0x0000000080e00000, 0x0000000080f00000, 0x0000000080f00000|100%|HC|  |TAMS 0x0000000080f00000, 0x0000000080f00000| Complete 
|  15|0x0000000080f00000, 0x0000000081000000, 0x0000000081000000|100%|HS|  |TAMS 0x0000000081000000, 0x0000000081000000| Complete 
|  16|0x0000000081000000, 0x0000000081100000, 0x0000000081100000|100%|HC|  |TAMS 0x0000000081100000, 0x0000000081100000| Complete 
|  17|0x0000000081100000, 0x0000000081200000, 0x0000000081200000|100%|HC|  |TAMS 0x0000000081200000, 0x0000000081200000| Complete 
|  18|0x0000000081200000, 0x0000000081300000, 0x0000000081300000|100%|HC|  |TAMS 0x0000000081300000, 0x0000000081300000| Complete 
|  19|0x0000000081300000, 0x0000000081400000, 0x0000000081400000|100%| O|  |TAMS 0x0000000081400000, 0x0000000081400000| Untracked 
|  20|0x0000000081400000, 0x0000000081500000, 0x0000000081500000|100%| O|  |TAMS 0x0000000081500000, 0x0000000081500000| Untracked 
|  21|0x0000000081500000, 0x0000000081600000, 0x0000000081600000|100%| O|  |TAMS 0x0000000081600000, 0x0000000081600000| Untracked 
|  22|0x0000000081600000, 0x0000000081700000, 0x0000000081700000|100%| O|  |TAMS 0x0000000081700000, 0x0000000081700000| Untracked 
|  23|0x0000000081700000, 0x0000000081800000, 0x0000000081800000|100%| O|  |TAMS 0x0000000081800000, 0x0000000081800000| Untracked 
|  24|0x0000000081800000, 0x0000000081900000, 0x0000000081900000|100%| O|  |TAMS 0x0000000081900000, 0x0000000081900000| Untracked 
|  25|0x0000000081900000, 0x0000000081a00000, 0x0000000081a00000|100%| O|  |TAMS 0x0000000081a00000, 0x0000000081a00000| Untracked 
|  26|0x0000000081a00000, 0x0000000081b00000, 0x0000000081b00000|100%| O|  |TAMS 0x0000000081b00000, 0x0000000081b00000| Untracked 
|  27|0x0000000081b00000, 0x0000000081b54600, 0x0000000081c00000| 32%| O|  |TAMS 0x0000000081b54600, 0x0000000081b54600| Untracked 
|  28|0x0000000081c00000, 0x0000000081d00000, 0x0000000081d00000|100%| O|  |TAMS 0x0000000081d00000, 0x0000000081d00000| Untracked 
|  29|0x0000000081d00000, 0x0000000081e00000, 0x0000000081e00000|100%| O|  |TAMS 0x0000000081e00000, 0x0000000081e00000| Untracked 
|  30|0x0000000081e00000, 0x0000000081f00000, 0x0000000081f00000|100%| O|  |TAMS 0x0000000081f00000, 0x0000000081f00000| Untracked 
|  31|0x0000000081f00000, 0x0000000082000000, 0x0000000082000000|100%| O|  |TAMS 0x0000000082000000, 0x0000000082000000| Untracked 
|  32|0x0000000082000000, 0x0000000082100000, 0x0000000082100000|100%| O|  |TAMS 0x0000000082100000, 0x0000000082100000| Untracked 
|  33|0x0000000082100000, 0x0000000082200000, 0x0000000082200000|100%| O|  |TAMS 0x0000000082200000, 0x0000000082200000| Untracked 
|  34|0x0000000082200000, 0x0000000082300000, 0x0000000082300000|100%| O|  |TAMS 0x0000000082300000, 0x0000000082300000| Untracked 
|  35|0x0000000082300000, 0x0000000082400000, 0x0000000082400000|100%| O|  |TAMS 0x0000000082400000, 0x0000000082400000| Untracked 
|  36|0x0000000082400000, 0x0000000082500000, 0x0000000082500000|100%| O|  |TAMS 0x0000000082500000, 0x0000000082500000| Untracked 
|  37|0x0000000082500000, 0x0000000082600000, 0x0000000082600000|100%|HS|  |TAMS 0x0000000082600000, 0x0000000082600000| Complete 
|  38|0x0000000082600000, 0x0000000082700000, 0x0000000082700000|100%|HC|  |TAMS 0x0000000082700000, 0x0000000082700000| Complete 
|  39|0x0000000082700000, 0x0000000082800000, 0x0000000082800000|100%|HC|  |TAMS 0x0000000082800000, 0x0000000082800000| Complete 
|  40|0x0000000082800000, 0x0000000082900000, 0x0000000082900000|100%| O|  |TAMS 0x0000000082900000, 0x0000000082900000| Untracked 
|  41|0x0000000082900000, 0x0000000082a00000, 0x0000000082a00000|100%| O|  |TAMS 0x0000000082a00000, 0x0000000082a00000| Untracked 
|  42|0x0000000082a00000, 0x0000000082b00000, 0x0000000082b00000|100%| O|  |TAMS 0x0000000082b00000, 0x0000000082b00000| Untracked 
|  43|0x0000000082b00000, 0x0000000082c00000, 0x0000000082c00000|100%| O|  |TAMS 0x0000000082c00000, 0x0000000082c00000| Untracked 
|  44|0x0000000082c00000, 0x0000000082d00000, 0x0000000082d00000|100%| O|  |TAMS 0x0000000082d00000, 0x0000000082d00000| Untracked 
|  45|0x0000000082d00000, 0x0000000082e00000, 0x0000000082e00000|100%| O|  |TAMS 0x0000000082e00000, 0x0000000082e00000| Untracked 
|  46|0x0000000082e00000, 0x0000000082f00000, 0x0000000082f00000|100%| O|  |TAMS 0x0000000082f00000, 0x0000000082f00000| Untracked 
|  47|0x0000000082f00000, 0x0000000083000000, 0x0000000083000000|100%| O|  |TAMS 0x0000000083000000, 0x0000000083000000| Untracked 
|  48|0x0000000083000000, 0x0000000083100000, 0x0000000083100000|100%| O|  |TAMS 0x0000000083100000, 0x0000000083100000| Untracked 
|  49|0x0000000083100000, 0x0000000083200000, 0x0000000083200000|100%| O|  |TAMS 0x0000000083200000, 0x0000000083200000| Untracked 
|  50|0x0000000083200000, 0x0000000083300000, 0x0000000083300000|100%| O|  |TAMS 0x0000000083300000, 0x0000000083300000| Untracked 
|  51|0x0000000083300000, 0x0000000083400000, 0x0000000083400000|100%| O|  |TAMS 0x0000000083400000, 0x0000000083400000| Untracked 
|  52|0x0000000083400000, 0x0000000083500000, 0x0000000083500000|100%| O|  |TAMS 0x0000000083500000, 0x0000000083500000| Untracked 
|  53|0x0000000083500000, 0x0000000083600000, 0x0000000083600000|100%| O|  |TAMS 0x0000000083600000, 0x0000000083600000| Untracked 
|  54|0x0000000083600000, 0x0000000083700000, 0x0000000083700000|100%| O|  |TAMS 0x0000000083700000, 0x0000000083700000| Untracked 
|  55|0x0000000083700000, 0x0000000083800000, 0x0000000083800000|100%| O|  |TAMS 0x0000000083800000, 0x0000000083800000| Untracked 
|  56|0x0000000083800000, 0x0000000083900000, 0x0000000083900000|100%|HS|  |TAMS 0x0000000083900000, 0x0000000083900000| Complete 
|  57|0x0000000083900000, 0x0000000083a00000, 0x0000000083a00000|100%|HC|  |TAMS 0x0000000083a00000, 0x0000000083a00000| Complete 
|  58|0x0000000083a00000, 0x0000000083b00000, 0x0000000083b00000|100%|HC|  |TAMS 0x0000000083b00000, 0x0000000083b00000| Complete 
|  59|0x0000000083b00000, 0x0000000083c00000, 0x0000000083c00000|100%|HC|  |TAMS 0x0000000083c00000, 0x0000000083c00000| Complete 
|  60|0x0000000083c00000, 0x0000000083d00000, 0x0000000083d00000|100%| O|  |TAMS 0x0000000083d00000, 0x0000000083d00000| Untracked 
|  61|0x0000000083d00000, 0x0000000083e00000, 0x0000000083e00000|100%| O|  |TAMS 0x0000000083e00000, 0x0000000083e00000| Untracked 
|  62|0x0000000083e00000, 0x0000000083f00000, 0x0000000083f00000|100%| O|  |TAMS 0x0000000083f00000, 0x0000000083f00000| Untracked 
|  63|0x0000000083f00000, 0x0000000084000000, 0x0000000084000000|100%| O|  |TAMS 0x0000000084000000, 0x0000000084000000| Untracked 
|  64|0x0000000084000000, 0x0000000084100000, 0x0000000084100000|100%| O|  |TAMS 0x0000000084100000, 0x0000000084100000| Untracked 
|  65|0x0000000084100000, 0x0000000084200000, 0x0000000084200000|100%| O|  |TAMS 0x0000000084200000, 0x0000000084200000| Untracked 
|  66|0x0000000084200000, 0x0000000084300000, 0x0000000084300000|100%| O|  |TAMS 0x0000000084300000, 0x0000000084300000| Untracked 
|  67|0x0000000084300000, 0x0000000084400000, 0x0000000084400000|100%| O|  |TAMS 0x0000000084400000, 0x0000000084400000| Untracked 
|  68|0x0000000084400000, 0x0000000084500000, 0x0000000084500000|100%| O|  |TAMS 0x0000000084500000, 0x0000000084500000| Untracked 
|  69|0x0000000084500000, 0x0000000084600000, 0x0000000084600000|100%| O|  |TAMS 0x0000000084600000, 0x0000000084600000| Untracked 
|  70|0x0000000084600000, 0x0000000084700000, 0x0000000084700000|100%| O|  |TAMS 0x0000000084700000, 0x0000000084700000| Untracked 
|  71|0x0000000084700000, 0x0000000084800000, 0x0000000084800000|100%| O|  |TAMS 0x0000000084800000, 0x0000000084800000| Untracked 
|  72|0x0000000084800000, 0x0000000084900000, 0x0000000084900000|100%| O|  |TAMS 0x0000000084900000, 0x0000000084900000| Untracked 
|  73|0x0000000084900000, 0x0000000084a00000, 0x0000000084a00000|100%| O|  |TAMS 0x0000000084a00000, 0x0000000084a00000| Untracked 
|  74|0x0000000084a00000, 0x0000000084b00000, 0x0000000084b00000|100%|HS|  |TAMS 0x0000000084b00000, 0x0000000084b00000| Complete 
|  75|0x0000000084b00000, 0x0000000084c00000, 0x0000000084c00000|100%|HS|  |TAMS 0x0000000084c00000, 0x0000000084c00000| Complete 
|  76|0x0000000084c00000, 0x0000000084d00000, 0x0000000084d00000|100%| O|  |TAMS 0x0000000084d00000, 0x0000000084d00000| Untracked 
|  77|0x0000000084d00000, 0x0000000084e00000, 0x0000000084e00000|100%|HS|  |TAMS 0x0000000084e00000, 0x0000000084e00000| Complete 
|  78|0x0000000084e00000, 0x0000000084f00000, 0x0000000084f00000|100%|HS|  |TAMS 0x0000000084f00000, 0x0000000084f00000| Complete 
|  79|0x0000000084f00000, 0x0000000085000000, 0x0000000085000000|100%|HS|  |TAMS 0x0000000085000000, 0x0000000085000000| Complete 
|  80|0x0000000085000000, 0x0000000085100000, 0x0000000085100000|100%|HC|  |TAMS 0x0000000085100000, 0x0000000085100000| Complete 
|  81|0x0000000085100000, 0x0000000085200000, 0x0000000085200000|100%|HC|  |TAMS 0x0000000085200000, 0x0000000085200000| Complete 
|  82|0x0000000085200000, 0x0000000085300000, 0x0000000085300000|100%|HS|  |TAMS 0x0000000085300000, 0x0000000085300000| Complete 
|  83|0x0000000085300000, 0x0000000085400000, 0x0000000085400000|100%|HC|  |TAMS 0x0000000085400000, 0x0000000085400000| Complete 
|  84|0x0000000085400000, 0x0000000085500000, 0x0000000085500000|100%| O|  |TAMS 0x0000000085500000, 0x0000000085500000| Untracked 
|  85|0x0000000085500000, 0x0000000085600000, 0x0000000085600000|100%| O|  |TAMS 0x0000000085600000, 0x0000000085600000| Untracked 
|  86|0x0000000085600000, 0x0000000085700000, 0x0000000085700000|100%| O|  |TAMS 0x0000000085700000, 0x0000000085700000| Untracked 
|  87|0x0000000085700000, 0x0000000085800000, 0x0000000085800000|100%| O|  |TAMS 0x0000000085800000, 0x0000000085800000| Untracked 
|  88|0x0000000085800000, 0x0000000085900000, 0x0000000085900000|100%| O|  |TAMS 0x0000000085900000, 0x0000000085900000| Untracked 
|  89|0x0000000085900000, 0x0000000085a00000, 0x0000000085a00000|100%| O|  |TAMS 0x0000000085a00000, 0x0000000085a00000| Untracked 
|  90|0x0000000085a00000, 0x0000000085b00000, 0x0000000085b00000|100%| O|  |TAMS 0x0000000085b00000, 0x0000000085b00000| Untracked 
|  91|0x0000000085b00000, 0x0000000085c00000, 0x0000000085c00000|100%| O|  |TAMS 0x0000000085c00000, 0x0000000085c00000| Untracked 
|  92|0x0000000085c00000, 0x0000000085d00000, 0x0000000085d00000|100%| O|  |TAMS 0x0000000085d00000, 0x0000000085d00000| Untracked 
|  93|0x0000000085d00000, 0x0000000085e00000, 0x0000000085e00000|100%| O|  |TAMS 0x0000000085e00000, 0x0000000085e00000| Untracked 
|  94|0x0000000085e00000, 0x0000000085f00000, 0x0000000085f00000|100%| O|  |TAMS 0x0000000085f00000, 0x0000000085f00000| Untracked 
|  95|0x0000000085f00000, 0x0000000086000000, 0x0000000086000000|100%| O|  |TAMS 0x0000000086000000, 0x0000000086000000| Untracked 
|  96|0x0000000086000000, 0x0000000086100000, 0x0000000086100000|100%| O|  |TAMS 0x0000000086100000, 0x0000000086100000| Untracked 
|  97|0x0000000086100000, 0x0000000086200000, 0x0000000086200000|100%| O|  |TAMS 0x0000000086200000, 0x0000000086200000| Untracked 
|  98|0x0000000086200000, 0x0000000086300000, 0x0000000086300000|100%| O|  |TAMS 0x0000000086300000, 0x0000000086300000| Untracked 
|  99|0x0000000086300000, 0x0000000086400000, 0x0000000086400000|100%| O|  |TAMS 0x0000000086400000, 0x0000000086400000| Untracked 
| 100|0x0000000086400000, 0x0000000086500000, 0x0000000086500000|100%| O|  |TAMS 0x0000000086500000, 0x0000000086500000| Untracked 
| 101|0x0000000086500000, 0x0000000086600000, 0x0000000086600000|100%| O|  |TAMS 0x0000000086600000, 0x0000000086600000| Untracked 
| 102|0x0000000086600000, 0x0000000086700000, 0x0000000086700000|100%| O|  |TAMS 0x0000000086700000, 0x0000000086700000| Untracked 
| 103|0x0000000086700000, 0x0000000086800000, 0x0000000086800000|100%| O|  |TAMS 0x0000000086800000, 0x0000000086800000| Untracked 
| 104|0x0000000086800000, 0x0000000086900000, 0x0000000086900000|100%| O|  |TAMS 0x0000000086900000, 0x0000000086900000| Untracked 
| 105|0x0000000086900000, 0x0000000086a00000, 0x0000000086a00000|100%|HS|  |TAMS 0x0000000086a00000, 0x0000000086a00000| Complete 
| 106|0x0000000086a00000, 0x0000000086b00000, 0x0000000086b00000|100%|HC|  |TAMS 0x0000000086b00000, 0x0000000086b00000| Complete 
| 107|0x0000000086b00000, 0x0000000086c00000, 0x0000000086c00000|100%|HS|  |TAMS 0x0000000086c00000, 0x0000000086c00000| Complete 
| 108|0x0000000086c00000, 0x0000000086d00000, 0x0000000086d00000|100%|HC|  |TAMS 0x0000000086d00000, 0x0000000086d00000| Complete 
| 109|0x0000000086d00000, 0x0000000086e00000, 0x0000000086e00000|100%|HC|  |TAMS 0x0000000086e00000, 0x0000000086e00000| Complete 
| 110|0x0000000086e00000, 0x0000000086f00000, 0x0000000086f00000|100%|HS|  |TAMS 0x0000000086f00000, 0x0000000086f00000| Complete 
| 111|0x0000000086f00000, 0x0000000087000000, 0x0000000087000000|100%|HC|  |TAMS 0x0000000087000000, 0x0000000087000000| Complete 
| 112|0x0000000087000000, 0x0000000087100000, 0x0000000087100000|100%|HC|  |TAMS 0x0000000087100000, 0x0000000087100000| Complete 
| 113|0x0000000087100000, 0x0000000087200000, 0x0000000087200000|100%|HC|  |TAMS 0x0000000087200000, 0x0000000087200000| Complete 
| 114|0x0000000087200000, 0x0000000087300000, 0x0000000087300000|100%| O|  |TAMS 0x0000000087300000, 0x0000000087300000| Untracked 
| 115|0x0000000087300000, 0x0000000087400000, 0x0000000087400000|100%| O|  |TAMS 0x0000000087400000, 0x0000000087400000| Untracked 
| 116|0x0000000087400000, 0x0000000087500000, 0x0000000087500000|100%| O|  |TAMS 0x0000000087500000, 0x0000000087500000| Untracked 
| 117|0x0000000087500000, 0x0000000087600000, 0x0000000087600000|100%| O|  |TAMS 0x0000000087600000, 0x0000000087600000| Untracked 
| 118|0x0000000087600000, 0x0000000087700000, 0x0000000087700000|100%| O|  |TAMS 0x0000000087700000, 0x0000000087700000| Untracked 
| 119|0x0000000087700000, 0x0000000087800000, 0x0000000087800000|100%| O|  |TAMS 0x0000000087800000, 0x0000000087800000| Untracked 
| 120|0x0000000087800000, 0x0000000087900000, 0x0000000087900000|100%| O|  |TAMS 0x0000000087900000, 0x0000000087900000| Untracked 
| 121|0x0000000087900000, 0x0000000087a00000, 0x0000000087a00000|100%| O|  |TAMS 0x0000000087a00000, 0x0000000087a00000| Untracked 
| 122|0x0000000087a00000, 0x0000000087b00000, 0x0000000087b00000|100%| O|  |TAMS 0x0000000087b00000, 0x0000000087b00000| Untracked 
| 123|0x0000000087b00000, 0x0000000087c00000, 0x0000000087c00000|100%| O|  |TAMS 0x0000000087c00000, 0x0000000087c00000| Untracked 
| 124|0x0000000087c00000, 0x0000000087d00000, 0x0000000087d00000|100%| O|  |TAMS 0x0000000087d00000, 0x0000000087d00000| Untracked 
| 125|0x0000000087d00000, 0x0000000087e00000, 0x0000000087e00000|100%| O|  |TAMS 0x0000000087e00000, 0x0000000087e00000| Untracked 
| 126|0x0000000087e00000, 0x0000000087f00000, 0x0000000087f00000|100%| O|  |TAMS 0x0000000087f00000, 0x0000000087f00000| Untracked 
| 127|0x0000000087f00000, 0x0000000088000000, 0x0000000088000000|100%| O|  |TAMS 0x0000000088000000, 0x0000000088000000| Untracked 
| 128|0x0000000088000000, 0x0000000088100000, 0x0000000088100000|100%| O|  |TAMS 0x0000000088100000, 0x0000000088100000| Untracked 
| 129|0x0000000088100000, 0x0000000088200000, 0x0000000088200000|100%| O|  |TAMS 0x0000000088200000, 0x0000000088200000| Untracked 
| 130|0x0000000088200000, 0x0000000088300000, 0x0000000088300000|100%| O|  |TAMS 0x0000000088300000, 0x0000000088300000| Untracked 
| 131|0x0000000088300000, 0x0000000088400000, 0x0000000088400000|100%| O|  |TAMS 0x0000000088400000, 0x0000000088400000| Untracked 
| 132|0x0000000088400000, 0x0000000088500000, 0x0000000088500000|100%| O|  |TAMS 0x0000000088500000, 0x0000000088500000| Untracked 
| 133|0x0000000088500000, 0x0000000088600000, 0x0000000088600000|100%| O|  |TAMS 0x0000000088600000, 0x0000000088600000| Untracked 
| 134|0x0000000088600000, 0x0000000088700000, 0x0000000088700000|100%| O|  |TAMS 0x0000000088700000, 0x0000000088700000| Untracked 
| 135|0x0000000088700000, 0x0000000088800000, 0x0000000088800000|100%| O|  |TAMS 0x0000000088800000, 0x0000000088800000| Untracked 
| 136|0x0000000088800000, 0x0000000088900000, 0x0000000088900000|100%| O|  |TAMS 0x0000000088900000, 0x0000000088900000| Untracked 
| 137|0x0000000088900000, 0x0000000088a00000, 0x0000000088a00000|100%| O|  |TAMS 0x0000000088900000, 0x0000000088900000| Untracked 
| 138|0x0000000088a00000, 0x0000000088b00000, 0x0000000088b00000|100%| O|  |TAMS 0x0000000088a00000, 0x0000000088a00000| Untracked 
| 139|0x0000000088b00000, 0x0000000088c00000, 0x0000000088c00000|100%| O|  |TAMS 0x0000000088c00000, 0x0000000088c00000| Untracked 
| 140|0x0000000088c00000, 0x0000000088d00000, 0x0000000088d00000|100%| O|  |TAMS 0x0000000088d00000, 0x0000000088d00000| Untracked 
| 141|0x0000000088d00000, 0x0000000088e00000, 0x0000000088e00000|100%| O|  |TAMS 0x0000000088e00000, 0x0000000088e00000| Untracked 
| 142|0x0000000088e00000, 0x0000000088f00000, 0x0000000088f00000|100%| O|  |TAMS 0x0000000088e17000, 0x0000000088e17000| Untracked 
| 143|0x0000000088f00000, 0x0000000088fdb600, 0x0000000089000000| 85%| O|  |TAMS 0x0000000088f00000, 0x0000000088f00000| Untracked 
| 144|0x0000000089000000, 0x0000000089000000, 0x0000000089100000|  0%| F|  |TAMS 0x0000000089000000, 0x0000000089000000| Untracked 
| 145|0x0000000089100000, 0x0000000089100000, 0x0000000089200000|  0%| F|  |TAMS 0x0000000089100000, 0x0000000089100000| Untracked 
| 146|0x0000000089200000, 0x0000000089200000, 0x0000000089300000|  0%| F|  |TAMS 0x0000000089200000, 0x0000000089200000| Untracked 
| 147|0x0000000089300000, 0x0000000089300000, 0x0000000089400000|  0%| F|  |TAMS 0x0000000089300000, 0x0000000089300000| Untracked 
| 148|0x0000000089400000, 0x0000000089400000, 0x0000000089500000|  0%| F|  |TAMS 0x0000000089400000, 0x0000000089400000| Untracked 
| 149|0x0000000089500000, 0x0000000089500000, 0x0000000089600000|  0%| F|  |TAMS 0x0000000089500000, 0x0000000089500000| Untracked 
| 150|0x0000000089600000, 0x0000000089600000, 0x0000000089700000|  0%| F|  |TAMS 0x0000000089600000, 0x0000000089600000| Untracked 
| 151|0x0000000089700000, 0x0000000089700000, 0x0000000089800000|  0%| F|  |TAMS 0x0000000089700000, 0x0000000089700000| Untracked 
| 152|0x0000000089800000, 0x0000000089800000, 0x0000000089900000|  0%| F|  |TAMS 0x0000000089800000, 0x0000000089800000| Untracked 
| 153|0x0000000089900000, 0x0000000089900000, 0x0000000089a00000|  0%| F|  |TAMS 0x0000000089900000, 0x0000000089900000| Untracked 
| 154|0x0000000089a00000, 0x0000000089a00000, 0x0000000089b00000|  0%| F|  |TAMS 0x0000000089a00000, 0x0000000089a00000| Untracked 
| 155|0x0000000089b00000, 0x0000000089b00000, 0x0000000089c00000|  0%| F|  |TAMS 0x0000000089b00000, 0x0000000089b00000| Untracked 
| 156|0x0000000089c00000, 0x0000000089c00000, 0x0000000089d00000|  0%| F|  |TAMS 0x0000000089c00000, 0x0000000089c00000| Untracked 
| 157|0x0000000089d00000, 0x0000000089d00000, 0x0000000089e00000|  0%| F|  |TAMS 0x0000000089d00000, 0x0000000089d00000| Untracked 
| 158|0x0000000089e00000, 0x0000000089e00000, 0x0000000089f00000|  0%| F|  |TAMS 0x0000000089e00000, 0x0000000089e00000| Untracked 
| 159|0x0000000089f00000, 0x0000000089f00000, 0x000000008a000000|  0%| F|  |TAMS 0x0000000089f00000, 0x0000000089f00000| Untracked 
| 160|0x000000008a000000, 0x000000008a000000, 0x000000008a100000|  0%| F|  |TAMS 0x000000008a000000, 0x000000008a000000| Untracked 
| 161|0x000000008a100000, 0x000000008a100000, 0x000000008a200000|  0%| F|  |TAMS 0x000000008a100000, 0x000000008a100000| Untracked 
| 162|0x000000008a200000, 0x000000008a200000, 0x000000008a300000|  0%| F|  |TAMS 0x000000008a200000, 0x000000008a200000| Untracked 
| 163|0x000000008a300000, 0x000000008a300000, 0x000000008a400000|  0%| F|  |TAMS 0x000000008a300000, 0x000000008a300000| Untracked 
| 164|0x000000008a400000, 0x000000008a400000, 0x000000008a500000|  0%| F|  |TAMS 0x000000008a400000, 0x000000008a400000| Untracked 
| 165|0x000000008a500000, 0x000000008a500000, 0x000000008a600000|  0%| F|  |TAMS 0x000000008a500000, 0x000000008a500000| Untracked 
| 166|0x000000008a600000, 0x000000008a600000, 0x000000008a700000|  0%| F|  |TAMS 0x000000008a600000, 0x000000008a600000| Untracked 
| 167|0x000000008a700000, 0x000000008a700000, 0x000000008a800000|  0%| F|  |TAMS 0x000000008a700000, 0x000000008a700000| Untracked 
| 168|0x000000008a800000, 0x000000008a800000, 0x000000008a900000|  0%| F|  |TAMS 0x000000008a800000, 0x000000008a800000| Untracked 
| 169|0x000000008a900000, 0x000000008a900000, 0x000000008aa00000|  0%| F|  |TAMS 0x000000008a900000, 0x000000008a900000| Untracked 
| 170|0x000000008aa00000, 0x000000008aa00000, 0x000000008ab00000|  0%| F|  |TAMS 0x000000008aa00000, 0x000000008aa00000| Untracked 
| 171|0x000000008ab00000, 0x000000008ab00000, 0x000000008ac00000|  0%| F|  |TAMS 0x000000008ab00000, 0x000000008ab00000| Untracked 
| 172|0x000000008ac00000, 0x000000008ac00000, 0x000000008ad00000|  0%| F|  |TAMS 0x000000008ac00000, 0x000000008ac00000| Untracked 
| 173|0x000000008ad00000, 0x000000008ad00000, 0x000000008ae00000|  0%| F|  |TAMS 0x000000008ad00000, 0x000000008ad00000| Untracked 
| 174|0x000000008ae00000, 0x000000008ae00000, 0x000000008af00000|  0%| F|  |TAMS 0x000000008ae00000, 0x000000008ae00000| Untracked 
| 175|0x000000008af00000, 0x000000008af00000, 0x000000008b000000|  0%| F|  |TAMS 0x000000008af00000, 0x000000008af00000| Untracked 
| 176|0x000000008b000000, 0x000000008b000000, 0x000000008b100000|  0%| F|  |TAMS 0x000000008b000000, 0x000000008b000000| Untracked 
| 177|0x000000008b100000, 0x000000008b100000, 0x000000008b200000|  0%| F|  |TAMS 0x000000008b100000, 0x000000008b100000| Untracked 
| 178|0x000000008b200000, 0x000000008b200000, 0x000000008b300000|  0%| F|  |TAMS 0x000000008b200000, 0x000000008b200000| Untracked 
| 179|0x000000008b300000, 0x000000008b300000, 0x000000008b400000|  0%| F|  |TAMS 0x000000008b300000, 0x000000008b300000| Untracked 
| 180|0x000000008b400000, 0x000000008b400000, 0x000000008b500000|  0%| F|  |TAMS 0x000000008b400000, 0x000000008b400000| Untracked 
| 181|0x000000008b500000, 0x000000008b500000, 0x000000008b600000|  0%| F|  |TAMS 0x000000008b500000, 0x000000008b500000| Untracked 
| 182|0x000000008b600000, 0x000000008b600000, 0x000000008b700000|  0%| F|  |TAMS 0x000000008b600000, 0x000000008b600000| Untracked 
| 183|0x000000008b700000, 0x000000008b700000, 0x000000008b800000|  0%| F|  |TAMS 0x000000008b700000, 0x000000008b700000| Untracked 
| 184|0x000000008b800000, 0x000000008b800000, 0x000000008b900000|  0%| F|  |TAMS 0x000000008b800000, 0x000000008b800000| Untracked 
| 185|0x000000008b900000, 0x000000008b900000, 0x000000008ba00000|  0%| F|  |TAMS 0x000000008b900000, 0x000000008b900000| Untracked 
| 186|0x000000008ba00000, 0x000000008ba00000, 0x000000008bb00000|  0%| F|  |TAMS 0x000000008ba00000, 0x000000008ba00000| Untracked 
| 187|0x000000008bb00000, 0x000000008bb00000, 0x000000008bc00000|  0%| F|  |TAMS 0x000000008bb00000, 0x000000008bb00000| Untracked 
| 188|0x000000008bc00000, 0x000000008bc00000, 0x000000008bd00000|  0%| F|  |TAMS 0x000000008bc00000, 0x000000008bc00000| Untracked 
| 189|0x000000008bd00000, 0x000000008be00000, 0x000000008be00000|100%| S|CS|TAMS 0x000000008bd00000, 0x000000008bd00000| Complete 
| 190|0x000000008be00000, 0x000000008bf00000, 0x000000008bf00000|100%| S|CS|TAMS 0x000000008be00000, 0x000000008be00000| Complete 
| 191|0x000000008bf00000, 0x000000008c000000, 0x000000008c000000|100%| S|CS|TAMS 0x000000008bf00000, 0x000000008bf00000| Complete 
| 192|0x000000008c000000, 0x000000008c000000, 0x000000008c100000|  0%| F|  |TAMS 0x000000008c000000, 0x000000008c000000| Untracked 
| 193|0x000000008c100000, 0x000000008c100000, 0x000000008c200000|  0%| F|  |TAMS 0x000000008c100000, 0x000000008c100000| Untracked 
| 194|0x000000008c200000, 0x000000008c200000, 0x000000008c300000|  0%| F|  |TAMS 0x000000008c200000, 0x000000008c200000| Untracked 
| 195|0x000000008c300000, 0x000000008c300000, 0x000000008c400000|  0%| F|  |TAMS 0x000000008c300000, 0x000000008c300000| Untracked 
| 196|0x000000008c400000, 0x000000008c400000, 0x000000008c500000|  0%| F|  |TAMS 0x000000008c400000, 0x000000008c400000| Untracked 
| 197|0x000000008c500000, 0x000000008c500000, 0x000000008c600000|  0%| F|  |TAMS 0x000000008c500000, 0x000000008c500000| Untracked 
| 198|0x000000008c600000, 0x000000008c600000, 0x000000008c700000|  0%| F|  |TAMS 0x000000008c600000, 0x000000008c600000| Untracked 
| 199|0x000000008c700000, 0x000000008c700000, 0x000000008c800000|  0%| F|  |TAMS 0x000000008c700000, 0x000000008c700000| Untracked 
| 200|0x000000008c800000, 0x000000008c800000, 0x000000008c900000|  0%| F|  |TAMS 0x000000008c800000, 0x000000008c800000| Untracked 
| 201|0x000000008c900000, 0x000000008ca00000, 0x000000008ca00000|100%| S|CS|TAMS 0x000000008c900000, 0x000000008c900000| Complete 
| 202|0x000000008ca00000, 0x000000008cb00000, 0x000000008cb00000|100%| S|CS|TAMS 0x000000008ca00000, 0x000000008ca00000| Complete 
| 203|0x000000008cb00000, 0x000000008cc00000, 0x000000008cc00000|100%| S|CS|TAMS 0x000000008cb00000, 0x000000008cb00000| Complete 
| 204|0x000000008cc00000, 0x000000008cd00000, 0x000000008cd00000|100%| S|CS|TAMS 0x000000008cc00000, 0x000000008cc00000| Complete 
| 205|0x000000008cd00000, 0x000000008ce00000, 0x000000008ce00000|100%| S|CS|TAMS 0x000000008cd00000, 0x000000008cd00000| Complete 
| 206|0x000000008ce00000, 0x000000008ce00000, 0x000000008cf00000|  0%| F|  |TAMS 0x000000008ce00000, 0x000000008ce00000| Untracked 
| 207|0x000000008cf00000, 0x000000008d000000, 0x000000008d000000|100%| S|CS|TAMS 0x000000008cf00000, 0x000000008cf00000| Complete 
| 208|0x000000008d000000, 0x000000008d100000, 0x000000008d100000|100%| S|CS|TAMS 0x000000008d000000, 0x000000008d000000| Complete 
| 209|0x000000008d100000, 0x000000008d100000, 0x000000008d200000|  0%| F|  |TAMS 0x000000008d100000, 0x000000008d100000| Untracked 
| 210|0x000000008d200000, 0x000000008d200000, 0x000000008d300000|  0%| F|  |TAMS 0x000000008d200000, 0x000000008d200000| Untracked 
| 211|0x000000008d300000, 0x000000008d300000, 0x000000008d400000|  0%| F|  |TAMS 0x000000008d300000, 0x000000008d300000| Untracked 
| 212|0x000000008d400000, 0x000000008d400000, 0x000000008d500000|  0%| F|  |TAMS 0x000000008d400000, 0x000000008d400000| Untracked 
| 213|0x000000008d500000, 0x000000008d500000, 0x000000008d600000|  0%| F|  |TAMS 0x000000008d500000, 0x000000008d500000| Untracked 
| 214|0x000000008d600000, 0x000000008d600000, 0x000000008d700000|  0%| F|  |TAMS 0x000000008d600000, 0x000000008d600000| Untracked 
| 215|0x000000008d700000, 0x000000008d700000, 0x000000008d800000|  0%| F|  |TAMS 0x000000008d700000, 0x000000008d700000| Untracked 
| 216|0x000000008d800000, 0x000000008d800000, 0x000000008d900000|  0%| F|  |TAMS 0x000000008d800000, 0x000000008d800000| Untracked 
| 217|0x000000008d900000, 0x000000008d900000, 0x000000008da00000|  0%| F|  |TAMS 0x000000008d900000, 0x000000008d900000| Untracked 
| 218|0x000000008da00000, 0x000000008da00000, 0x000000008db00000|  0%| F|  |TAMS 0x000000008da00000, 0x000000008da00000| Untracked 
| 219|0x000000008db00000, 0x000000008db00000, 0x000000008dc00000|  0%| F|  |TAMS 0x000000008db00000, 0x000000008db00000| Untracked 
| 220|0x000000008dc00000, 0x000000008dc00000, 0x000000008dd00000|  0%| F|  |TAMS 0x000000008dc00000, 0x000000008dc00000| Untracked 
| 221|0x000000008dd00000, 0x000000008dd00000, 0x000000008de00000|  0%| F|  |TAMS 0x000000008dd00000, 0x000000008dd00000| Untracked 
| 222|0x000000008de00000, 0x000000008de00000, 0x000000008df00000|  0%| F|  |TAMS 0x000000008de00000, 0x000000008de00000| Untracked 
| 223|0x000000008df00000, 0x000000008df00000, 0x000000008e000000|  0%| F|  |TAMS 0x000000008df00000, 0x000000008df00000| Untracked 
| 224|0x000000008e000000, 0x000000008e000000, 0x000000008e100000|  0%| F|  |TAMS 0x000000008e000000, 0x000000008e000000| Untracked 
| 225|0x000000008e100000, 0x000000008e100000, 0x000000008e200000|  0%| F|  |TAMS 0x000000008e100000, 0x000000008e100000| Untracked 
| 226|0x000000008e200000, 0x000000008e200000, 0x000000008e300000|  0%| F|  |TAMS 0x000000008e200000, 0x000000008e200000| Untracked 
| 227|0x000000008e300000, 0x000000008e300000, 0x000000008e400000|  0%| F|  |TAMS 0x000000008e300000, 0x000000008e300000| Untracked 
| 228|0x000000008e400000, 0x000000008e400000, 0x000000008e500000|  0%| F|  |TAMS 0x000000008e400000, 0x000000008e400000| Untracked 
| 229|0x000000008e500000, 0x000000008e500000, 0x000000008e600000|  0%| F|  |TAMS 0x000000008e500000, 0x000000008e500000| Untracked 
| 230|0x000000008e600000, 0x000000008e600000, 0x000000008e700000|  0%| F|  |TAMS 0x000000008e600000, 0x000000008e600000| Untracked 
| 231|0x000000008e700000, 0x000000008e700000, 0x000000008e800000|  0%| F|  |TAMS 0x000000008e700000, 0x000000008e700000| Untracked 
| 232|0x000000008e800000, 0x000000008e800000, 0x000000008e900000|  0%| F|  |TAMS 0x000000008e800000, 0x000000008e800000| Untracked 
| 233|0x000000008e900000, 0x000000008e900000, 0x000000008ea00000|  0%| F|  |TAMS 0x000000008e900000, 0x000000008e900000| Untracked 
| 234|0x000000008ea00000, 0x000000008ea00000, 0x000000008eb00000|  0%| F|  |TAMS 0x000000008ea00000, 0x000000008ea00000| Untracked 
| 235|0x000000008eb00000, 0x000000008eb00000, 0x000000008ec00000|  0%| F|  |TAMS 0x000000008eb00000, 0x000000008eb00000| Untracked 
| 236|0x000000008ec00000, 0x000000008ec00000, 0x000000008ed00000|  0%| F|  |TAMS 0x000000008ec00000, 0x000000008ec00000| Untracked 
| 237|0x000000008ed00000, 0x000000008ed00000, 0x000000008ee00000|  0%| F|  |TAMS 0x000000008ed00000, 0x000000008ed00000| Untracked 
| 238|0x000000008ee00000, 0x000000008ee00000, 0x000000008ef00000|  0%| F|  |TAMS 0x000000008ee00000, 0x000000008ee00000| Untracked 
| 239|0x000000008ef00000, 0x000000008ef00000, 0x000000008f000000|  0%| F|  |TAMS 0x000000008ef00000, 0x000000008ef00000| Untracked 
| 240|0x000000008f000000, 0x000000008f000000, 0x000000008f100000|  0%| F|  |TAMS 0x000000008f000000, 0x000000008f000000| Untracked 
| 241|0x000000008f100000, 0x000000008f100000, 0x000000008f200000|  0%| F|  |TAMS 0x000000008f100000, 0x000000008f100000| Untracked 
| 242|0x000000008f200000, 0x000000008f200000, 0x000000008f300000|  0%| F|  |TAMS 0x000000008f200000, 0x000000008f200000| Untracked 
| 243|0x000000008f300000, 0x000000008f300000, 0x000000008f400000|  0%| F|  |TAMS 0x000000008f300000, 0x000000008f300000| Untracked 
| 244|0x000000008f400000, 0x000000008f400000, 0x000000008f500000|  0%| F|  |TAMS 0x000000008f400000, 0x000000008f400000| Untracked 
| 245|0x000000008f500000, 0x000000008f500000, 0x000000008f600000|  0%| F|  |TAMS 0x000000008f500000, 0x000000008f500000| Untracked 
| 246|0x000000008f600000, 0x000000008f600000, 0x000000008f700000|  0%| F|  |TAMS 0x000000008f600000, 0x000000008f600000| Untracked 
| 247|0x000000008f700000, 0x000000008f700000, 0x000000008f800000|  0%| F|  |TAMS 0x000000008f700000, 0x000000008f700000| Untracked 
| 248|0x000000008f800000, 0x000000008f800000, 0x000000008f900000|  0%| F|  |TAMS 0x000000008f800000, 0x000000008f800000| Untracked 
| 249|0x000000008f900000, 0x000000008f900000, 0x000000008fa00000|  0%| F|  |TAMS 0x000000008f900000, 0x000000008f900000| Untracked 
| 250|0x000000008fa00000, 0x000000008fa00000, 0x000000008fb00000|  0%| F|  |TAMS 0x000000008fa00000, 0x000000008fa00000| Untracked 
| 251|0x000000008fb00000, 0x000000008fb00000, 0x000000008fc00000|  0%| F|  |TAMS 0x000000008fb00000, 0x000000008fb00000| Untracked 
| 252|0x000000008fc00000, 0x000000008fc00000, 0x000000008fd00000|  0%| F|  |TAMS 0x000000008fc00000, 0x000000008fc00000| Untracked 
| 253|0x000000008fd00000, 0x000000008fd00000, 0x000000008fe00000|  0%| F|  |TAMS 0x000000008fd00000, 0x000000008fd00000| Untracked 
| 254|0x000000008fe00000, 0x000000008fe00000, 0x000000008ff00000|  0%| F|  |TAMS 0x000000008fe00000, 0x000000008fe00000| Untracked 
| 255|0x000000008ff00000, 0x000000008ff00000, 0x0000000090000000|  0%| F|  |TAMS 0x000000008ff00000, 0x000000008ff00000| Untracked 
| 256|0x0000000090000000, 0x0000000090000000, 0x0000000090100000|  0%| F|  |TAMS 0x0000000090000000, 0x0000000090000000| Untracked 
| 257|0x0000000090100000, 0x0000000090100000, 0x0000000090200000|  0%| F|  |TAMS 0x0000000090100000, 0x0000000090100000| Untracked 
| 258|0x0000000090200000, 0x0000000090200000, 0x0000000090300000|  0%| F|  |TAMS 0x0000000090200000, 0x0000000090200000| Untracked 
| 259|0x0000000090300000, 0x0000000090300000, 0x0000000090400000|  0%| F|  |TAMS 0x0000000090300000, 0x0000000090300000| Untracked 
| 260|0x0000000090400000, 0x0000000090400000, 0x0000000090500000|  0%| F|  |TAMS 0x0000000090400000, 0x0000000090400000| Untracked 
| 261|0x0000000090500000, 0x0000000090500000, 0x0000000090600000|  0%| F|  |TAMS 0x0000000090500000, 0x0000000090500000| Untracked 
| 262|0x0000000090600000, 0x0000000090600000, 0x0000000090700000|  0%| F|  |TAMS 0x0000000090600000, 0x0000000090600000| Untracked 
| 263|0x0000000090700000, 0x0000000090700000, 0x0000000090800000|  0%| F|  |TAMS 0x0000000090700000, 0x0000000090700000| Untracked 
| 264|0x0000000090800000, 0x0000000090800000, 0x0000000090900000|  0%| F|  |TAMS 0x0000000090800000, 0x0000000090800000| Untracked 
| 265|0x0000000090900000, 0x0000000090900000, 0x0000000090a00000|  0%| F|  |TAMS 0x0000000090900000, 0x0000000090900000| Untracked 
| 266|0x0000000090a00000, 0x0000000090a00000, 0x0000000090b00000|  0%| F|  |TAMS 0x0000000090a00000, 0x0000000090a00000| Untracked 
| 267|0x0000000090b00000, 0x0000000090b00000, 0x0000000090c00000|  0%| F|  |TAMS 0x0000000090b00000, 0x0000000090b00000| Untracked 
| 268|0x0000000090c00000, 0x0000000090c00000, 0x0000000090d00000|  0%| F|  |TAMS 0x0000000090c00000, 0x0000000090c00000| Untracked 
| 269|0x0000000090d00000, 0x0000000090d00000, 0x0000000090e00000|  0%| F|  |TAMS 0x0000000090d00000, 0x0000000090d00000| Untracked 
| 270|0x0000000090e00000, 0x0000000090e00000, 0x0000000090f00000|  0%| F|  |TAMS 0x0000000090e00000, 0x0000000090e00000| Untracked 
| 271|0x0000000090f00000, 0x0000000090f00000, 0x0000000091000000|  0%| F|  |TAMS 0x0000000090f00000, 0x0000000090f00000| Untracked 
| 272|0x0000000091000000, 0x0000000091000000, 0x0000000091100000|  0%| F|  |TAMS 0x0000000091000000, 0x0000000091000000| Untracked 
| 273|0x0000000091100000, 0x0000000091100000, 0x0000000091200000|  0%| F|  |TAMS 0x0000000091100000, 0x0000000091100000| Untracked 
| 274|0x0000000091200000, 0x0000000091200000, 0x0000000091300000|  0%| F|  |TAMS 0x0000000091200000, 0x0000000091200000| Untracked 
| 275|0x0000000091300000, 0x0000000091300000, 0x0000000091400000|  0%| F|  |TAMS 0x0000000091300000, 0x0000000091300000| Untracked 
| 276|0x0000000091400000, 0x0000000091400000, 0x0000000091500000|  0%| F|  |TAMS 0x0000000091400000, 0x0000000091400000| Untracked 
| 277|0x0000000091500000, 0x0000000091500000, 0x0000000091600000|  0%| F|  |TAMS 0x0000000091500000, 0x0000000091500000| Untracked 
| 278|0x0000000091600000, 0x0000000091600000, 0x0000000091700000|  0%| F|  |TAMS 0x0000000091600000, 0x0000000091600000| Untracked 
| 279|0x0000000091700000, 0x0000000091700000, 0x0000000091800000|  0%| F|  |TAMS 0x0000000091700000, 0x0000000091700000| Untracked 
| 280|0x0000000091800000, 0x0000000091800000, 0x0000000091900000|  0%| F|  |TAMS 0x0000000091800000, 0x0000000091800000| Untracked 
| 281|0x0000000091900000, 0x0000000091900000, 0x0000000091a00000|  0%| F|  |TAMS 0x0000000091900000, 0x0000000091900000| Untracked 
| 282|0x0000000091a00000, 0x0000000091a00000, 0x0000000091b00000|  0%| F|  |TAMS 0x0000000091a00000, 0x0000000091a00000| Untracked 
| 283|0x0000000091b00000, 0x0000000091b00000, 0x0000000091c00000|  0%| F|  |TAMS 0x0000000091b00000, 0x0000000091b00000| Untracked 
| 284|0x0000000091c00000, 0x0000000091c00000, 0x0000000091d00000|  0%| F|  |TAMS 0x0000000091c00000, 0x0000000091c00000| Untracked 
| 285|0x0000000091d00000, 0x0000000091d00000, 0x0000000091e00000|  0%| F|  |TAMS 0x0000000091d00000, 0x0000000091d00000| Untracked 
| 286|0x0000000091e00000, 0x0000000091e00000, 0x0000000091f00000|  0%| F|  |TAMS 0x0000000091e00000, 0x0000000091e00000| Untracked 
| 287|0x0000000091f00000, 0x0000000091f00000, 0x0000000092000000|  0%| F|  |TAMS 0x0000000091f00000, 0x0000000091f00000| Untracked 
| 288|0x0000000092000000, 0x0000000092000000, 0x0000000092100000|  0%| F|  |TAMS 0x0000000092000000, 0x0000000092000000| Untracked 
| 289|0x0000000092100000, 0x0000000092100000, 0x0000000092200000|  0%| F|  |TAMS 0x0000000092100000, 0x0000000092100000| Untracked 
| 290|0x0000000092200000, 0x0000000092200000, 0x0000000092300000|  0%| F|  |TAMS 0x0000000092200000, 0x0000000092200000| Untracked 
| 291|0x0000000092300000, 0x0000000092300000, 0x0000000092400000|  0%| F|  |TAMS 0x0000000092300000, 0x0000000092300000| Untracked 
| 292|0x0000000092400000, 0x0000000092400000, 0x0000000092500000|  0%| F|  |TAMS 0x0000000092400000, 0x0000000092400000| Untracked 
| 293|0x0000000092500000, 0x0000000092500000, 0x0000000092600000|  0%| F|  |TAMS 0x0000000092500000, 0x0000000092500000| Untracked 
| 294|0x0000000092600000, 0x0000000092600000, 0x0000000092700000|  0%| F|  |TAMS 0x0000000092600000, 0x0000000092600000| Untracked 
| 295|0x0000000092700000, 0x0000000092700000, 0x0000000092800000|  0%| F|  |TAMS 0x0000000092700000, 0x0000000092700000| Untracked 
| 296|0x0000000092800000, 0x0000000092800000, 0x0000000092900000|  0%| F|  |TAMS 0x0000000092800000, 0x0000000092800000| Untracked 
| 297|0x0000000092900000, 0x0000000092980800, 0x0000000092a00000| 50%| E|  |TAMS 0x0000000092900000, 0x0000000092900000| Complete 
| 298|0x0000000092a00000, 0x0000000092b00000, 0x0000000092b00000|100%| E|CS|TAMS 0x0000000092a00000, 0x0000000092a00000| Complete 
| 299|0x0000000092b00000, 0x0000000092c00000, 0x0000000092c00000|100%| E|CS|TAMS 0x0000000092b00000, 0x0000000092b00000| Complete 
| 300|0x0000000092c00000, 0x0000000092d00000, 0x0000000092d00000|100%| E|CS|TAMS 0x0000000092c00000, 0x0000000092c00000| Complete 
| 301|0x0000000092d00000, 0x0000000092e00000, 0x0000000092e00000|100%| E|CS|TAMS 0x0000000092d00000, 0x0000000092d00000| Complete 
| 302|0x0000000092e00000, 0x0000000092f00000, 0x0000000092f00000|100%| E|CS|TAMS 0x0000000092e00000, 0x0000000092e00000| Complete 
| 303|0x0000000092f00000, 0x0000000093000000, 0x0000000093000000|100%| E|CS|TAMS 0x0000000092f00000, 0x0000000092f00000| Complete 
| 304|0x0000000093000000, 0x0000000093100000, 0x0000000093100000|100%| E|CS|TAMS 0x0000000093000000, 0x0000000093000000| Complete 
| 305|0x0000000093100000, 0x0000000093200000, 0x0000000093200000|100%| E|CS|TAMS 0x0000000093100000, 0x0000000093100000| Complete 
| 306|0x0000000093200000, 0x0000000093300000, 0x0000000093300000|100%| E|CS|TAMS 0x0000000093200000, 0x0000000093200000| Complete 
| 307|0x0000000093300000, 0x0000000093400000, 0x0000000093400000|100%| E|CS|TAMS 0x0000000093300000, 0x0000000093300000| Complete 
| 308|0x0000000093400000, 0x0000000093500000, 0x0000000093500000|100%| E|CS|TAMS 0x0000000093400000, 0x0000000093400000| Complete 

Card table byte_map: [0x000001fe38f50000,0x000001fe39350000] _byte_map_base: 0x000001fe38b50000

Marking Bits (Prev, Next): (CMBitMap*) 0x000001fe2196ee00, (CMBitMap*) 0x000001fe2196edc0
 Prev Bits: [0x000001fe3b750000, 0x000001fe3d750000)
 Next Bits: [0x000001fe39750000, 0x000001fe3b750000)

Polling page: 0x000001fe1f790000

Metaspace:

Usage:
  Non-class:    103.20 MB capacity,   101.88 MB ( 99%) used,     1.14 MB (  1%) free+waste,   178.75 KB ( <1%) overhead. 
      Class:     14.90 MB capacity,    14.32 MB ( 96%) used,   528.25 KB (  3%) free+waste,    70.31 KB ( <1%) overhead. 
       Both:    118.11 MB capacity,   116.20 MB ( 98%) used,     1.66 MB (  1%) free+waste,   249.06 KB ( <1%) overhead. 

Virtual space:
  Non-class space:      104.00 MB reserved,     103.33 MB (>99%) committed 
      Class space:        1.00 GB reserved,      15.00 MB (  1%) committed 
             Both:        1.10 GB reserved,     118.33 MB ( 10%) committed 

Chunk freelists:
   Non-Class:  1.00 KB
       Class:  3.00 KB
        Both:  4.00 KB

MaxMetaspaceSize: 17179869184.00 GB
CompressedClassSpaceSize: 1.00 GB

CodeHeap 'non-profiled nmethods': size=120000Kb used=11421Kb max_used=11421Kb free=108579Kb
 bounds [0x000001fe31620000, 0x000001fe32150000, 0x000001fe38b50000]
CodeHeap 'profiled nmethods': size=120000Kb used=30786Kb max_used=30786Kb free=89213Kb
 bounds [0x000001fe2a0f0000, 0x000001fe2bf10000, 0x000001fe31620000]
CodeHeap 'non-nmethods': size=5760Kb used=2501Kb max_used=2611Kb free=3259Kb
 bounds [0x000001fe29b50000, 0x000001fe29df0000, 0x000001fe2a0f0000]
 total_blobs=16737 nmethods=15729 adapters=919
 compilation: enabled
              stopped_count=0, restarted_count=0
 full_count=0

Compilation events (20 events):
Event: 834.267 Thread 0x000001fe3fc31180 nmethod 19314 0x000001fe2beda490 code [0x000001fe2beda860, 0x000001fe2bedc6e8]
Event: 834.273 Thread 0x000001fe3fc31180 19315       3       org.codehaus.groovy.reflection.CachedClass::getNewMetaMethods (166 bytes)
Event: 834.275 Thread 0x000001fe3fc31180 nmethod 19315 0x000001fe2bedce90 code [0x000001fe2bedd1a0, 0x000001fe2bede6c8]
Event: 834.275 Thread 0x000001fe3fc31180 19316       3       org.codehaus.groovy.runtime.MetaClassHelper::getPrimitiveIndex (31 bytes)
Event: 834.276 Thread 0x000001fe3fc31180 nmethod 19316 0x000001fe2beded10 code [0x000001fe2bedeec0, 0x000001fe2bedf0d8]
Event: 834.277 Thread 0x000001fe3fc2f940 nmethod 19306% 0x000001fe3213f690 code [0x000001fe3213f880, 0x000001fe32140278]
Event: 834.277 Thread 0x000001fe3fc2f940 19299       4       java.util.regex.Pattern::sequence (704 bytes)
Event: 834.277 Thread 0x000001fe3fc31180 19317       3       org.codehaus.groovy.runtime.MetaClassHelper::convertToTypeArray (42 bytes)
Event: 834.278 Thread 0x000001fe3fc31180 nmethod 19317 0x000001fe2bedf210 code [0x000001fe2bedf400, 0x000001fe2bedfc68]
Event: 834.281 Thread 0x000001fe3fc31180 19318       3       org.codehaus.groovy.reflection.ParameterTypes::isValidMethod (77 bytes)
Event: 834.281 Thread 0x000001fe3fc31180 nmethod 19318 0x000001fe2bedfe90 code [0x000001fe2bee0080, 0x000001fe2bee0588]
Event: 834.281 Thread 0x000001fe3fc31180 19319       3       org.gradle.internal.metaobject.DynamicInvokeResult::found (19 bytes)
Event: 834.282 Thread 0x000001fe3fc31180 nmethod 19319 0x000001fe2bee0710 code [0x000001fe2bee08c0, 0x000001fe2bee0bd8]
Event: 834.289 Thread 0x000001fe3fc31180 19321   !   3       org.codehaus.groovy.runtime.metaclass.ClosureMetaClass::invokeMethod (872 bytes)
Event: 834.295 Thread 0x000001fe3fc31180 nmethod 19321 0x000001fe2bee0d10 code [0x000001fe2bee13c0, 0x000001fe2bee60d8]
Event: 834.295 Thread 0x000001fe3fc31180 19323       3       org.codehaus.groovy.runtime.metaclass.ClosureMetaClass::unwrap (36 bytes)
Event: 834.296 Thread 0x000001fe3fc31180 nmethod 19323 0x000001fe2bee7610 code [0x000001fe2bee77e0, 0x000001fe2bee7e68]
Event: 834.296 Thread 0x000001fe3fc31180 19322       3       org.codehaus.groovy.runtime.metaclass.ClosureMetaClass::makeArguments (10 bytes)
Event: 834.296 Thread 0x000001fe3fc31180 nmethod 19322 0x000001fe2bee8010 code [0x000001fe2bee81a0, 0x000001fe2bee82d8]
Event: 834.301 Thread 0x000001fe3fc31180 19325       3       org.gradle.internal.metaobject.DynamicInvokeResult::getValue (22 bytes)

GC Heap History (20 events):
Event: 110.736 GC heap before
{Heap before GC invocations=63 (full 0):
 garbage-first heap   total 227328K, used 189816K [0x0000000080000000, 0x0000000100000000)
  region size 1024K, 63 young (64512K), 6 survivors (6144K)
 Metaspace       used 101334K, capacity 102745K, committed 102864K, reserved 1138688K
  class space    used 12734K, capacity 13168K, committed 13184K, reserved 1048576K
}
Event: 110.753 GC heap after
{Heap after GC invocations=64 (full 0):
 garbage-first heap   total 227328K, used 137937K [0x0000000080000000, 0x0000000100000000)
  region size 1024K, 8 young (8192K), 8 survivors (8192K)
 Metaspace       used 101334K, capacity 102745K, committed 102864K, reserved 1138688K
  class space    used 12734K, capacity 13168K, committed 13184K, reserved 1048576K
}
Event: 113.087 GC heap before
{Heap before GC invocations=65 (full 0):
 garbage-first heap   total 244736K, used 189136K [0x0000000080000000, 0x0000000100000000)
  region size 1024K, 59 young (60416K), 8 survivors (8192K)
 Metaspace       used 101426K, capacity 102809K, committed 102864K, reserved 1138688K
  class space    used 12734K, capacity 13168K, committed 13184K, reserved 1048576K
}
Event: 113.103 GC heap after
{Heap after GC invocations=66 (full 0):
 garbage-first heap   total 244736K, used 140754K [0x0000000080000000, 0x0000000100000000)
  region size 1024K, 4 young (4096K), 4 survivors (4096K)
 Metaspace       used 101426K, capacity 102809K, committed 102864K, reserved 1138688K
  class space    used 12734K, capacity 13168K, committed 13184K, reserved 1048576K
}
Event: 115.100 GC heap before
{Heap before GC invocations=66 (full 0):
 garbage-first heap   total 244736K, used 203218K [0x0000000080000000, 0x0000000100000000)
  region size 1024K, 66 young (67584K), 4 survivors (4096K)
 Metaspace       used 103056K, capacity 104558K, committed 104656K, reserved 1140736K
  class space    used 12909K, capacity 13364K, committed 13440K, reserved 1048576K
}
Event: 115.112 GC heap after
{Heap after GC invocations=67 (full 0):
 garbage-first heap   total 244736K, used 143437K [0x0000000080000000, 0x0000000100000000)
  region size 1024K, 7 young (7168K), 7 survivors (7168K)
 Metaspace       used 103056K, capacity 104558K, committed 104656K, reserved 1140736K
  class space    used 12909K, capacity 13364K, committed 13440K, reserved 1048576K
}
Event: 115.810 GC heap before
{Heap before GC invocations=68 (full 0):
 garbage-first heap   total 252928K, used 157773K [0x0000000080000000, 0x0000000100000000)
  region size 1024K, 23 young (23552K), 7 survivors (7168K)
 Metaspace       used 103261K, capacity 104695K, committed 104912K, reserved 1140736K
  class space    used 12921K, capacity 13366K, committed 13440K, reserved 1048576K
}
Event: 115.820 GC heap after
{Heap after GC invocations=69 (full 0):
 garbage-first heap   total 252928K, used 144130K [0x0000000080000000, 0x0000000100000000)
  region size 1024K, 6 young (6144K), 6 survivors (6144K)
 Metaspace       used 103261K, capacity 104695K, committed 104912K, reserved 1140736K
  class space    used 12921K, capacity 13366K, committed 13440K, reserved 1048576K
}
Event: 116.621 GC heap before
{Heap before GC invocations=70 (full 0):
 garbage-first heap   total 271360K, used 212738K [0x0000000080000000, 0x0000000100000000)
  region size 1024K, 71 young (72704K), 6 survivors (6144K)
 Metaspace       used 103639K, capacity 105047K, committed 105168K, reserved 1140736K
  class space    used 12938K, capacity 13398K, committed 13440K, reserved 1048576K
}
Event: 116.630 GC heap after
{Heap after GC invocations=71 (full 0):
 garbage-first heap   total 271360K, used 149166K [0x0000000080000000, 0x0000000100000000)
  region size 1024K, 5 young (5120K), 5 survivors (5120K)
 Metaspace       used 103639K, capacity 105047K, committed 105168K, reserved 1140736K
  class space    used 12938K, capacity 13398K, committed 13440K, reserved 1048576K
}
Event: 117.154 GC heap before
{Heap before GC invocations=71 (full 0):
 garbage-first heap   total 271360K, used 220846K [0x0000000080000000, 0x0000000100000000)
  region size 1024K, 75 young (76800K), 5 survivors (5120K)
 Metaspace       used 103641K, capacity 105047K, committed 105168K, reserved 1140736K
  class space    used 12938K, capacity 13398K, committed 13440K, reserved 1048576K
}
Event: 117.159 GC heap after
{Heap after GC invocations=72 (full 0):
 garbage-first heap   total 271360K, used 149331K [0x0000000080000000, 0x0000000100000000)
  region size 1024K, 5 young (5120K), 5 survivors (5120K)
 Metaspace       used 103641K, capacity 105047K, committed 105168K, reserved 1140736K
  class space    used 12938K, capacity 13398K, committed 13440K, reserved 1048576K
}
Event: 117.769 GC heap before
{Heap before GC invocations=73 (full 0):
 garbage-first heap   total 316416K, used 223059K [0x0000000080000000, 0x0000000100000000)
  region size 1024K, 77 young (78848K), 5 survivors (5120K)
 Metaspace       used 103659K, capacity 105047K, committed 105168K, reserved 1140736K
  class space    used 12939K, capacity 13398K, committed 13440K, reserved 1048576K
}
Event: 117.777 GC heap after
{Heap after GC invocations=74 (full 0):
 garbage-first heap   total 316416K, used 149513K [0x0000000080000000, 0x0000000100000000)
  region size 1024K, 5 young (5120K), 5 survivors (5120K)
 Metaspace       used 103659K, capacity 105047K, committed 105168K, reserved 1140736K
  class space    used 12939K, capacity 13398K, committed 13440K, reserved 1048576K
}
Event: 119.471 GC heap before
{Heap before GC invocations=74 (full 0):
 garbage-first heap   total 316416K, used 248841K [0x0000000080000000, 0x0000000100000000)
  region size 1024K, 103 young (105472K), 5 survivors (5120K)
 Metaspace       used 108226K, capacity 109691K, committed 109904K, reserved 1144832K
  class space    used 13551K, capacity 14044K, committed 14080K, reserved 1048576K
}
Event: 119.480 GC heap after
{Heap after GC invocations=75 (full 0):
 garbage-first heap   total 316416K, used 147885K [0x0000000080000000, 0x0000000100000000)
  region size 1024K, 5 young (5120K), 5 survivors (5120K)
 Metaspace       used 108226K, capacity 109691K, committed 109904K, reserved 1144832K
  class space    used 13551K, capacity 14044K, committed 14080K, reserved 1048576K
}
Event: 123.102 GC heap before
{Heap before GC invocations=76 (full 0):
 garbage-first heap   total 316416K, used 251309K [0x0000000080000000, 0x0000000100000000)
  region size 1024K, 107 young (109568K), 5 survivors (5120K)
 Metaspace       used 117107K, capacity 118739K, committed 118864K, reserved 1153024K
  class space    used 14536K, capacity 15063K, committed 15104K, reserved 1048576K
}
Event: 123.120 GC heap after
{Heap after GC invocations=77 (full 0):
 garbage-first heap   total 316416K, used 153005K [0x0000000080000000, 0x0000000100000000)
  region size 1024K, 10 young (10240K), 10 survivors (10240K)
 Metaspace       used 117107K, capacity 118739K, committed 118864K, reserved 1153024K
  class space    used 14536K, capacity 15063K, committed 15104K, reserved 1048576K
}
Event: 834.002 GC heap before
{Heap before GC invocations=77 (full 0):
 garbage-first heap   total 316416K, used 254381K [0x0000000080000000, 0x0000000100000000)
  region size 1024K, 110 young (112640K), 10 survivors (10240K)
 Metaspace       used 118680K, capacity 120508K, committed 120784K, reserved 1155072K
  class space    used 14635K, capacity 15181K, committed 15232K, reserved 1048576K
}
Event: 834.024 GC heap after
{Heap after GC invocations=78 (full 0):
 garbage-first heap   total 316416K, used 156863K [0x0000000080000000, 0x0000000100000000)
  region size 1024K, 10 young (10240K), 10 survivors (10240K)
 Metaspace       used 118680K, capacity 120508K, committed 120784K, reserved 1155072K
  class space    used 14635K, capacity 15181K, committed 15232K, reserved 1048576K
}

Deoptimization events (20 events):
Event: 834.219 Thread 0x000001fe4393dbb0 Uncommon trap: trap_request=0xffffffbe fr.pc=0x000001fe31f4440c relative=0x000000000000094c
Event: 834.219 Thread 0x000001fe4393dbb0 Uncommon trap: reason=profile_predicate action=maybe_recompile pc=0x000001fe31f4440c method=java.util.regex.Pattern$BnM.optimize(Ljava/util/regex/Pattern$Node;)Ljava/util/regex/Pattern$Node; @ 67 c2
Event: 834.219 Thread 0x000001fe4393dbb0 DEOPT PACKING pc=0x000001fe31f4440c sp=0x00000010d47fe160
Event: 834.219 Thread 0x000001fe4393dbb0 DEOPT UNPACKING pc=0x000001fe29b9e42f sp=0x00000010d47fe0b0 mode 2
Event: 834.219 Thread 0x000001fe4393dbb0 Uncommon trap: trap_request=0xffffffbe fr.pc=0x000001fe31f4440c relative=0x000000000000094c
Event: 834.219 Thread 0x000001fe4393dbb0 Uncommon trap: reason=profile_predicate action=maybe_recompile pc=0x000001fe31f4440c method=java.util.regex.Pattern$BnM.optimize(Ljava/util/regex/Pattern$Node;)Ljava/util/regex/Pattern$Node; @ 67 c2
Event: 834.219 Thread 0x000001fe4393dbb0 DEOPT PACKING pc=0x000001fe31f4440c sp=0x00000010d47fe140
Event: 834.219 Thread 0x000001fe4393dbb0 DEOPT UNPACKING pc=0x000001fe29b9e42f sp=0x00000010d47fe090 mode 2
Event: 834.219 Thread 0x000001fe4393dbb0 Uncommon trap: trap_request=0xffffffbe fr.pc=0x000001fe31f4440c relative=0x000000000000094c
Event: 834.219 Thread 0x000001fe4393dbb0 Uncommon trap: reason=profile_predicate action=maybe_recompile pc=0x000001fe31f4440c method=java.util.regex.Pattern$BnM.optimize(Ljava/util/regex/Pattern$Node;)Ljava/util/regex/Pattern$Node; @ 67 c2
Event: 834.219 Thread 0x000001fe4393dbb0 DEOPT PACKING pc=0x000001fe31f4440c sp=0x00000010d47fe0a0
Event: 834.219 Thread 0x000001fe4393dbb0 DEOPT UNPACKING pc=0x000001fe29b9e42f sp=0x00000010d47fdff0 mode 2
Event: 834.219 Thread 0x000001fe4393dbb0 Uncommon trap: trap_request=0xffffffbe fr.pc=0x000001fe31f4440c relative=0x000000000000094c
Event: 834.219 Thread 0x000001fe4393dbb0 Uncommon trap: reason=profile_predicate action=maybe_recompile pc=0x000001fe31f4440c method=java.util.regex.Pattern$BnM.optimize(Ljava/util/regex/Pattern$Node;)Ljava/util/regex/Pattern$Node; @ 67 c2
Event: 834.219 Thread 0x000001fe4393dbb0 DEOPT PACKING pc=0x000001fe31f4440c sp=0x00000010d47fe180
Event: 834.219 Thread 0x000001fe4393dbb0 DEOPT UNPACKING pc=0x000001fe29b9e42f sp=0x00000010d47fe0d0 mode 2
Event: 834.247 Thread 0x000001fe4fb92e40 Uncommon trap: trap_request=0xfffffff4 fr.pc=0x000001fe31e54d4c relative=0x00000000000005ac
Event: 834.247 Thread 0x000001fe4fb92e40 Uncommon trap: reason=null_check action=make_not_entrant pc=0x000001fe31e54d4c method=java.lang.ThreadLocal$ThreadLocalMap.expungeStaleEntry(I)I @ 51 c2
Event: 834.247 Thread 0x000001fe4fb92e40 DEOPT PACKING pc=0x000001fe31e54d4c sp=0x00000010d37f9ea0
Event: 834.247 Thread 0x000001fe4fb92e40 DEOPT UNPACKING pc=0x000001fe29b9e42f sp=0x00000010d37f9e40 mode 2

Classes unloaded (20 events):
Event: 84.605 Thread 0x000001fe3fc07d50 Unloading class 0x0000000801018840 'JetGradlePlugin'
Event: 84.605 Thread 0x000001fe3fc07d50 Unloading class 0x000000080101a840 '_BuildScript_$_run_closure1$_closure2'
Event: 84.605 Thread 0x000001fe3fc07d50 Unloading class 0x000000080101b040 '_BuildScript_$_run_closure1'
Event: 84.605 Thread 0x000001fe3fc07d50 Unloading class 0x000000080101b840 '_BuildScript_'
Event: 84.605 Thread 0x000001fe3fc07d50 Unloading class 0x000000080101e040 '_BuildScript_$_run_closure1'
Event: 84.605 Thread 0x000001fe3fc07d50 Unloading class 0x000000080101e840 '_BuildScript_'
Event: 89.059 Thread 0x000001fe3fc07d50 Unloading class 0x00000008012c7040 '_BuildScript_$_run_closure1'
Event: 89.059 Thread 0x000001fe3fc07d50 Unloading class 0x00000008012c7840 '_BuildScript_'
Event: 105.953 Thread 0x000001fe3fc07d50 Unloading class 0x00000008014e13c8 '_BuildScript_$_run_closure2'
Event: 105.953 Thread 0x000001fe3fc07d50 Unloading class 0x00000008014e0fe0 '_BuildScript_$_run_closure1$_closure7'
Event: 105.953 Thread 0x000001fe3fc07d50 Unloading class 0x00000008014e0bf8 '_BuildScript_$_run_closure1$_closure6'
Event: 105.953 Thread 0x000001fe3fc07d50 Unloading class 0x00000008014e0810 '_BuildScript_$_run_closure1$_closure5'
Event: 105.953 Thread 0x000001fe3fc07d50 Unloading class 0x00000008014e0428 '_BuildScript_$_run_closure1$_closure4$_closure9'
Event: 105.953 Thread 0x000001fe3fc07d50 Unloading class 0x00000008014e0040 '_BuildScript_$_run_closure1$_closure4$_closure8'
Event: 105.953 Thread 0x000001fe3fc07d50 Unloading class 0x000000080143b840 '_BuildScript_$_run_closure1$_closure4'
Event: 105.953 Thread 0x000001fe3fc07d50 Unloading class 0x000000080143c040 '_BuildScript_$_run_closure1$_closure3'
Event: 105.953 Thread 0x000001fe3fc07d50 Unloading class 0x000000080143c840 '_BuildScript_$_run_closure1'
Event: 105.953 Thread 0x000001fe3fc07d50 Unloading class 0x000000080143d040 '_BuildScript_'
Event: 115.393 Thread 0x000001fe3fc07d50 Unloading class 0x00000008017fec40 'java/lang/invoke/LambdaForm$DMH+0x00000008017fec40'
Event: 115.393 Thread 0x000001fe3fc07d50 Unloading class 0x00000008017fe840 'java/lang/invoke/LambdaForm$DMH+0x00000008017fe840'

Classes redefined (0 events):
No events

Internal exceptions (20 events):
Event: 123.199 Thread 0x000001fe422d5ab0 Implicit null exception at 0x000001fe316610f4 to 0x000001fe316616a0
Event: 832.565 Thread 0x000001fe4fb92e40 Implicit null exception at 0x000001fe319321cf to 0x000001fe31932408
Event: 832.565 Thread 0x000001fe4fb92e40 Implicit null exception at 0x000001fe31c7ed84 to 0x000001fe31c81174
Event: 832.658 Thread 0x000001fe4fb92e40 Exception <a 'java/lang/ClassNotFoundException'{0x0000000091d22320}: sync_studio_tooling1_a2xkto27vpzxjewh176hxy3u9BeanInfo> (0x0000000091d22320) 
thrown [./open/src/hotspot/share/classfile/systemDictionary.cpp, line 295]
Event: 832.658 Thread 0x000001fe4fb92e40 Exception <a 'java/lang/ClassNotFoundException'{0x0000000091d28248}: sync_studio_tooling1_a2xkto27vpzxjewh176hxy3u9Customizer> (0x0000000091d28248) 
thrown [./open/src/hotspot/share/classfile/systemDictionary.cpp, line 295]
Event: 832.736 Thread 0x000001fe4fb92e40 Exception <a 'java/lang/ClassNotFoundException'{0x0000000091c49c70}: sync_studio_tooling1_a2xkto27vpzxjewh176hxy3u9BeanInfo> (0x0000000091c49c70) 
thrown [./open/src/hotspot/share/classfile/systemDictionary.cpp, line 295]
Event: 832.744 Thread 0x000001fe4fb92e40 Exception <a 'java/lang/ClassNotFoundException'{0x0000000091c4fda0}: sync_studio_tooling1_a2xkto27vpzxjewh176hxy3u9Customizer> (0x0000000091c4fda0) 
thrown [./open/src/hotspot/share/classfile/systemDictionary.cpp, line 295]
Event: 833.746 Thread 0x000001fe4fb92e40 Exception <a 'java/lang/ClassNotFoundException'{0x000000008eb0af30}: build_c4wyxevklrahvi4dm33e6oz9jBeanInfo> (0x000000008eb0af30) 
thrown [./open/src/hotspot/share/classfile/systemDictionary.cpp, line 295]
Event: 833.746 Thread 0x000001fe4fb92e40 Exception <a 'java/lang/ClassNotFoundException'{0x000000008eb10d28}: build_c4wyxevklrahvi4dm33e6oz9jCustomizer> (0x000000008eb10d28) 
thrown [./open/src/hotspot/share/classfile/systemDictionary.cpp, line 295]
Event: 833.783 Thread 0x000001fe4fb92e40 Exception <a 'sun/nio/fs/WindowsException'{0x000000008e9264d8}> (0x000000008e9264d8) 
thrown [./open/src/hotspot/share/prims/jni.cpp, line 578]
Event: 834.217 Thread 0x000001fe4393dbb0 Exception <a 'sun/nio/fs/WindowsException'{0x0000000092ebc250}> (0x0000000092ebc250) 
thrown [./open/src/hotspot/share/prims/jni.cpp, line 578]
Event: 834.243 Thread 0x000001fe4393dbb0 Exception <a 'sun/nio/fs/WindowsException'{0x0000000092ce03d0}> (0x0000000092ce03d0) 
thrown [./open/src/hotspot/share/prims/jni.cpp, line 578]
Event: 834.244 Thread 0x000001fe4393dbb0 Exception <a 'sun/nio/fs/WindowsException'{0x0000000092ce0540}> (0x0000000092ce0540) 
thrown [./open/src/hotspot/share/prims/jni.cpp, line 578]
Event: 834.247 Thread 0x000001fe4fb92e40 Implicit null exception at 0x000001fe31e54872 to 0x000001fe31e54d30
Event: 834.255 Thread 0x000001fe4fb92e40 Exception <a 'java/lang/ClassNotFoundException'{0x0000000092b3bf60}: build_c4wyxevklrahvi4dm33e6oz9jBeanInfo> (0x0000000092b3bf60) 
thrown [./open/src/hotspot/share/classfile/systemDictionary.cpp, line 295]
Event: 834.256 Thread 0x000001fe4fb92e40 Exception <a 'java/lang/ClassNotFoundException'{0x0000000092b422a8}: build_c4wyxevklrahvi4dm33e6oz9jCustomizer> (0x0000000092b422a8) 
thrown [./open/src/hotspot/share/classfile/systemDictionary.cpp, line 295]
Event: 834.284 Thread 0x000001fe4fb92e40 Exception <a 'java/lang/ClassNotFoundException'{0x0000000092bc95e0}: build_c4wyxevklrahvi4dm33e6oz9j$_run_closure1$_closure4BeanInfo> (0x0000000092bc95e0) 
thrown [./open/src/hotspot/share/classfile/systemDictionary.cpp, line 295]
Event: 834.285 Thread 0x000001fe4fb92e40 Exception <a 'java/lang/ClassNotFoundException'{0x0000000092bd0288}: build_c4wyxevklrahvi4dm33e6oz9j$_run_closure1$_closure4Customizer> (0x0000000092bd0288) 
thrown [./open/src/hotspot/share/classfile/systemDictionary.cpp, line 295]
Event: 834.287 Thread 0x000001fe4fb92e40 Exception <a 'java/lang/ClassNotFoundException'{0x0000000092bf1f88}: build_c4wyxevklrahvi4dm33e6oz9j$_run_closure1BeanInfo> (0x0000000092bf1f88) 
thrown [./open/src/hotspot/share/classfile/systemDictionary.cpp, line 295]
Event: 834.288 Thread 0x000001fe4fb92e40 Exception <a 'java/lang/ClassNotFoundException'{0x0000000092bf8b90}: build_c4wyxevklrahvi4dm33e6oz9j$_run_closure1Customizer> (0x0000000092bf8b90) 
thrown [./open/src/hotspot/share/classfile/systemDictionary.cpp, line 295]

Events (20 events):
Event: 833.278 Thread 0x000001fe414d64c0 Thread added: 0x000001fe414d64c0
Event: 833.278 Thread 0x000001fe414d6e60 Thread added: 0x000001fe414d6e60
Event: 833.278 Thread 0x000001fe414d7cd0 Thread added: 0x000001fe414d7cd0
Event: 833.278 Thread 0x000001fe414d4cb0 Thread added: 0x000001fe414d4cb0
Event: 833.279 Thread 0x000001fe414da820 Thread added: 0x000001fe414da820
Event: 833.279 Thread 0x000001fe414d5650 Thread added: 0x000001fe414d5650
Event: 833.279 Thread 0x000001fe414db1c0 Thread added: 0x000001fe414db1c0
Event: 833.279 Thread 0x000001fe414d81a0 Thread added: 0x000001fe414d81a0
Event: 833.279 Thread 0x000001fe414d5b20 Thread added: 0x000001fe414d5b20
Event: 833.280 Thread 0x000001fe414d5ff0 Thread added: 0x000001fe414d5ff0
Event: 833.280 Thread 0x000001fe414d7330 Thread added: 0x000001fe414d7330
Event: 833.720 Executing VM operation: ICBufferFull
Event: 833.720 Executing VM operation: ICBufferFull done
Event: 833.720 Executing VM operation: HandshakeAllThreads
Event: 833.720 Executing VM operation: HandshakeAllThreads done
Event: 833.797 Thread 0x000001fe414d9e80 Thread added: 0x000001fe414d9e80
Event: 833.831 Executing VM operation: ICBufferFull
Event: 833.831 Executing VM operation: ICBufferFull done
Event: 834.002 Executing VM operation: G1CollectForAllocation
Event: 834.025 Executing VM operation: G1CollectForAllocation done


Dynamic libraries:
0x00007ff793710000 - 0x00007ff79371d000 	C:\Program Files\Java\jdk-15\bin\java.exe
0x00007ffacf350000 - 0x00007ffacf545000 	C:\Windows\SYSTEM32\ntdll.dll
0x00007fface260000 - 0x00007fface31e000 	C:\Windows\System32\KERNEL32.DLL
0x00007ffaccc30000 - 0x00007ffaccef8000 	C:\Windows\System32\KERNELBASE.dll
0x00007ffaca2a0000 - 0x00007ffaca330000 	C:\Windows\SYSTEM32\apphelp.dll
0x00007ffaccae0000 - 0x00007ffaccbe0000 	C:\Windows\System32\ucrtbase.dll
0x00007ffa78750000 - 0x00007ffa78768000 	C:\Program Files\Java\jdk-15\bin\jli.dll
0x00007ffa79620000 - 0x00007ffa79639000 	C:\Program Files\Java\jdk-15\bin\VCRUNTIME140.dll
0x00007ffacedd0000 - 0x00007ffacef70000 	C:\Windows\System32\USER32.dll
0x00007ffacd270000 - 0x00007ffacd292000 	C:\Windows\System32\win32u.dll
0x00007ffababd0000 - 0x00007ffabae6a000 	C:\Windows\WinSxS\amd64_microsoft.windows.common-controls_6595b64144ccf1df_6.0.19041.1110_none_60b5254171f9507e\COMCTL32.dll
0x00007ffacd690000 - 0x00007ffacd6ba000 	C:\Windows\System32\GDI32.dll
0x00007ffacd000000 - 0x00007ffacd10b000 	C:\Windows\System32\gdi32full.dll
0x00007fface040000 - 0x00007fface0de000 	C:\Windows\System32\msvcrt.dll
0x00007ffacca40000 - 0x00007ffaccadd000 	C:\Windows\System32\msvcp_win.dll
0x00007ffaced40000 - 0x00007ffaced70000 	C:\Windows\System32\IMM32.DLL
0x00007ffac7730000 - 0x00007ffac773c000 	C:\Program Files\Java\jdk-15\bin\vcruntime140_1.dll
0x00007ffa616d0000 - 0x00007ffa61761000 	C:\Program Files\Java\jdk-15\bin\msvcp140.dll
0x00007ffa5fc40000 - 0x00007ffa6079c000 	C:\Program Files\Java\jdk-15\bin\server\jvm.dll
0x00007ffacd6d0000 - 0x00007ffacd77e000 	C:\Windows\System32\ADVAPI32.dll
0x00007ffacf240000 - 0x00007ffacf2dc000 	C:\Windows\System32\sechost.dll
0x00007ffacf030000 - 0x00007ffacf155000 	C:\Windows\System32\RPCRT4.dll
0x00007ffacd6c0000 - 0x00007ffacd6c8000 	C:\Windows\System32\PSAPI.DLL
0x00007ffac8860000 - 0x00007ffac8869000 	C:\Windows\SYSTEM32\WSOCK32.dll
0x00007ffab4fc0000 - 0x00007ffab4fe7000 	C:\Windows\SYSTEM32\WINMM.dll
0x00007ffacdfb0000 - 0x00007fface01b000 	C:\Windows\System32\WS2_32.dll
0x00007ffac5210000 - 0x00007ffac521a000 	C:\Windows\SYSTEM32\VERSION.dll
0x00007ffaca960000 - 0x00007ffaca972000 	C:\Windows\SYSTEM32\kernel.appcore.dll
0x00007ffab90a0000 - 0x00007ffab90aa000 	C:\Program Files\Java\jdk-15\bin\jimage.dll
0x00007ffab4560000 - 0x00007ffab4744000 	C:\Windows\SYSTEM32\DBGHELP.DLL
0x00007ffaacac0000 - 0x00007ffaacaec000 	C:\Windows\SYSTEM32\dbgcore.DLL
0x00007ffaccf00000 - 0x00007ffaccf82000 	C:\Windows\System32\bcryptPrimitives.dll
0x00007ffa66330000 - 0x00007ffa66355000 	C:\Program Files\Java\jdk-15\bin\java.dll
0x00007fface4d0000 - 0x00007ffacec14000 	C:\Windows\System32\SHELL32.dll
0x00007ffacab60000 - 0x00007ffacb2f4000 	C:\Windows\SYSTEM32\windows.storage.dll
0x00007ffacdbf0000 - 0x00007ffacdf44000 	C:\Windows\System32\combase.dll
0x00007ffacc4b0000 - 0x00007ffacc4dc000 	C:\Windows\SYSTEM32\Wldp.dll
0x00007ffacd430000 - 0x00007ffacd4dd000 	C:\Windows\System32\SHCORE.dll
0x00007ffacefd0000 - 0x00007ffacf025000 	C:\Windows\System32\shlwapi.dll
0x00007ffacc980000 - 0x00007ffacc99f000 	C:\Windows\SYSTEM32\profapi.dll
0x00007ffa78580000 - 0x00007ffa78599000 	C:\Program Files\Java\jdk-15\bin\net.dll
0x00007ffabaa50000 - 0x00007ffabab5a000 	C:\Windows\SYSTEM32\WINHTTP.dll
0x00007ffacc210000 - 0x00007ffacc27a000 	C:\Windows\system32\mswsock.dll
0x00007ffa78540000 - 0x00007ffa78552000 	C:\Program Files\Java\jdk-15\bin\nio.dll
0x00007ffa658f0000 - 0x00007ffa65908000 	C:\Program Files\Java\jdk-15\bin\zip.dll
0x00007ffab8ec0000 - 0x00007ffab8ed0000 	C:\Program Files\Java\jdk-15\bin\verify.dll
0x00007ffa66360000 - 0x00007ffa66387000 	C:\Users\Suyatna\.gradle\native\e1d6ef7f7dcc3fd88c89a11ec53ec762bb8ba0a96d01ffa2cd45eb1d1d8dd5c5\windows-amd64\native-platform.dll
0x00007ffa61410000 - 0x00007ffa61554000 	C:\Users\Suyatna\.gradle\native\5664cfc778a61ccfe75a443a1ab52a65af34e5dc3c78e0209fed803814484fcb\windows-amd64\native-platform-file-events.dll
0x00007ffab91e0000 - 0x00007ffab91e9000 	C:\Program Files\Java\jdk-15\bin\management.dll
0x00007ffab91d0000 - 0x00007ffab91db000 	C:\Program Files\Java\jdk-15\bin\management_ext.dll
0x00007ffacc400000 - 0x00007ffacc418000 	C:\Windows\SYSTEM32\CRYPTSP.dll
0x00007ffacbb20000 - 0x00007ffacbb54000 	C:\Windows\system32\rsaenh.dll
0x00007ffacd350000 - 0x00007ffacd377000 	C:\Windows\System32\bcrypt.dll
0x00007ffacc940000 - 0x00007ffacc96e000 	C:\Windows\SYSTEM32\USERENV.dll
0x00007ffacc420000 - 0x00007ffacc42c000 	C:\Windows\SYSTEM32\CRYPTBASE.dll
0x00007ffacbeb0000 - 0x00007ffacbeeb000 	C:\Windows\SYSTEM32\IPHLPAPI.DLL
0x00007fface0e0000 - 0x00007fface0e8000 	C:\Windows\System32\NSI.dll
0x00007ffabece0000 - 0x00007ffabecf7000 	C:\Windows\SYSTEM32\dhcpcsvc6.DLL
0x00007ffac3c30000 - 0x00007ffac3c4d000 	C:\Windows\SYSTEM32\dhcpcsvc.DLL
0x00007ffacbf00000 - 0x00007ffacbfcb000 	C:\Windows\SYSTEM32\DNSAPI.dll
0x00007ffac7740000 - 0x00007ffac774d000 	C:\Program Files\Java\jdk-15\bin\sunmscapi.dll
0x00007ffacd110000 - 0x00007ffacd266000 	C:\Windows\System32\CRYPT32.dll
0x00007ffacc520000 - 0x00007ffacc547000 	C:\Windows\SYSTEM32\ncrypt.dll
0x00007ffacc4e0000 - 0x00007ffacc51b000 	C:\Windows\SYSTEM32\NTASN1.dll
0x00007ffab8860000 - 0x00007ffab886a000 	C:\Windows\System32\rasadhlp.dll
0x00007ffab8e10000 - 0x00007ffab8e8f000 	C:\Windows\System32\fwpuclnt.dll

dbghelp: loaded successfully - version: 4.0.5 - missing functions: none
symbol engine: initialized successfully - sym options: 0x614 - pdb path: .;C:\Program Files\Java\jdk-15\bin;C:\Windows\SYSTEM32;C:\Windows\WinSxS\amd64_microsoft.windows.common-controls_6595b64144ccf1df_6.0.19041.1110_none_60b5254171f9507e;C:\Program Files\Java\jdk-15\bin\server;C:\Users\Suyatna\.gradle\native\e1d6ef7f7dcc3fd88c89a11ec53ec762bb8ba0a96d01ffa2cd45eb1d1d8dd5c5\windows-amd64;C:\Users\Suyatna\.gradle\native\5664cfc778a61ccfe75a443a1ab52a65af34e5dc3c78e0209fed803814484fcb\windows-amd64

VM Arguments:
jvm_args: --add-opens=java.base/java.util=ALL-UNNAMED --add-opens=java.base/java.lang=ALL-UNNAMED --add-opens=java.base/java.lang.invoke=ALL-UNNAMED --add-opens=java.base/java.util=ALL-UNNAMED --add-opens=java.prefs/java.util.prefs=ALL-UNNAMED --add-opens=java.prefs/java.util.prefs=ALL-UNNAMED --add-opens=java.base/java.nio.charset=ALL-UNNAMED --add-opens=java.base/java.net=ALL-UNNAMED --add-opens=java.base/java.util.concurrent.atomic=ALL-UNNAMED -Xmx2048m -Dfile.encoding=UTF-8 -Duser.country=US -Duser.language=en -Duser.variant 
java_command: org.gradle.launcher.daemon.bootstrap.GradleDaemon 7.2
java_class_path (initial): C:\Users\Suyatna\.gradle\wrapper\dists\gradle-7.2-bin\2dnblmf4td7x66yl1d74lt32g\gradle-7.2\lib\gradle-launcher-7.2.jar
Launcher Type: SUN_STANDARD

[Global flags]
     intx CICompilerCount                          = 3                                         {product} {ergonomic}
     uint ConcGCThreads                            = 1                                         {product} {ergonomic}
     uint G1ConcRefinementThreads                  = 4                                         {product} {ergonomic}
   size_t G1HeapRegionSize                         = 1048576                                   {product} {ergonomic}
    uintx GCDrainStackTargetSize                   = 64                                        {product} {ergonomic}
   size_t InitialHeapSize                          = 134217728                                 {product} {ergonomic}
   size_t MarkStackSize                            = 4194304                                   {product} {ergonomic}
   size_t MaxHeapSize                              = 2147483648                                {product} {command line}
   size_t MaxNewSize                               = 1287651328                                {product} {ergonomic}
   size_t MinHeapDeltaBytes                        = 1048576                                   {product} {ergonomic}
   size_t MinHeapSize                              = 8388608                                   {product} {ergonomic}
    uintx NonNMethodCodeHeapSize                   = 5832780                                {pd product} {ergonomic}
    uintx NonProfiledCodeHeapSize                  = 122912730                              {pd product} {ergonomic}
    uintx ProfiledCodeHeapSize                     = 122912730                              {pd product} {ergonomic}
    uintx ReservedCodeCacheSize                    = 251658240                              {pd product} {ergonomic}
     bool SegmentedCodeCache                       = true                                      {product} {ergonomic}
   size_t SoftMaxHeapSize                          = 2147483648                             {manageable} {ergonomic}
     bool UseCompressedClassPointers               = true                                 {lp64_product} {ergonomic}
     bool UseCompressedOops                        = true                                 {lp64_product} {ergonomic}
     bool UseG1GC                                  = true                                      {product} {ergonomic}
     bool UseLargePagesIndividualAllocation        = false                                  {pd product} {ergonomic}

Logging:
Log output configuration:
 #0: stdout all=warning uptime,level,tags
 #1: stderr all=off uptime,level,tags

Environment Variables:
JAVA_HOME=C:\Program Files\Java\jdk-15
PATH=C:\Program Files\Common Files\Oracle\Java\javapath;C:\Program Files (x86)\Common Files\Oracle\Java\javapath;C:\Program Files (x86)\Intel\iCLS Client\;C:\Program Files\Intel\iCLS Client\;C:\Windows\system32;C:\Windows;C:\Windows\System32\Wbem;C:\Windows\System32\WindowsPowerShell\v1.0\;C:\Windows\System32\OpenSSH\;C:\Program Files (x86)\Intel\Intel(R) Management Engine Components\DAL;C:\Program Files\Intel\Intel(R) Management Engine Components\DAL;C:\Program Files (x86)\Intel\Intel(R) Management Engine Components\IPT;C:\Program Files\Intel\Intel(R) Management Engine Components\IPT;C:\Program Files (x86)\NVIDIA Corporation\PhysX\Common;C:\Program Files\NVIDIA Corporation\NVIDIA NvDLISR;C:\Program Files\Java\jdk-15\bin;C:\Program Files\dotnet\;C:\ProgramData\chocolatey\bin;C:\ProgramData\chocolatey\lib\mpv.install\tools;C:\Program Files\Go\bin;C:\Program Files (x86)\Gpg4win\..\GnuPG\bin;C:\Gradle\gradle-7.4\bin;C:\Program Files\Git\cmd;C:\Users\Suyatna\AppData\Local\Programs\Python\Python310\Scripts\;C:\Users\Suyatna\AppData\Local\Programs\Python\Python310\;C:\Users\Suyatna\scoop\shims;C:\Users\Suyatna\AppData\Local\Microsoft\WindowsApps;C:\Users\Suyatna\AppData\Local\Programs\Microsoft VS Code\bin;C:\Users\Suyatna\.dotnet\tools;C:\Users\Suyatna\go\bin
USERNAME=Suyatna
OS=Windows_NT
PROCESSOR_IDENTIFIER=Intel64 Family 6 Model 78 Stepping 3, GenuineIntel



---------------  S Y S T E M  ---------------

OS:
 Windows 10 , 64 bit Build 19041 (10.0.19041.1645)
OS uptime: 0 days 1:35 hours

CPU: total 4 (initial active 4) (2 cores per cpu, 2 threads per core) family 6 model 78 stepping 3, cmov, cx8, fxsr, mmx, sse, sse2, sse3, ssse3, sse4.1, sse4.2, popcnt, vzeroupper, avx, avx2, aes, clmul, erms, 3dnowpref, lzcnt, ht, tsc, tscinvbit, bmi1, bmi2, adx, fma, clflush, clflushopt

Memory: 4k page, system-wide physical 8085M (811M free)
TotalPageFile size 13973M (AvailPageFile size 5399M)
current process WorkingSet (physical memory assigned to process): 647M, peak: 650M
current process commit charge ("private bytes"): 682M, peak: 687M

vm_info: OpenJDK 64-Bit Server VM (15+36-1562) for windows-amd64 JRE (15+36-1562), built on Aug 11 2020 22:33:04 by "mach5one" with unknown MS VC++:1925

END.
